[0.166s] Invoking command in '/home/dawid/ros2_unity_ws/build/controller': CMAKE_PREFIX_PATH=${CMAKE_PREFIX_PATH}:/home/dawid/ros2_unity_ws/install/ros_tcp_endpoint:/home/dawid/ros2_unity_ws/install/obstacle_avoidance:/home/dawid/ros2_unity_ws/install/keyboard_teleop:/home/dawid/ros2_unity_ws/install/description:/opt/ros/humble /bin/cmake --build /home/dawid/ros2_unity_ws/build/controller -- -j16 -l16
[7.528s] Invoked command in '/home/dawid/ros2_unity_ws/build/controller' returned '0': CMAKE_PREFIX_PATH=${CMAKE_PREFIX_PATH}:/home/dawid/ros2_unity_ws/install/ros_tcp_endpoint:/home/dawid/ros2_unity_ws/install/obstacle_avoidance:/home/dawid/ros2_unity_ws/install/keyboard_teleop:/home/dawid/ros2_unity_ws/install/description:/opt/ros/humble /bin/cmake --build /home/dawid/ros2_unity_ws/build/controller -- -j16 -l16
[7.573s] Invoking command in '/home/dawid/ros2_unity_ws/build/controller': CMAKE_PREFIX_PATH=${CMAKE_PREFIX_PATH}:/home/dawid/ros2_unity_ws/install/ros_tcp_endpoint:/home/dawid/ros2_unity_ws/install/obstacle_avoidance:/home/dawid/ros2_unity_ws/install/keyboard_teleop:/home/dawid/ros2_unity_ws/install/description:/opt/ros/humble /bin/cmake --install /home/dawid/ros2_unity_ws/build/controller
[7.607s] -- Install configuration: ""
[7.608s] -- Execute custom install script
[7.612s] -- Up-to-date symlink: /home/dawid/ros2_unity_ws/install/controller/share/controller/launch/controller.launch.py
[7.614s] -- Up-to-date symlink: /home/dawid/ros2_unity_ws/install/controller/share/controller/config/controllers.yaml
[7.615s] -- Up-to-date symlink: /home/dawid/ros2_unity_ws/install/controller/share/ament_index/resource_index/package_run_dependencies/controller
[7.615s] -- Up-to-date symlink: /home/dawid/ros2_unity_ws/install/controller/share/ament_index/resource_index/parent_prefix_path/controller
[7.615s] -- Up-to-date symlink: /home/dawid/ros2_unity_ws/install/controller/share/controller/environment/ament_prefix_path.sh
[7.617s] -- Up-to-date symlink: /home/dawid/ros2_unity_ws/install/controller/share/controller/environment/ament_prefix_path.dsv
[7.618s] -- Up-to-date symlink: /home/dawid/ros2_unity_ws/install/controller/share/controller/environment/path.sh
[7.619s] -- Up-to-date symlink: /home/dawid/ros2_unity_ws/install/controller/share/controller/environment/path.dsv
[7.621s] -- Up-to-date symlink: /home/dawid/ros2_unity_ws/install/controller/share/controller/local_setup.bash
[7.622s] -- Up-to-date symlink: /home/dawid/ros2_unity_ws/install/controller/share/controller/local_setup.sh
[7.622s] -- Up-to-date symlink: /home/dawid/ros2_unity_ws/install/controller/share/controller/local_setup.zsh
[7.623s] -- Up-to-date symlink: /home/dawid/ros2_unity_ws/install/controller/share/controller/local_setup.dsv
[7.623s] -- Symlinking: /home/dawid/ros2_unity_ws/install/controller/share/controller/package.dsv
[7.694s] -- Up-to-date symlink: /home/dawid/ros2_unity_ws/install/controller/share/ament_index/resource_index/packages/controller
[7.694s] -- Up-to-date symlink: /home/dawid/ros2_unity_ws/install/controller/share/controller/cmake/controllerConfig.cmake
[7.694s] -- Up-to-date symlink: /home/dawid/ros2_unity_ws/install/controller/share/controller/cmake/controllerConfig-version.cmake
[7.695s] -- Up-to-date symlink: /home/dawid/ros2_unity_ws/install/controller/share/controller/package.xml
[7.714s] Invoked command in '/home/dawid/ros2_unity_ws/build/controller' returned '0': CMAKE_PREFIX_PATH=${CMAKE_PREFIX_PATH}:/home/dawid/ros2_unity_ws/install/ros_tcp_endpoint:/home/dawid/ros2_unity_ws/install/obstacle_avoidance:/home/dawid/ros2_unity_ws/install/keyboard_teleop:/home/dawid/ros2_unity_ws/install/description:/opt/ros/humble /bin/cmake --install /home/dawid/ros2_unity_ws/build/controller
