[2.733s] Invoking command in '/home/dawid/ros2_unity_ws/src/description': PYTHONPATH=/home/dawid/ros2_unity_ws/build/description/prefix_override:/usr/lib/python3/dist-packages/colcon_core/task/python/colcon_distutils_commands:/home/dawid/ros2_unity_ws/install/description/lib/python3.10/site-packages:${PYTHONPATH} /usr/bin/python3 -W ignore:setup.py install is deprecated -W ignore:easy_install command is deprecated setup.py egg_info --egg-base ../../build/description build --build-base /home/dawid/ros2_unity_ws/build/description/build install --record /home/dawid/ros2_unity_ws/build/description/install.log --single-version-externally-managed install_data
[3.261s] running egg_info
[3.283s] writing ../../build/description/description.egg-info/PKG-INFO
[3.283s] writing dependency_links to ../../build/description/description.egg-info/dependency_links.txt
[3.283s] writing requirements to ../../build/description/description.egg-info/requires.txt
[3.283s] writing top-level names to ../../build/description/description.egg-info/top_level.txt
[3.378s] [2;36m[11/29/25 21:38:02][0m[2;36m [0m[1;31mERROR   [0m list ]8;id=302062;file:///home/dawid/.local/lib/python3.10/site-packages/setuptools_scm/_file_finders/git.py\[2mgit.py[0m]8;;\[2m:[0m]8;id=734292;file:///home/dawid/.local/lib/python3.10/site-packages/setuptools_scm/_file_finders/git.py#26\[2m26[0m]8;;\
[3.378s] [2;36m                    [0m         ing  [2m         [0m
[3.378s] [2;36m                    [0m         git  [2m         [0m
[3.378s] [2;36m                    [0m         file [2m         [0m
[3.379s] [2;36m                    [0m         s    [2m         [0m
[3.379s] [2;36m                    [0m         fail [2m         [0m
[3.379s] [2;36m                    [0m         ed - [2m         [0m
[3.379s] [2;36m                    [0m         pret [2m         [0m
[3.379s] [2;36m                    [0m         endi [2m         [0m
[3.379s] [2;36m                    [0m         ng   [2m         [0m
[3.379s] [2;36m                    [0m         ther [2m         [0m
[3.379s] [2;36m                    [0m         e    [2m         [0m
[3.379s] [2;36m                    [0m         aren [2m         [0m
[3.379s] [2;36m                    [0m         't   [2m         [0m
[3.380s] [2;36m                    [0m         any  [2m         [0m
[3.380s] reading manifest file '../../build/description/description.egg-info/SOURCES.txt'
[3.380s] writing manifest file '../../build/description/description.egg-info/SOURCES.txt'
[3.380s] running build
[3.380s] running build_py
[3.380s] running install
[3.385s] running install_lib
[3.409s] running install_data
[3.409s] running install_egg_info
[3.431s] removing '/home/dawid/ros2_unity_ws/install/description/lib/python3.10/site-packages/description-0.0.0-py3.10.egg-info' (and everything under it)
[3.431s] Copying ../../build/description/description.egg-info to /home/dawid/ros2_unity_ws/install/description/lib/python3.10/site-packages/description-0.0.0-py3.10.egg-info
[3.432s] running install_scripts
[3.537s] writing list of installed files to '/home/dawid/ros2_unity_ws/build/description/install.log'
[3.628s] Invoked command in '/home/dawid/ros2_unity_ws/src/description' returned '0': PYTHONPATH=/home/dawid/ros2_unity_ws/build/description/prefix_override:/usr/lib/python3/dist-packages/colcon_core/task/python/colcon_distutils_commands:/home/dawid/ros2_unity_ws/install/description/lib/python3.10/site-packages:${PYTHONPATH} /usr/bin/python3 -W ignore:setup.py install is deprecated -W ignore:easy_install command is deprecated setup.py egg_info --egg-base ../../build/description build --build-base /home/dawid/ros2_unity_ws/build/description/build install --record /home/dawid/ros2_unity_ws/build/description/install.log --single-version-externally-managed install_data
