running develop
running egg_info
creating keyboard_teleop.egg-info
writing keyboard_teleop.egg-info/PKG-INFO
writing dependency_links to keyboard_teleop.egg-info/dependency_links.txt
writing entry points to keyboard_teleop.egg-info/entry_points.txt
writing requirements to keyboard_teleop.egg-info/requires.txt
writing top-level names to keyboard_teleop.egg-info/top_level.txt
writing manifest file 'keyboard_teleop.egg-info/SOURCES.txt'
[2;36m[10/12/25 18:37:15][0m[2;36m [0m[1;31mERROR   [0m listing git files failed - pretending     ]8;id=334856;file:///home/dawid/.local/lib/python3.10/site-packages/setuptools_scm/_file_finders/git.py\[2mgit.py[0m]8;;\[2m:[0m]8;id=571604;file:///home/dawid/.local/lib/python3.10/site-packages/setuptools_scm/_file_finders/git.py#26\[2m26[0m]8;;\
[2;36m                    [0m         there aren't any                          [2m         [0m
reading manifest file 'keyboard_teleop.egg-info/SOURCES.txt'
writing manifest file 'keyboard_teleop.egg-info/SOURCES.txt'
running build_ext
Creating /home/dawid/ros2_unity_ws/install/keyboard_teleop/lib/python3.10/site-packages/keyboard-teleop.egg-link (link to .)
Installing keyboard_teleop script to /home/dawid/ros2_unity_ws/install/keyboard_teleop/lib/keyboard_teleop

Installed /home/dawid/ros2_unity_ws/build/keyboard_teleop
running symlink_data
creating /home/dawid/ros2_unity_ws/install/keyboard_teleop/share/ament_index
creating /home/dawid/ros2_unity_ws/install/keyboard_teleop/share/ament_index/resource_index
creating /home/dawid/ros2_unity_ws/install/keyboard_teleop/share/ament_index/resource_index/packages
symbolically linking /home/dawid/ros2_unity_ws/build/keyboard_teleop/resource/keyboard_teleop -> /home/dawid/ros2_unity_ws/install/keyboard_teleop/share/ament_index/resource_index/packages
symbolically linking /home/dawid/ros2_unity_ws/build/keyboard_teleop/package.xml -> /home/dawid/ros2_unity_ws/install/keyboard_teleop/share/keyboard_teleop
