[2.017s] Invoking command in '/home/dawid/ros2_unity_ws/build/keyboard_teleop': PYTHONPATH=/home/dawid/ros2_unity_ws/build/keyboard_teleop/prefix_override:/usr/lib/python3/dist-packages/colcon_core/task/python/colcon_distutils_commands:/home/dawid/ros2_unity_ws/install/keyboard_teleop/lib/python3.10/site-packages:${PYTHONPATH} /usr/bin/python3 -W ignore:setup.py install is deprecated -W ignore:easy_install command is deprecated setup.py develop --editable --build-directory /home/dawid/ros2_unity_ws/build/keyboard_teleop/build --no-deps symlink_data
[2.456s] running develop
[2.780s] running egg_info
[2.780s] creating keyboard_teleop.egg-info
[2.800s] writing keyboard_teleop.egg-info/PKG-INFO
[2.800s] writing dependency_links to keyboard_teleop.egg-info/dependency_links.txt
[2.801s] writing entry points to keyboard_teleop.egg-info/entry_points.txt
[2.801s] writing requirements to keyboard_teleop.egg-info/requires.txt
[2.801s] writing top-level names to keyboard_teleop.egg-info/top_level.txt
[2.801s] writing manifest file 'keyboard_teleop.egg-info/SOURCES.txt'
[2.885s] [2;36m[10/12/25 18:37:15][0m[2;36m [0m[1;31mERROR   [0m listing git files failed - pretending     ]8;id=334856;file:///home/dawid/.local/lib/python3.10/site-packages/setuptools_scm/_file_finders/git.py\[2mgit.py[0m]8;;\[2m:[0m]8;id=571604;file:///home/dawid/.local/lib/python3.10/site-packages/setuptools_scm/_file_finders/git.py#26\[2m26[0m]8;;\
[2.885s] [2;36m                    [0m         there aren't any                          [2m         [0m
[2.886s] reading manifest file 'keyboard_teleop.egg-info/SOURCES.txt'
[2.886s] writing manifest file 'keyboard_teleop.egg-info/SOURCES.txt'
[2.955s] running build_ext
[2.955s] Creating /home/dawid/ros2_unity_ws/install/keyboard_teleop/lib/python3.10/site-packages/keyboard-teleop.egg-link (link to .)
[2.956s] Installing keyboard_teleop script to /home/dawid/ros2_unity_ws/install/keyboard_teleop/lib/keyboard_teleop
[2.956s] 
[2.956s] Installed /home/dawid/ros2_unity_ws/build/keyboard_teleop
[2.956s] running symlink_data
[2.956s] creating /home/dawid/ros2_unity_ws/install/keyboard_teleop/share/ament_index
[2.956s] creating /home/dawid/ros2_unity_ws/install/keyboard_teleop/share/ament_index/resource_index
[2.956s] creating /home/dawid/ros2_unity_ws/install/keyboard_teleop/share/ament_index/resource_index/packages
[2.956s] symbolically linking /home/dawid/ros2_unity_ws/build/keyboard_teleop/resource/keyboard_teleop -> /home/dawid/ros2_unity_ws/install/keyboard_teleop/share/ament_index/resource_index/packages
[2.957s] symbolically linking /home/dawid/ros2_unity_ws/build/keyboard_teleop/package.xml -> /home/dawid/ros2_unity_ws/install/keyboard_teleop/share/keyboard_teleop
[3.036s] Invoked command in '/home/dawid/ros2_unity_ws/build/keyboard_teleop' returned '0': PYTHONPATH=/home/dawid/ros2_unity_ws/build/keyboard_teleop/prefix_override:/usr/lib/python3/dist-packages/colcon_core/task/python/colcon_distutils_commands:/home/dawid/ros2_unity_ws/install/keyboard_teleop/lib/python3.10/site-packages:${PYTHONPATH} /usr/bin/python3 -W ignore:setup.py install is deprecated -W ignore:easy_install command is deprecated setup.py develop --editable --build-directory /home/dawid/ros2_unity_ws/build/keyboard_teleop/build --no-deps symlink_data
