[2.987s] Invoking command in '/home/dawid/ros2_unity_ws/src/obstacle_avoidance': PYTHONPATH=/home/dawid/ros2_unity_ws/build/obstacle_avoidance/prefix_override:/usr/lib/python3/dist-packages/colcon_core/task/python/colcon_distutils_commands:/home/dawid/ros2_unity_ws/install/obstacle_avoidance/lib/python3.10/site-packages:${PYTHONPATH} /usr/bin/python3 -W ignore:setup.py install is deprecated -W ignore:easy_install command is deprecated setup.py egg_info --egg-base ../../build/obstacle_avoidance build --build-base /home/dawid/ros2_unity_ws/build/obstacle_avoidance/build install --record /home/dawid/ros2_unity_ws/build/obstacle_avoidance/install.log --single-version-externally-managed install_data
[3.573s] running egg_info
[3.599s] writing ../../build/obstacle_avoidance/obstacle_avoidance.egg-info/PKG-INFO
[3.599s] writing dependency_links to ../../build/obstacle_avoidance/obstacle_avoidance.egg-info/dependency_links.txt
[3.599s] writing entry points to ../../build/obstacle_avoidance/obstacle_avoidance.egg-info/entry_points.txt
[3.599s] writing requirements to ../../build/obstacle_avoidance/obstacle_avoidance.egg-info/requires.txt
[3.600s] writing top-level names to ../../build/obstacle_avoidance/obstacle_avoidance.egg-info/top_level.txt
[3.708s] [2;36m[11/08/25 14:45:35][0m[2;36m [0m[1;31mERROR   [0m listing git files failed - pretending     ]8;id=16259;file:///home/dawid/.local/lib/python3.10/site-packages/setuptools_scm/_file_finders/git.py\[2mgit.py[0m]8;;\[2m:[0m]8;id=791440;file:///home/dawid/.local/lib/python3.10/site-packages/setuptools_scm/_file_finders/git.py#26\[2m26[0m]8;;\
[3.708s] [2;36m                    [0m         there aren't any                          [2m         [0m
[3.709s] reading manifest file '../../build/obstacle_avoidance/obstacle_avoidance.egg-info/SOURCES.txt'
[3.710s] writing manifest file '../../build/obstacle_avoidance/obstacle_avoidance.egg-info/SOURCES.txt'
[3.710s] running build
[3.710s] running build_py
[3.710s] copying obstacle_avoidance/obstacle_avoidance.py -> /home/dawid/ros2_unity_ws/build/obstacle_avoidance/build/lib/obstacle_avoidance
[3.711s] running install
[3.716s] running install_lib
[3.741s] copying /home/dawid/ros2_unity_ws/build/obstacle_avoidance/build/lib/obstacle_avoidance/obstacle_avoidance.py -> /home/dawid/ros2_unity_ws/install/obstacle_avoidance/lib/python3.10/site-packages/obstacle_avoidance
[3.742s] byte-compiling /home/dawid/ros2_unity_ws/install/obstacle_avoidance/lib/python3.10/site-packages/obstacle_avoidance/obstacle_avoidance.py to obstacle_avoidance.cpython-310.pyc
[3.743s] byte-compiling /home/dawid/ros2_unity_ws/install/obstacle_avoidance/lib/python3.10/site-packages/obstacle_avoidance/obstacle_avoidance_copy.py to obstacle_avoidance_copy.cpython-310.pyc
[3.743s] running install_data
[3.743s] Sorry: TabError: inconsistent use of tabs and spaces in indentation (obstacle_avoidance_copy.py, line 55)
[3.743s] running install_egg_info
[3.768s] removing '/home/dawid/ros2_unity_ws/install/obstacle_avoidance/lib/python3.10/site-packages/obstacle_avoidance-0.0.0-py3.10.egg-info' (and everything under it)
[3.768s] Copying ../../build/obstacle_avoidance/obstacle_avoidance.egg-info to /home/dawid/ros2_unity_ws/install/obstacle_avoidance/lib/python3.10/site-packages/obstacle_avoidance-0.0.0-py3.10.egg-info
[3.769s] running install_scripts
[3.885s] Installing obstacle_avoidance script to /home/dawid/ros2_unity_ws/install/obstacle_avoidance/lib/obstacle_avoidance
[3.886s] writing list of installed files to '/home/dawid/ros2_unity_ws/build/obstacle_avoidance/install.log'
[3.971s] Invoked command in '/home/dawid/ros2_unity_ws/src/obstacle_avoidance' returned '0': PYTHONPATH=/home/dawid/ros2_unity_ws/build/obstacle_avoidance/prefix_override:/usr/lib/python3/dist-packages/colcon_core/task/python/colcon_distutils_commands:/home/dawid/ros2_unity_ws/install/obstacle_avoidance/lib/python3.10/site-packages:${PYTHONPATH} /usr/bin/python3 -W ignore:setup.py install is deprecated -W ignore:easy_install command is deprecated setup.py egg_info --egg-base ../../build/obstacle_avoidance build --build-base /home/dawid/ros2_unity_ws/build/obstacle_avoidance/build install --record /home/dawid/ros2_unity_ws/build/obstacle_avoidance/install.log --single-version-externally-managed install_data
