[9.207s] Invoking command in '/home/dawid/ros2_unity_ws/src/keyboard_teleop': PYTHONPATH=/home/dawid/ros2_unity_ws/build/keyboard_teleop/prefix_override:/usr/lib/python3/dist-packages/colcon_core/task/python/colcon_distutils_commands:/home/dawid/ros2_unity_ws/install/keyboard_teleop/lib/python3.10/site-packages:${PYTHONPATH} /usr/bin/python3 -W ignore:setup.py install is deprecated -W ignore:easy_install command is deprecated setup.py egg_info --egg-base ../../build/keyboard_teleop build --build-base /home/dawid/ros2_unity_ws/build/keyboard_teleop/build install --record /home/dawid/ros2_unity_ws/build/keyboard_teleop/install.log --single-version-externally-managed install_data
[11.300s] running egg_info
[11.351s] writing ../../build/keyboard_teleop/keyboard_teleop.egg-info/PKG-INFO
[11.352s] writing dependency_links to ../../build/keyboard_teleop/keyboard_teleop.egg-info/dependency_links.txt
[11.352s] writing entry points to ../../build/keyboard_teleop/keyboard_teleop.egg-info/entry_points.txt
[11.352s] writing requirements to ../../build/keyboard_teleop/keyboard_teleop.egg-info/requires.txt
[11.352s] writing top-level names to ../../build/keyboard_teleop/keyboard_teleop.egg-info/top_level.txt
[11.722s] [2;36m[11/29/25 22:22:56][0m[2;36m [0m[1;31mERROR   [0m list ]8;id=61314;file:///home/dawid/.local/lib/python3.10/site-packages/setuptools_scm/_file_finders/git.py\[2mgit.py[0m]8;;\[2m:[0m]8;id=769678;file:///home/dawid/.local/lib/python3.10/site-packages/setuptools_scm/_file_finders/git.py#26\[2m26[0m]8;;\
[11.723s] [2;36m                    [0m         ing  [2m         [0m
[11.724s] [2;36m                    [0m         git  [2m         [0m
[11.725s] [2;36m                    [0m         file [2m         [0m
[11.725s] [2;36m                    [0m         s    [2m         [0m
[11.725s] [2;36m                    [0m         fail [2m         [0m
[11.725s] [2;36m                    [0m         ed - [2m         [0m
[11.725s] [2;36m                    [0m         pret [2m         [0m
[11.725s] [2;36m                    [0m         endi [2m         [0m
[11.725s] [2;36m                    [0m         ng   [2m         [0m
[11.725s] [2;36m                    [0m         ther [2m         [0m
[11.725s] [2;36m                    [0m         e    [2m         [0m
[11.725s] [2;36m                    [0m         aren [2m         [0m
[11.725s] [2;36m                    [0m         't   [2m         [0m
[11.725s] [2;36m                    [0m         any  [2m         [0m
[11.725s] reading manifest file '../../build/keyboard_teleop/keyboard_teleop.egg-info/SOURCES.txt'
[11.726s] writing manifest file '../../build/keyboard_teleop/keyboard_teleop.egg-info/SOURCES.txt'
[11.726s] running build
[11.726s] running build_py
[11.726s] running install
[11.743s] running install_lib
[11.812s] running install_data
[11.812s] running install_egg_info
[11.894s] removing '/home/dawid/ros2_unity_ws/install/keyboard_teleop/lib/python3.10/site-packages/keyboard_teleop-0.0.0-py3.10.egg-info' (and everything under it)
[11.895s] Copying ../../build/keyboard_teleop/keyboard_teleop.egg-info to /home/dawid/ros2_unity_ws/install/keyboard_teleop/lib/python3.10/site-packages/keyboard_teleop-0.0.0-py3.10.egg-info
[11.895s] running install_scripts
[12.269s] Installing keyboard_teleop script to /home/dawid/ros2_unity_ws/install/keyboard_teleop/lib/keyboard_teleop
[12.269s] writing list of installed files to '/home/dawid/ros2_unity_ws/build/keyboard_teleop/install.log'
[12.457s] Invoked command in '/home/dawid/ros2_unity_ws/src/keyboard_teleop' returned '0': PYTHONPATH=/home/dawid/ros2_unity_ws/build/keyboard_teleop/prefix_override:/usr/lib/python3/dist-packages/colcon_core/task/python/colcon_distutils_commands:/home/dawid/ros2_unity_ws/install/keyboard_teleop/lib/python3.10/site-packages:${PYTHONPATH} /usr/bin/python3 -W ignore:setup.py install is deprecated -W ignore:easy_install command is deprecated setup.py egg_info --egg-base ../../build/keyboard_teleop build --build-base /home/dawid/ros2_unity_ws/build/keyboard_teleop/build install --record /home/dawid/ros2_unity_ws/build/keyboard_teleop/install.log --single-version-externally-managed install_data
