running egg_info
writing ../../build/keyboard_teleop/keyboard_teleop.egg-info/PKG-INFO
writing dependency_links to ../../build/keyboard_teleop/keyboard_teleop.egg-info/dependency_links.txt
writing entry points to ../../build/keyboard_teleop/keyboard_teleop.egg-info/entry_points.txt
writing requirements to ../../build/keyboard_teleop/keyboard_teleop.egg-info/requires.txt
writing top-level names to ../../build/keyboard_teleop/keyboard_teleop.egg-info/top_level.txt
[2;36m[11/03/25 01:37:24][0m[2;36m [0m[1;31mERROR   [0m listing git files failed - pretending there aren't any  ]8;id=72269;file:///home/dawid/.local/lib/python3.10/site-packages/setuptools_scm/_file_finders/git.py\[2mgit.py[0m]8;;\[2m:[0m]8;id=364991;file:///home/dawid/.local/lib/python3.10/site-packages/setuptools_scm/_file_finders/git.py#26\[2m26[0m]8;;\
reading manifest file '../../build/keyboard_teleop/keyboard_teleop.egg-info/SOURCES.txt'
writing manifest file '../../build/keyboard_teleop/keyboard_teleop.egg-info/SOURCES.txt'
running build
running build_py
creating /home/dawid/ros2_unity_ws/build/keyboard_teleop/build/lib/obstacle_avoidance
copying obstacle_avoidance/obstacle_avoidance.py -> /home/dawid/ros2_unity_ws/build/keyboard_teleop/build/lib/obstacle_avoidance
copying obstacle_avoidance/__init__.py -> /home/dawid/ros2_unity_ws/build/keyboard_teleop/build/lib/obstacle_avoidance
running install
running install_lib
creating /home/dawid/ros2_unity_ws/install/keyboard_teleop/lib/python3.10/site-packages/obstacle_avoidance
copying /home/dawid/ros2_unity_ws/build/keyboard_teleop/build/lib/obstacle_avoidance/obstacle_avoidance.py -> /home/dawid/ros2_unity_ws/install/keyboard_teleop/lib/python3.10/site-packages/obstacle_avoidance
copying /home/dawid/ros2_unity_ws/build/keyboard_teleop/build/lib/obstacle_avoidance/__init__.py -> /home/dawid/ros2_unity_ws/install/keyboard_teleop/lib/python3.10/site-packages/obstacle_avoidance
byte-compiling /home/dawid/ros2_unity_ws/install/keyboard_teleop/lib/python3.10/site-packages/obstacle_avoidance/obstacle_avoidance.py to obstacle_avoidance.cpython-310.pyc
byte-compiling /home/dawid/ros2_unity_ws/install/keyboard_teleop/lib/python3.10/site-packages/obstacle_avoidance/__init__.py to __init__.cpython-310.pyc
running install_data
copying package.xml -> /home/dawid/ros2_unity_ws/install/keyboard_teleop/share/keyboard_teleop
running install_egg_info
removing '/home/dawid/ros2_unity_ws/install/keyboard_teleop/lib/python3.10/site-packages/keyboard_teleop-0.0.0-py3.10.egg-info' (and everything under it)
Copying ../../build/keyboard_teleop/keyboard_teleop.egg-info to /home/dawid/ros2_unity_ws/install/keyboard_teleop/lib/python3.10/site-packages/keyboard_teleop-0.0.0-py3.10.egg-info
running install_scripts
Installing keyboard_teleop script to /home/dawid/ros2_unity_ws/install/keyboard_teleop/lib/keyboard_teleop
writing list of installed files to '/home/dawid/ros2_unity_ws/build/keyboard_teleop/install.log'
