[2.957s] Invoking command in '/home/dawid/ros2_unity_ws/src/description': PYTHONPATH=/home/dawid/ros2_unity_ws/build/description/prefix_override:/usr/lib/python3/dist-packages/colcon_core/task/python/colcon_distutils_commands:/home/dawid/ros2_unity_ws/install/description/lib/python3.10/site-packages:${PYTHONPATH} /usr/bin/python3 -W ignore:setup.py install is deprecated -W ignore:easy_install command is deprecated setup.py egg_info --egg-base ../../build/description build --build-base /home/dawid/ros2_unity_ws/build/description/build install --record /home/dawid/ros2_unity_ws/build/description/install.log --single-version-externally-managed install_data
[3.521s] running egg_info
[3.545s] writing ../../build/description/description.egg-info/PKG-INFO
[3.546s] writing dependency_links to ../../build/description/description.egg-info/dependency_links.txt
[3.546s] writing requirements to ../../build/description/description.egg-info/requires.txt
[3.546s] writing top-level names to ../../build/description/description.egg-info/top_level.txt
[3.647s] [2;36m[11/03/25 02:10:37][0m[2;36m [0m[1;31mERROR   [0m listing git files failed - pretending there aren't any  ]8;id=123557;file:///home/dawid/.local/lib/python3.10/site-packages/setuptools_scm/_file_finders/git.py\[2mgit.py[0m]8;;\[2m:[0m]8;id=244921;file:///home/dawid/.local/lib/python3.10/site-packages/setuptools_scm/_file_finders/git.py#26\[2m26[0m]8;;\
[3.647s] reading manifest file '../../build/description/description.egg-info/SOURCES.txt'
[3.648s] writing manifest file '../../build/description/description.egg-info/SOURCES.txt'
[3.649s] running build
[3.649s] running build_py
[3.649s] running install
[3.654s] running install_lib
[3.680s] running install_data
[3.681s] running install_egg_info
[3.705s] removing '/home/dawid/ros2_unity_ws/install/description/lib/python3.10/site-packages/description-0.0.0-py3.10.egg-info' (and everything under it)
[3.705s] Copying ../../build/description/description.egg-info to /home/dawid/ros2_unity_ws/install/description/lib/python3.10/site-packages/description-0.0.0-py3.10.egg-info
[3.706s] running install_scripts
[3.817s] writing list of installed files to '/home/dawid/ros2_unity_ws/build/description/install.log'
[3.922s] Invoked command in '/home/dawid/ros2_unity_ws/src/description' returned '0': PYTHONPATH=/home/dawid/ros2_unity_ws/build/description/prefix_override:/usr/lib/python3/dist-packages/colcon_core/task/python/colcon_distutils_commands:/home/dawid/ros2_unity_ws/install/description/lib/python3.10/site-packages:${PYTHONPATH} /usr/bin/python3 -W ignore:setup.py install is deprecated -W ignore:easy_install command is deprecated setup.py egg_info --egg-base ../../build/description build --build-base /home/dawid/ros2_unity_ws/build/description/build install --record /home/dawid/ros2_unity_ws/build/description/install.log --single-version-externally-managed install_data
