[2.028s] Invoking command in '/home/dawid/ros2_unity_ws/build/description': PYTHONPATH=/home/dawid/ros2_unity_ws/build/description/prefix_override:/usr/lib/python3/dist-packages/colcon_core/task/python/colcon_distutils_commands:/home/dawid/ros2_unity_ws/install/description/lib/python3.10/site-packages:${PYTHONPATH} /usr/bin/python3 -W ignore:setup.py install is deprecated -W ignore:easy_install command is deprecated setup.py develop --editable --build-directory /home/dawid/ros2_unity_ws/build/description/build --no-deps symlink_data
[2.466s] running develop
[2.784s] running egg_info
[2.784s] creating description.egg-info
[2.804s] writing description.egg-info/PKG-INFO
[2.804s] writing dependency_links to description.egg-info/dependency_links.txt
[2.804s] writing requirements to description.egg-info/requires.txt
[2.804s] writing top-level names to description.egg-info/top_level.txt
[2.804s] writing manifest file 'description.egg-info/SOURCES.txt'
[2.890s] [2;36m[10/12/25 18:37:15][0m[2;36m [0m[1;31mERROR   [0m listing git files failed - pretending     ]8;id=255082;file:///home/dawid/.local/lib/python3.10/site-packages/setuptools_scm/_file_finders/git.py\[2mgit.py[0m]8;;\[2m:[0m]8;id=240947;file:///home/dawid/.local/lib/python3.10/site-packages/setuptools_scm/_file_finders/git.py#26\[2m26[0m]8;;\
[2.890s] [2;36m                    [0m         there aren't any                          [2m         [0m
[2.890s] reading manifest file 'description.egg-info/SOURCES.txt'
[2.891s] writing manifest file 'description.egg-info/SOURCES.txt'
[2.961s] running build_ext
[2.961s] Creating /home/dawid/ros2_unity_ws/install/description/lib/python3.10/site-packages/description.egg-link (link to .)
[2.962s] 
[2.962s] Installed /home/dawid/ros2_unity_ws/build/description
[2.962s] running symlink_data
[2.962s] creating /home/dawid/ros2_unity_ws/install/description/share/ament_index
[2.962s] creating /home/dawid/ros2_unity_ws/install/description/share/ament_index/resource_index
[2.962s] creating /home/dawid/ros2_unity_ws/install/description/share/ament_index/resource_index/packages
[2.962s] symbolically linking /home/dawid/ros2_unity_ws/build/description/resource/description -> /home/dawid/ros2_unity_ws/install/description/share/ament_index/resource_index/packages
[2.963s] symbolically linking /home/dawid/ros2_unity_ws/build/description/package.xml -> /home/dawid/ros2_unity_ws/install/description/share/description
[2.963s] creating /home/dawid/ros2_unity_ws/install/description/share/description/urdf
[2.963s] symbolically linking /home/dawid/ros2_unity_ws/build/description/urdf/ros2_control.xacro -> /home/dawid/ros2_unity_ws/install/description/share/description/urdf
[2.963s] symbolically linking /home/dawid/ros2_unity_ws/build/description/urdf/interials.xacro -> /home/dawid/ros2_unity_ws/install/description/share/description/urdf
[2.963s] symbolically linking /home/dawid/ros2_unity_ws/build/description/urdf/rover.urdf.xacro -> /home/dawid/ros2_unity_ws/install/description/share/description/urdf
[2.963s] symbolically linking /home/dawid/ros2_unity_ws/build/description/urdf/gazebo_control.xacro -> /home/dawid/ros2_unity_ws/install/description/share/description/urdf
[2.963s] creating /home/dawid/ros2_unity_ws/install/description/share/description/meshes
[2.963s] symbolically linking /home/dawid/ros2_unity_ws/build/description/meshes/BR_wheel.STL -> /home/dawid/ros2_unity_ws/install/description/share/description/meshes
[2.963s] symbolically linking /home/dawid/ros2_unity_ws/build/description/meshes/FL_wheel.STL -> /home/dawid/ros2_unity_ws/install/description/share/description/meshes
[2.963s] symbolically linking /home/dawid/ros2_unity_ws/build/description/meshes/BL_wheel.STL -> /home/dawid/ros2_unity_ws/install/description/share/description/meshes
[2.963s] symbolically linking /home/dawid/ros2_unity_ws/build/description/meshes/base_link.STL -> /home/dawid/ros2_unity_ws/install/description/share/description/meshes
[2.963s] symbolically linking /home/dawid/ros2_unity_ws/build/description/meshes/FR_wheel.STL -> /home/dawid/ros2_unity_ws/install/description/share/description/meshes
[2.963s] creating /home/dawid/ros2_unity_ws/install/description/share/description/launch
[2.963s] symbolically linking /home/dawid/ros2_unity_ws/build/description/launch/gazebo.launch.py -> /home/dawid/ros2_unity_ws/install/description/share/description/launch
[2.963s] symbolically linking /home/dawid/ros2_unity_ws/build/description/launch/rsp.launch.py -> /home/dawid/ros2_unity_ws/install/description/share/description/launch
[2.964s] creating /home/dawid/ros2_unity_ws/install/description/share/description/config
[2.964s] symbolically linking /home/dawid/ros2_unity_ws/build/description/config/joint_names_Złożenie_cale_urdf.yaml -> /home/dawid/ros2_unity_ws/install/description/share/description/config
[3.034s] Invoked command in '/home/dawid/ros2_unity_ws/build/description' returned '0': PYTHONPATH=/home/dawid/ros2_unity_ws/build/description/prefix_override:/usr/lib/python3/dist-packages/colcon_core/task/python/colcon_distutils_commands:/home/dawid/ros2_unity_ws/install/description/lib/python3.10/site-packages:${PYTHONPATH} /usr/bin/python3 -W ignore:setup.py install is deprecated -W ignore:easy_install command is deprecated setup.py develop --editable --build-directory /home/dawid/ros2_unity_ws/build/description/build --no-deps symlink_data
