/home/dawid/ros2_unity_ws/install/obstacle_avoidance/lib/python3.10/site-packages/obstacle_avoidance/FuzzyTS_between_walls.py
/home/dawid/ros2_unity_ws/install/obstacle_avoidance/lib/python3.10/site-packages/obstacle_avoidance/obstacle_avoidance.py
/home/dawid/ros2_unity_ws/install/obstacle_avoidance/lib/python3.10/site-packages/obstacle_avoidance/FuzzyTS_GoTo.py
/home/dawid/ros2_unity_ws/install/obstacle_avoidance/lib/python3.10/site-packages/obstacle_avoidance/__init__.py
/home/dawid/ros2_unity_ws/install/obstacle_avoidance/lib/python3.10/site-packages/obstacle_avoidance/FuzzyTS_GoTo_V2.py
/home/dawid/ros2_unity_ws/install/obstacle_avoidance/lib/python3.10/site-packages/obstacle_avoidance/FuzzyTS_obstacle_avoidance.py
/home/dawid/ros2_unity_ws/install/obstacle_avoidance/lib/python3.10/site-packages/obstacle_avoidance/__pycache__/FuzzyTS_between_walls.cpython-310.pyc
/home/dawid/ros2_unity_ws/install/obstacle_avoidance/lib/python3.10/site-packages/obstacle_avoidance/__pycache__/obstacle_avoidance.cpython-310.pyc
/home/dawid/ros2_unity_ws/install/obstacle_avoidance/lib/python3.10/site-packages/obstacle_avoidance/__pycache__/FuzzyTS_GoTo.cpython-310.pyc
/home/dawid/ros2_unity_ws/install/obstacle_avoidance/lib/python3.10/site-packages/obstacle_avoidance/__pycache__/__init__.cpython-310.pyc
/home/dawid/ros2_unity_ws/install/obstacle_avoidance/lib/python3.10/site-packages/obstacle_avoidance/__pycache__/FuzzyTS_GoTo_V2.cpython-310.pyc
/home/dawid/ros2_unity_ws/install/obstacle_avoidance/lib/python3.10/site-packages/obstacle_avoidance/__pycache__/FuzzyTS_obstacle_avoidance.cpython-310.pyc
/home/dawid/ros2_unity_ws/install/obstacle_avoidance/share/ament_index/resource_index/packages/obstacle_avoidance
/home/dawid/ros2_unity_ws/install/obstacle_avoidance/share/obstacle_avoidance/package.xml
/home/dawid/ros2_unity_ws/install/obstacle_avoidance/lib/python3.10/site-packages/obstacle_avoidance-0.0.0-py3.10.egg-info/SOURCES.txt
/home/dawid/ros2_unity_ws/install/obstacle_avoidance/lib/python3.10/site-packages/obstacle_avoidance-0.0.0-py3.10.egg-info/zip-safe
/home/dawid/ros2_unity_ws/install/obstacle_avoidance/lib/python3.10/site-packages/obstacle_avoidance-0.0.0-py3.10.egg-info/PKG-INFO
/home/dawid/ros2_unity_ws/install/obstacle_avoidance/lib/python3.10/site-packages/obstacle_avoidance-0.0.0-py3.10.egg-info/requires.txt
/home/dawid/ros2_unity_ws/install/obstacle_avoidance/lib/python3.10/site-packages/obstacle_avoidance-0.0.0-py3.10.egg-info/top_level.txt
/home/dawid/ros2_unity_ws/install/obstacle_avoidance/lib/python3.10/site-packages/obstacle_avoidance-0.0.0-py3.10.egg-info/entry_points.txt
/home/dawid/ros2_unity_ws/install/obstacle_avoidance/lib/python3.10/site-packages/obstacle_avoidance-0.0.0-py3.10.egg-info/dependency_links.txt
/home/dawid/ros2_unity_ws/install/obstacle_avoidance/lib/obstacle_avoidance/FuzzyTS_GoTo
/home/dawid/ros2_unity_ws/install/obstacle_avoidance/lib/obstacle_avoidance/FuzzyTS_GoTo_V2
/home/dawid/ros2_unity_ws/install/obstacle_avoidance/lib/obstacle_avoidance/FuzzyTS_between_walls
/home/dawid/ros2_unity_ws/install/obstacle_avoidance/lib/obstacle_avoidance/FuzzyTS_obstacle_avoidance
/home/dawid/ros2_unity_ws/install/obstacle_avoidance/lib/obstacle_avoidance/obstacle_avoidance
