[3.278s] Invoking command in '/home/dawid/ros2_unity_ws/src/description': PYTHONPATH=/home/dawid/ros2_unity_ws/build/description/prefix_override:/usr/lib/python3/dist-packages/colcon_core/task/python/colcon_distutils_commands:/home/dawid/ros2_unity_ws/install/description/lib/python3.10/site-packages:${PYTHONPATH} /usr/bin/python3 -W ignore:setup.py install is deprecated -W ignore:easy_install command is deprecated setup.py egg_info --egg-base ../../build/description build --build-base /home/dawid/ros2_unity_ws/build/description/build install --record /home/dawid/ros2_unity_ws/build/description/install.log --single-version-externally-managed install_data
[3.938s] running egg_info
[3.965s] writing ../../build/description/description.egg-info/PKG-INFO
[3.965s] writing dependency_links to ../../build/description/description.egg-info/dependency_links.txt
[3.965s] writing requirements to ../../build/description/description.egg-info/requires.txt
[3.965s] writing top-level names to ../../build/description/description.egg-info/top_level.txt
[4.082s] [2;36m[11/30/25 19:22:01][0m[2;36m [0m[1;31mERROR   [0m listing git files failed - pretending    ]8;id=347137;file:///home/dawid/.local/lib/python3.10/site-packages/setuptools_scm/_file_finders/git.py\[2mgit.py[0m]8;;\[2m:[0m]8;id=811868;file:///home/dawid/.local/lib/python3.10/site-packages/setuptools_scm/_file_finders/git.py#26\[2m26[0m]8;;\
[4.082s] [2;36m                    [0m         there aren't any                         [2m         [0m
[4.083s] reading manifest file '../../build/description/description.egg-info/SOURCES.txt'
[4.085s] writing manifest file '../../build/description/description.egg-info/SOURCES.txt'
[4.085s] running build
[4.085s] running build_py
[4.085s] running install
[4.092s] running install_lib
[4.121s] running install_data
[4.121s] running install_egg_info
[4.147s] removing '/home/dawid/ros2_unity_ws/install/description/lib/python3.10/site-packages/description-0.0.0-py3.10.egg-info' (and everything under it)
[4.148s] Copying ../../build/description/description.egg-info to /home/dawid/ros2_unity_ws/install/description/lib/python3.10/site-packages/description-0.0.0-py3.10.egg-info
[4.149s] running install_scripts
[4.276s] writing list of installed files to '/home/dawid/ros2_unity_ws/build/description/install.log'
[4.383s] Invoked command in '/home/dawid/ros2_unity_ws/src/description' returned '0': PYTHONPATH=/home/dawid/ros2_unity_ws/build/description/prefix_override:/usr/lib/python3/dist-packages/colcon_core/task/python/colcon_distutils_commands:/home/dawid/ros2_unity_ws/install/description/lib/python3.10/site-packages:${PYTHONPATH} /usr/bin/python3 -W ignore:setup.py install is deprecated -W ignore:easy_install command is deprecated setup.py egg_info --egg-base ../../build/description build --build-base /home/dawid/ros2_unity_ws/build/description/build install --record /home/dawid/ros2_unity_ws/build/description/install.log --single-version-externally-managed install_data
