[4.250s] Invoking command in '/home/dawid/ros2_unity_ws/src/description': PYTHONPATH=/home/dawid/ros2_unity_ws/build/description/prefix_override:/usr/lib/python3/dist-packages/colcon_core/task/python/colcon_distutils_commands:/home/dawid/ros2_unity_ws/install/description/lib/python3.10/site-packages:${PYTHONPATH} /usr/bin/python3 -W ignore:setup.py install is deprecated -W ignore:easy_install command is deprecated setup.py egg_info --egg-base ../../build/description build --build-base /home/dawid/ros2_unity_ws/build/description/build install --record /home/dawid/ros2_unity_ws/build/description/install.log --single-version-externally-managed install_data
[5.125s] running egg_info
[5.161s] writing ../../build/description/description.egg-info/PKG-INFO
[5.161s] writing dependency_links to ../../build/description/description.egg-info/dependency_links.txt
[5.161s] writing requirements to ../../build/description/description.egg-info/requires.txt
[5.162s] writing top-level names to ../../build/description/description.egg-info/top_level.txt
[5.313s] [2;36m[11/30/25 19:23:50][0m[2;36m [0m[1;31mERROR   [0m listing git files failed - pretending    ]8;id=811561;file:///home/dawid/.local/lib/python3.10/site-packages/setuptools_scm/_file_finders/git.py\[2mgit.py[0m]8;;\[2m:[0m]8;id=511860;file:///home/dawid/.local/lib/python3.10/site-packages/setuptools_scm/_file_finders/git.py#26\[2m26[0m]8;;\
[5.313s] [2;36m                    [0m         there aren't any                         [2m         [0m
[5.314s] reading manifest file '../../build/description/description.egg-info/SOURCES.txt'
[5.316s] writing manifest file '../../build/description/description.egg-info/SOURCES.txt'
[5.316s] running build
[5.316s] running build_py
[5.316s] running install
[5.323s] running install_lib
[5.360s] running install_data
[5.361s] running install_egg_info
[5.403s] removing '/home/dawid/ros2_unity_ws/install/description/lib/python3.10/site-packages/description-0.0.0-py3.10.egg-info' (and everything under it)
[5.403s] Copying ../../build/description/description.egg-info to /home/dawid/ros2_unity_ws/install/description/lib/python3.10/site-packages/description-0.0.0-py3.10.egg-info
[5.404s] running install_scripts
[5.584s] writing list of installed files to '/home/dawid/ros2_unity_ws/build/description/install.log'
[5.720s] Invoked command in '/home/dawid/ros2_unity_ws/src/description' returned '0': PYTHONPATH=/home/dawid/ros2_unity_ws/build/description/prefix_override:/usr/lib/python3/dist-packages/colcon_core/task/python/colcon_distutils_commands:/home/dawid/ros2_unity_ws/install/description/lib/python3.10/site-packages:${PYTHONPATH} /usr/bin/python3 -W ignore:setup.py install is deprecated -W ignore:easy_install command is deprecated setup.py egg_info --egg-base ../../build/description build --build-base /home/dawid/ros2_unity_ws/build/description/build install --record /home/dawid/ros2_unity_ws/build/description/install.log --single-version-externally-managed install_data
