[9.163s] Invoking command in '/home/dawid/ros2_unity_ws/src/ros_tcp_endpoint': PYTHONPATH=/home/dawid/ros2_unity_ws/build/ros_tcp_endpoint/prefix_override:/usr/lib/python3/dist-packages/colcon_core/task/python/colcon_distutils_commands:/home/dawid/ros2_unity_ws/install/ros_tcp_endpoint/lib/python3.10/site-packages:${PYTHONPATH} /usr/bin/python3 -W ignore:setup.py install is deprecated -W ignore:easy_install command is deprecated setup.py egg_info --egg-base ../../build/ros_tcp_endpoint build --build-base /home/dawid/ros2_unity_ws/build/ros_tcp_endpoint/build install --record /home/dawid/ros2_unity_ws/build/ros_tcp_endpoint/install.log --single-version-externally-managed install_data
[11.239s] running egg_info
[11.316s] writing ../../build/ros_tcp_endpoint/ros_tcp_endpoint.egg-info/PKG-INFO
[11.317s] writing dependency_links to ../../build/ros_tcp_endpoint/ros_tcp_endpoint.egg-info/dependency_links.txt
[11.317s] writing entry points to ../../build/ros_tcp_endpoint/ros_tcp_endpoint.egg-info/entry_points.txt
[11.317s] writing requirements to ../../build/ros_tcp_endpoint/ros_tcp_endpoint.egg-info/requires.txt
[11.317s] writing top-level names to ../../build/ros_tcp_endpoint/ros_tcp_endpoint.egg-info/top_level.txt
[11.688s] [2;36m[11/29/25 22:22:56][0m[2;36m [0m[1;31mERROR   [0m list ]8;id=722980;file:///home/dawid/.local/lib/python3.10/site-packages/setuptools_scm/_file_finders/git.py\[2mgit.py[0m]8;;\[2m:[0m]8;id=47398;file:///home/dawid/.local/lib/python3.10/site-packages/setuptools_scm/_file_finders/git.py#26\[2m26[0m]8;;\
[11.689s] [2;36m                    [0m         ing  [2m         [0m
[11.689s] [2;36m                    [0m         git  [2m         [0m
[11.689s] [2;36m                    [0m         file [2m         [0m
[11.689s] [2;36m                    [0m         s    [2m         [0m
[11.689s] [2;36m                    [0m         fail [2m         [0m
[11.689s] [2;36m                    [0m         ed - [2m         [0m
[11.689s] [2;36m                    [0m         pret [2m         [0m
[11.689s] [2;36m                    [0m         endi [2m         [0m
[11.689s] [2;36m                    [0m         ng   [2m         [0m
[11.689s] [2;36m                    [0m         ther [2m         [0m
[11.689s] [2;36m                    [0m         e    [2m         [0m
[11.689s] [2;36m                    [0m         aren [2m         [0m
[11.689s] [2;36m                    [0m         't   [2m         [0m
[11.690s] [2;36m                    [0m         any  [2m         [0m
[11.690s] reading manifest file '../../build/ros_tcp_endpoint/ros_tcp_endpoint.egg-info/SOURCES.txt'
[11.690s] adding license file 'LICENSE'
[11.696s] writing manifest file '../../build/ros_tcp_endpoint/ros_tcp_endpoint.egg-info/SOURCES.txt'
[11.697s] running build
[11.697s] running build_py
[11.697s] running install
[11.714s] running install_lib
[11.783s] running install_data
[11.783s] running install_egg_info
[11.866s] removing '/home/dawid/ros2_unity_ws/install/ros_tcp_endpoint/lib/python3.10/site-packages/ros_tcp_endpoint-0.0.1-py3.10.egg-info' (and everything under it)
[11.867s] Copying ../../build/ros_tcp_endpoint/ros_tcp_endpoint.egg-info to /home/dawid/ros2_unity_ws/install/ros_tcp_endpoint/lib/python3.10/site-packages/ros_tcp_endpoint-0.0.1-py3.10.egg-info
[11.873s] running install_scripts
[12.241s] Installing default_server_endpoint script to /home/dawid/ros2_unity_ws/install/ros_tcp_endpoint/lib/ros_tcp_endpoint
[12.242s] writing list of installed files to '/home/dawid/ros2_unity_ws/build/ros_tcp_endpoint/install.log'
[12.441s] Invoked command in '/home/dawid/ros2_unity_ws/src/ros_tcp_endpoint' returned '0': PYTHONPATH=/home/dawid/ros2_unity_ws/build/ros_tcp_endpoint/prefix_override:/usr/lib/python3/dist-packages/colcon_core/task/python/colcon_distutils_commands:/home/dawid/ros2_unity_ws/install/ros_tcp_endpoint/lib/python3.10/site-packages:${PYTHONPATH} /usr/bin/python3 -W ignore:setup.py install is deprecated -W ignore:easy_install command is deprecated setup.py egg_info --egg-base ../../build/ros_tcp_endpoint build --build-base /home/dawid/ros2_unity_ws/build/ros_tcp_endpoint/build install --record /home/dawid/ros2_unity_ws/build/ros_tcp_endpoint/install.log --single-version-externally-managed install_data
