[0.022s] Invoking command in '/home/dawid/ros2_unity_ws/build/controller': CMAKE_PREFIX_PATH=${CMAKE_PREFIX_PATH}:/home/dawid/ros2_unity_ws/install/ros_tcp_endpoint:/home/dawid/ros2_unity_ws/install/keyboard_teleop:/home/dawid/ros2_unity_ws/install/description:/opt/ros/humble /bin/cmake /home/dawid/ros2_unity_ws/src/controller -DAMENT_CMAKE_SYMLINK_INSTALL=1 -DCMAKE_INSTALL_PREFIX=/home/dawid/ros2_unity_ws/install/controller
[0.841s] -- The C compiler identification is GNU 11.4.0
[0.841s] -- The CXX compiler identification is GNU 11.4.0
[0.841s] -- Detecting C compiler ABI info
[0.841s] -- Detecting C compiler ABI info - done
[0.841s] -- Check for working C compiler: /bin/cc - skipped
[0.841s] -- Detecting C compile features
[0.841s] -- Detecting C compile features - done
[0.841s] -- Detecting CXX compiler ABI info
[0.841s] -- Detecting CXX compiler ABI info - done
[0.841s] -- Check for working CXX compiler: /bin/c++ - skipped
[0.841s] -- Detecting CXX compile features
[0.841s] -- Detecting CXX compile features - done
[0.841s] -- Found ament_cmake: 1.3.11 (/opt/ros/humble/share/ament_cmake/cmake)
[0.853s] -- Found Python3: /bin/python3 (found version "3.10.12") found components: Interpreter 
[0.903s] -- Override CMake install command with custom implementation using symlinks instead of copying resources
[0.945s] -- Found rclcpp: 16.0.12 (/opt/ros/humble/share/rclcpp/cmake)
[0.999s] -- Found rosidl_generator_c: 3.1.6 (/opt/ros/humble/share/rosidl_generator_c/cmake)
[1.006s] -- Found rosidl_adapter: 3.1.6 (/opt/ros/humble/share/rosidl_adapter/cmake)
[1.016s] -- Found rosidl_generator_cpp: 3.1.6 (/opt/ros/humble/share/rosidl_generator_cpp/cmake)
[1.030s] -- Using all available rosidl_typesupport_c: rosidl_typesupport_fastrtps_c;rosidl_typesupport_introspection_c
[1.046s] -- Using all available rosidl_typesupport_cpp: rosidl_typesupport_fastrtps_cpp;rosidl_typesupport_introspection_cpp
[1.089s] -- Found rmw_implementation_cmake: 6.1.2 (/opt/ros/humble/share/rmw_implementation_cmake/cmake)
[1.092s] -- Found rmw_fastrtps_cpp: 6.2.7 (/opt/ros/humble/share/rmw_fastrtps_cpp/cmake)
[1.182s] -- Found OpenSSL: /usr/lib/x86_64-linux-gnu/libcrypto.so (found version "3.0.2")  
[1.208s] -- Found FastRTPS: /opt/ros/humble/include  
[1.251s] -- Using RMW implementation 'rmw_fastrtps_cpp' as default
[1.263s] -- Looking for pthread.h
[1.331s] -- Looking for pthread.h - found
[1.331s] -- Performing Test CMAKE_HAVE_LIBC_PTHREAD
[1.398s] -- Performing Test CMAKE_HAVE_LIBC_PTHREAD - Success
[1.399s] -- Found Threads: TRUE  
[1.453s] -- Found rclpy: 3.3.16 (/opt/ros/humble/share/rclpy/cmake)
[1.455s] -- Found geometry_msgs: 4.9.0 (/opt/ros/humble/share/geometry_msgs/cmake)
[1.548s] -- Configuring done
[1.553s] -- Generating done
[1.554s] -- Build files have been written to: /home/dawid/ros2_unity_ws/build/controller
[1.563s] Invoked command in '/home/dawid/ros2_unity_ws/build/controller' returned '0': CMAKE_PREFIX_PATH=${CMAKE_PREFIX_PATH}:/home/dawid/ros2_unity_ws/install/ros_tcp_endpoint:/home/dawid/ros2_unity_ws/install/keyboard_teleop:/home/dawid/ros2_unity_ws/install/description:/opt/ros/humble /bin/cmake /home/dawid/ros2_unity_ws/src/controller -DAMENT_CMAKE_SYMLINK_INSTALL=1 -DCMAKE_INSTALL_PREFIX=/home/dawid/ros2_unity_ws/install/controller
[1.565s] Invoking command in '/home/dawid/ros2_unity_ws/build/controller': CMAKE_PREFIX_PATH=${CMAKE_PREFIX_PATH}:/home/dawid/ros2_unity_ws/install/ros_tcp_endpoint:/home/dawid/ros2_unity_ws/install/keyboard_teleop:/home/dawid/ros2_unity_ws/install/description:/opt/ros/humble /bin/cmake --build /home/dawid/ros2_unity_ws/build/controller -- -j16 -l16
[1.605s] Invoked command in '/home/dawid/ros2_unity_ws/build/controller' returned '0': CMAKE_PREFIX_PATH=${CMAKE_PREFIX_PATH}:/home/dawid/ros2_unity_ws/install/ros_tcp_endpoint:/home/dawid/ros2_unity_ws/install/keyboard_teleop:/home/dawid/ros2_unity_ws/install/description:/opt/ros/humble /bin/cmake --build /home/dawid/ros2_unity_ws/build/controller -- -j16 -l16
[1.615s] Invoking command in '/home/dawid/ros2_unity_ws/build/controller': CMAKE_PREFIX_PATH=${CMAKE_PREFIX_PATH}:/home/dawid/ros2_unity_ws/install/ros_tcp_endpoint:/home/dawid/ros2_unity_ws/install/keyboard_teleop:/home/dawid/ros2_unity_ws/install/description:/opt/ros/humble /bin/cmake --install /home/dawid/ros2_unity_ws/build/controller
[1.621s] -- Install configuration: ""
[1.622s] -- Execute custom install script
[1.622s] -- Symlinking: /home/dawid/ros2_unity_ws/install/controller/share/controller/launch/controller.launch.py
[1.631s] -- Symlinking: /home/dawid/ros2_unity_ws/install/controller/share/controller/config/controllers.yaml
[1.640s] -- Symlinking: /home/dawid/ros2_unity_ws/install/controller/share/ament_index/resource_index/package_run_dependencies/controller
[1.648s] -- Symlinking: /home/dawid/ros2_unity_ws/install/controller/share/ament_index/resource_index/parent_prefix_path/controller
[1.657s] -- Symlinking: /home/dawid/ros2_unity_ws/install/controller/share/controller/environment/ament_prefix_path.sh
[1.665s] -- Symlinking: /home/dawid/ros2_unity_ws/install/controller/share/controller/environment/ament_prefix_path.dsv
[1.674s] -- Symlinking: /home/dawid/ros2_unity_ws/install/controller/share/controller/environment/path.sh
[1.684s] -- Symlinking: /home/dawid/ros2_unity_ws/install/controller/share/controller/environment/path.dsv
[1.693s] -- Symlinking: /home/dawid/ros2_unity_ws/install/controller/share/controller/local_setup.bash
[1.702s] -- Symlinking: /home/dawid/ros2_unity_ws/install/controller/share/controller/local_setup.sh
[1.711s] -- Symlinking: /home/dawid/ros2_unity_ws/install/controller/share/controller/local_setup.zsh
[1.720s] -- Symlinking: /home/dawid/ros2_unity_ws/install/controller/share/controller/local_setup.dsv
[1.728s] -- Symlinking: /home/dawid/ros2_unity_ws/install/controller/share/controller/package.dsv
[1.737s] -- Symlinking: /home/dawid/ros2_unity_ws/install/controller/share/ament_index/resource_index/packages/controller
[1.747s] -- Symlinking: /home/dawid/ros2_unity_ws/install/controller/share/controller/cmake/controllerConfig.cmake
[1.755s] -- Symlinking: /home/dawid/ros2_unity_ws/install/controller/share/controller/cmake/controllerConfig-version.cmake
[1.763s] -- Symlinking: /home/dawid/ros2_unity_ws/install/controller/share/controller/package.xml
[1.774s] Invoked command in '/home/dawid/ros2_unity_ws/build/controller' returned '0': CMAKE_PREFIX_PATH=${CMAKE_PREFIX_PATH}:/home/dawid/ros2_unity_ws/install/ros_tcp_endpoint:/home/dawid/ros2_unity_ws/install/keyboard_teleop:/home/dawid/ros2_unity_ws/install/description:/opt/ros/humble /bin/cmake --install /home/dawid/ros2_unity_ws/build/controller
