[2.368s] Invoking command in '/home/dawid/ros2_unity_ws/src/keyboard_teleop': PYTHONPATH=/home/dawid/ros2_unity_ws/build/keyboard_teleop/prefix_override:/usr/lib/python3/dist-packages/colcon_core/task/python/colcon_distutils_commands:/home/dawid/ros2_unity_ws/install/keyboard_teleop/lib/python3.10/site-packages:${PYTHONPATH} /usr/bin/python3 -W ignore:setup.py install is deprecated -W ignore:easy_install command is deprecated setup.py egg_info --egg-base ../../build/keyboard_teleop build --build-base /home/dawid/ros2_unity_ws/build/keyboard_teleop/build install --record /home/dawid/ros2_unity_ws/build/keyboard_teleop/install.log --single-version-externally-managed install_data
[2.824s] running egg_info
[2.844s] writing ../../build/keyboard_teleop/keyboard_teleop.egg-info/PKG-INFO
[2.844s] writing dependency_links to ../../build/keyboard_teleop/keyboard_teleop.egg-info/dependency_links.txt
[2.845s] writing entry points to ../../build/keyboard_teleop/keyboard_teleop.egg-info/entry_points.txt
[2.845s] writing requirements to ../../build/keyboard_teleop/keyboard_teleop.egg-info/requires.txt
[2.845s] writing top-level names to ../../build/keyboard_teleop/keyboard_teleop.egg-info/top_level.txt
[2.929s] [2;36m[11/29/25 19:26:11][0m[2;36m [0m[1;31mERROR   [0m listing git   ]8;id=560241;file:///home/dawid/.local/lib/python3.10/site-packages/setuptools_scm/_file_finders/git.py\[2mgit.py[0m]8;;\[2m:[0m]8;id=5089;file:///home/dawid/.local/lib/python3.10/site-packages/setuptools_scm/_file_finders/git.py#26\[2m26[0m]8;;\
[2.929s] [2;36m                    [0m         files failed  [2m         [0m
[2.930s] [2;36m                    [0m         - pretending  [2m         [0m
[2.930s] [2;36m                    [0m         there aren't  [2m         [0m
[2.930s] [2;36m                    [0m         any           [2m         [0m
[2.930s] reading manifest file '../../build/keyboard_teleop/keyboard_teleop.egg-info/SOURCES.txt'
[2.931s] writing manifest file '../../build/keyboard_teleop/keyboard_teleop.egg-info/SOURCES.txt'
[2.931s] running build
[2.931s] running build_py
[2.931s] running install
[2.935s] running install_lib
[2.955s] running install_data
[2.955s] running install_egg_info
[2.973s] removing '/home/dawid/ros2_unity_ws/install/keyboard_teleop/lib/python3.10/site-packages/keyboard_teleop-0.0.0-py3.10.egg-info' (and everything under it)
[2.974s] Copying ../../build/keyboard_teleop/keyboard_teleop.egg-info to /home/dawid/ros2_unity_ws/install/keyboard_teleop/lib/python3.10/site-packages/keyboard_teleop-0.0.0-py3.10.egg-info
[2.974s] running install_scripts
[3.064s] Installing keyboard_teleop script to /home/dawid/ros2_unity_ws/install/keyboard_teleop/lib/keyboard_teleop
[3.064s] writing list of installed files to '/home/dawid/ros2_unity_ws/build/keyboard_teleop/install.log'
[3.113s] Invoked command in '/home/dawid/ros2_unity_ws/src/keyboard_teleop' returned '0': PYTHONPATH=/home/dawid/ros2_unity_ws/build/keyboard_teleop/prefix_override:/usr/lib/python3/dist-packages/colcon_core/task/python/colcon_distutils_commands:/home/dawid/ros2_unity_ws/install/keyboard_teleop/lib/python3.10/site-packages:${PYTHONPATH} /usr/bin/python3 -W ignore:setup.py install is deprecated -W ignore:easy_install command is deprecated setup.py egg_info --egg-base ../../build/keyboard_teleop build --build-base /home/dawid/ros2_unity_ws/build/keyboard_teleop/build install --record /home/dawid/ros2_unity_ws/build/keyboard_teleop/install.log --single-version-externally-managed install_data
