[3.673s] Invoking command in '/home/dawid/ros2_unity_ws/src/obstacle_avoidance': PYTHONPATH=/home/dawid/ros2_unity_ws/build/obstacle_avoidance/prefix_override:/usr/lib/python3/dist-packages/colcon_core/task/python/colcon_distutils_commands:/home/dawid/ros2_unity_ws/install/obstacle_avoidance/lib/python3.10/site-packages:${PYTHONPATH} /usr/bin/python3 -W ignore:setup.py install is deprecated -W ignore:easy_install command is deprecated setup.py egg_info --egg-base ../../build/obstacle_avoidance build --build-base /home/dawid/ros2_unity_ws/build/obstacle_avoidance/build install --record /home/dawid/ros2_unity_ws/build/obstacle_avoidance/install.log --single-version-externally-managed install_data
[4.457s] running egg_info
[4.489s] writing ../../build/obstacle_avoidance/obstacle_avoidance.egg-info/PKG-INFO
[4.489s] writing dependency_links to ../../build/obstacle_avoidance/obstacle_avoidance.egg-info/dependency_links.txt
[4.490s] writing entry points to ../../build/obstacle_avoidance/obstacle_avoidance.egg-info/entry_points.txt
[4.490s] writing requirements to ../../build/obstacle_avoidance/obstacle_avoidance.egg-info/requires.txt
[4.490s] writing top-level names to ../../build/obstacle_avoidance/obstacle_avoidance.egg-info/top_level.txt
[4.637s] [2;36m[11/08/25 13:55:53][0m[2;36m [0m[1;31mERROR   [0m listing git files failed - pretending     ]8;id=656930;file:///home/dawid/.local/lib/python3.10/site-packages/setuptools_scm/_file_finders/git.py\[2mgit.py[0m]8;;\[2m:[0m]8;id=634479;file:///home/dawid/.local/lib/python3.10/site-packages/setuptools_scm/_file_finders/git.py#26\[2m26[0m]8;;\
[4.637s] [2;36m                    [0m         there aren't any                          [2m         [0m
[4.638s] reading manifest file '../../build/obstacle_avoidance/obstacle_avoidance.egg-info/SOURCES.txt'
[4.640s] writing manifest file '../../build/obstacle_avoidance/obstacle_avoidance.egg-info/SOURCES.txt'
[4.640s] running build
[4.640s] running build_py
[4.640s] copying obstacle_avoidance/obstacle_avoidance.py -> /home/dawid/ros2_unity_ws/build/obstacle_avoidance/build/lib/obstacle_avoidance
[4.641s] running install
[4.647s] running install_lib
[4.681s] copying /home/dawid/ros2_unity_ws/build/obstacle_avoidance/build/lib/obstacle_avoidance/obstacle_avoidance.py -> /home/dawid/ros2_unity_ws/install/obstacle_avoidance/lib/python3.10/site-packages/obstacle_avoidance
[4.682s] byte-compiling /home/dawid/ros2_unity_ws/install/obstacle_avoidance/lib/python3.10/site-packages/obstacle_avoidance/obstacle_avoidance.py to obstacle_avoidance.cpython-310.pyc
[4.683s] byte-compiling /home/dawid/ros2_unity_ws/install/obstacle_avoidance/lib/python3.10/site-packages/obstacle_avoidance/obstacle_avoidance_copy.py to obstacle_avoidance_copy.cpython-310.pyc
[4.684s] Sorry: TabError: inconsistent use of tabs and spaces in indentation (obstacle_avoidance_copy.py, line 55)
[4.684s] running install_data
[4.684s] running install_egg_info
[4.717s] removing '/home/dawid/ros2_unity_ws/install/obstacle_avoidance/lib/python3.10/site-packages/obstacle_avoidance-0.0.0-py3.10.egg-info' (and everything under it)
[4.717s] Copying ../../build/obstacle_avoidance/obstacle_avoidance.egg-info to /home/dawid/ros2_unity_ws/install/obstacle_avoidance/lib/python3.10/site-packages/obstacle_avoidance-0.0.0-py3.10.egg-info
[4.719s] running install_scripts
[4.869s] Installing obstacle_avoidance script to /home/dawid/ros2_unity_ws/install/obstacle_avoidance/lib/obstacle_avoidance
[4.869s] writing list of installed files to '/home/dawid/ros2_unity_ws/build/obstacle_avoidance/install.log'
[4.966s] Invoked command in '/home/dawid/ros2_unity_ws/src/obstacle_avoidance' returned '0': PYTHONPATH=/home/dawid/ros2_unity_ws/build/obstacle_avoidance/prefix_override:/usr/lib/python3/dist-packages/colcon_core/task/python/colcon_distutils_commands:/home/dawid/ros2_unity_ws/install/obstacle_avoidance/lib/python3.10/site-packages:${PYTHONPATH} /usr/bin/python3 -W ignore:setup.py install is deprecated -W ignore:easy_install command is deprecated setup.py egg_info --egg-base ../../build/obstacle_avoidance build --build-base /home/dawid/ros2_unity_ws/build/obstacle_avoidance/build install --record /home/dawid/ros2_unity_ws/build/obstacle_avoidance/install.log --single-version-externally-managed install_data
