[0.120s] [34mcolcon[0m [1;30mDEBUG[0m [32mCommand line arguments: ['/bin/colcon', 'build', '--symlink-install'][0m
[0.120s] [34mcolcon[0m [1;30mDEBUG[0m [32mParsed command line arguments: Namespace(log_base=None, log_level=None, verb_name='build', build_base='build', install_base='install', merge_install=False, symlink_install=True, test_result_base=None, continue_on_error=False, executor='parallel', parallel_workers=16, event_handlers=None, ignore_user_meta=False, metas=['./colcon.meta'], base_paths=['.'], packages_ignore=None, packages_ignore_regex=None, paths=None, packages_up_to=None, packages_up_to_regex=None, packages_above=None, packages_above_and_dependencies=None, packages_above_depth=None, packages_select_by_dep=None, packages_skip_by_dep=None, packages_skip_up_to=None, packages_select_build_failed=False, packages_skip_build_finished=False, packages_select_test_failures=False, packages_skip_test_passed=False, packages_select=None, packages_skip=None, packages_select_regex=None, packages_skip_regex=None, packages_start=None, packages_end=None, allow_overriding=[], cmake_args=None, cmake_target=None, cmake_target_skip_unavailable=False, cmake_clean_cache=False, cmake_clean_first=False, cmake_force_configure=False, ament_cmake_args=None, catkin_cmake_args=None, catkin_skip_building_tests=False, mixin_files=None, mixin=None, verb_parser=<colcon_mixin.mixin.mixin_argument.MixinArgumentDecorator object at 0x701d4d83d9c0>, verb_extension=<colcon_core.verb.build.BuildVerb object at 0x701d4d83d570>, main=<bound method BuildVerb.main of <colcon_core.verb.build.BuildVerb object at 0x701d4d83d570>>, mixin_verb=('build',))[0m
[0.348s] [34mcolcon.colcon_core.package_discovery[0m [1;30mLevel 1[0m discover_packages(colcon_meta) check parameters
[0.348s] [34mcolcon.colcon_core.package_discovery[0m [1;30mLevel 1[0m discover_packages(recursive) check parameters
[0.348s] [34mcolcon.colcon_core.package_discovery[0m [1;30mLevel 1[0m discover_packages(ignore) check parameters
[0.348s] [34mcolcon.colcon_core.package_discovery[0m [1;30mLevel 1[0m discover_packages(path) check parameters
[0.348s] [34mcolcon.colcon_core.package_discovery[0m [1;30mLevel 1[0m discover_packages(colcon_meta) discover
[0.348s] [34mcolcon.colcon_core.package_discovery[0m [1;30mLevel 1[0m discover_packages(recursive) discover
[0.348s] [34mcolcon.colcon_core.package_discovery[0m [1;30mINFO[0m Crawling recursively for packages in '/home/dawid/ros2_unity_ws'
[0.348s] [34mcolcon.colcon_core.package_identification[0m [1;30mLevel 1[0m _identify(.) by extensions ['ignore', 'ignore_ament_install']
[0.348s] [34mcolcon.colcon_core.package_identification[0m [1;30mLevel 1[0m _identify(.) by extension 'ignore'
[0.348s] [34mcolcon.colcon_core.package_identification[0m [1;30mLevel 1[0m _identify(.) by extension 'ignore_ament_install'
[0.348s] [34mcolcon.colcon_core.package_identification[0m [1;30mLevel 1[0m _identify(.) by extensions ['colcon_pkg']
[0.349s] [34mcolcon.colcon_core.package_identification[0m [1;30mLevel 1[0m _identify(.) by extension 'colcon_pkg'
[0.349s] [34mcolcon.colcon_core.package_identification[0m [1;30mLevel 1[0m _identify(.) by extensions ['colcon_meta']
[0.349s] [34mcolcon.colcon_core.package_identification[0m [1;30mLevel 1[0m _identify(.) by extension 'colcon_meta'
[0.349s] [34mcolcon.colcon_core.package_identification[0m [1;30mLevel 1[0m _identify(.) by extensions ['ros']
[0.349s] [34mcolcon.colcon_core.package_identification[0m [1;30mLevel 1[0m _identify(.) by extension 'ros'
[0.367s] [34mcolcon.colcon_core.package_identification[0m [1;30mLevel 1[0m _identify(.) by extensions ['cmake', 'python']
[0.367s] [34mcolcon.colcon_core.package_identification[0m [1;30mLevel 1[0m _identify(.) by extension 'cmake'
[0.367s] [34mcolcon.colcon_core.package_identification[0m [1;30mLevel 1[0m _identify(.) by extension 'python'
[0.367s] [34mcolcon.colcon_core.package_identification[0m [1;30mLevel 1[0m _identify(.) by extensions ['python_setup_py']
[0.367s] [34mcolcon.colcon_core.package_identification[0m [1;30mLevel 1[0m _identify(.) by extension 'python_setup_py'
[0.367s] [34mcolcon.colcon_core.package_identification[0m [1;30mLevel 1[0m _identify(build) by extensions ['ignore', 'ignore_ament_install']
[0.367s] [34mcolcon.colcon_core.package_identification[0m [1;30mLevel 1[0m _identify(build) by extension 'ignore'
[0.367s] [34mcolcon.colcon_core.package_identification[0m [1;30mLevel 1[0m _identify(build) ignored
[0.367s] [34mcolcon.colcon_core.package_identification[0m [1;30mLevel 1[0m _identify(install) by extensions ['ignore', 'ignore_ament_install']
[0.367s] [34mcolcon.colcon_core.package_identification[0m [1;30mLevel 1[0m _identify(install) by extension 'ignore'
[0.367s] [34mcolcon.colcon_core.package_identification[0m [1;30mLevel 1[0m _identify(install) ignored
[0.367s] [34mcolcon.colcon_core.package_identification[0m [1;30mLevel 1[0m _identify(log) by extensions ['ignore', 'ignore_ament_install']
[0.367s] [34mcolcon.colcon_core.package_identification[0m [1;30mLevel 1[0m _identify(log) by extension 'ignore'
[0.367s] [34mcolcon.colcon_core.package_identification[0m [1;30mLevel 1[0m _identify(log) ignored
[0.367s] [34mcolcon.colcon_core.package_identification[0m [1;30mLevel 1[0m _identify(src) by extensions ['ignore', 'ignore_ament_install']
[0.368s] [34mcolcon.colcon_core.package_identification[0m [1;30mLevel 1[0m _identify(src) by extension 'ignore'
[0.368s] [34mcolcon.colcon_core.package_identification[0m [1;30mLevel 1[0m _identify(src) by extension 'ignore_ament_install'
[0.368s] [34mcolcon.colcon_core.package_identification[0m [1;30mLevel 1[0m _identify(src) by extensions ['colcon_pkg']
[0.368s] [34mcolcon.colcon_core.package_identification[0m [1;30mLevel 1[0m _identify(src) by extension 'colcon_pkg'
[0.368s] [34mcolcon.colcon_core.package_identification[0m [1;30mLevel 1[0m _identify(src) by extensions ['colcon_meta']
[0.368s] [34mcolcon.colcon_core.package_identification[0m [1;30mLevel 1[0m _identify(src) by extension 'colcon_meta'
[0.368s] [34mcolcon.colcon_core.package_identification[0m [1;30mLevel 1[0m _identify(src) by extensions ['ros']
[0.368s] [34mcolcon.colcon_core.package_identification[0m [1;30mLevel 1[0m _identify(src) by extension 'ros'
[0.368s] [34mcolcon.colcon_core.package_identification[0m [1;30mLevel 1[0m _identify(src) by extensions ['cmake', 'python']
[0.368s] [34mcolcon.colcon_core.package_identification[0m [1;30mLevel 1[0m _identify(src) by extension 'cmake'
[0.368s] [34mcolcon.colcon_core.package_identification[0m [1;30mLevel 1[0m _identify(src) by extension 'python'
[0.368s] [34mcolcon.colcon_core.package_identification[0m [1;30mLevel 1[0m _identify(src) by extensions ['python_setup_py']
[0.368s] [34mcolcon.colcon_core.package_identification[0m [1;30mLevel 1[0m _identify(src) by extension 'python_setup_py'
[0.368s] [34mcolcon.colcon_core.package_identification[0m [1;30mLevel 1[0m _identify(src/controller) by extensions ['ignore', 'ignore_ament_install']
[0.368s] [34mcolcon.colcon_core.package_identification[0m [1;30mLevel 1[0m _identify(src/controller) by extension 'ignore'
[0.368s] [34mcolcon.colcon_core.package_identification[0m [1;30mLevel 1[0m _identify(src/controller) by extension 'ignore_ament_install'
[0.368s] [34mcolcon.colcon_core.package_identification[0m [1;30mLevel 1[0m _identify(src/controller) by extensions ['colcon_pkg']
[0.368s] [34mcolcon.colcon_core.package_identification[0m [1;30mLevel 1[0m _identify(src/controller) by extension 'colcon_pkg'
[0.368s] [34mcolcon.colcon_core.package_identification[0m [1;30mLevel 1[0m _identify(src/controller) by extensions ['colcon_meta']
[0.368s] [34mcolcon.colcon_core.package_identification[0m [1;30mLevel 1[0m _identify(src/controller) by extension 'colcon_meta'
[0.368s] [34mcolcon.colcon_core.package_identification[0m [1;30mLevel 1[0m _identify(src/controller) by extensions ['ros']
[0.368s] [34mcolcon.colcon_core.package_identification[0m [1;30mLevel 1[0m _identify(src/controller) by extension 'ros'
[0.371s] [34mcolcon.colcon_core.package_identification[0m [1;30mDEBUG[0m [32mPackage 'src/controller' with type 'ros.ament_cmake' and name 'controller'[0m
[0.371s] [34mcolcon.colcon_core.package_identification[0m [1;30mLevel 1[0m _identify(src/description) by extensions ['ignore', 'ignore_ament_install']
[0.371s] [34mcolcon.colcon_core.package_identification[0m [1;30mLevel 1[0m _identify(src/description) by extension 'ignore'
[0.371s] [34mcolcon.colcon_core.package_identification[0m [1;30mLevel 1[0m _identify(src/description) by extension 'ignore_ament_install'
[0.371s] [34mcolcon.colcon_core.package_identification[0m [1;30mLevel 1[0m _identify(src/description) by extensions ['colcon_pkg']
[0.371s] [34mcolcon.colcon_core.package_identification[0m [1;30mLevel 1[0m _identify(src/description) by extension 'colcon_pkg'
[0.371s] [34mcolcon.colcon_core.package_identification[0m [1;30mLevel 1[0m _identify(src/description) by extensions ['colcon_meta']
[0.371s] [34mcolcon.colcon_core.package_identification[0m [1;30mLevel 1[0m _identify(src/description) by extension 'colcon_meta'
[0.371s] [34mcolcon.colcon_core.package_identification[0m [1;30mLevel 1[0m _identify(src/description) by extensions ['ros']
[0.371s] [34mcolcon.colcon_core.package_identification[0m [1;30mLevel 1[0m _identify(src/description) by extension 'ros'
[0.375s] [34mcolcon.colcon_core.package_identification[0m [1;30mDEBUG[0m [32mPackage 'src/description' with type 'ros.ament_python' and name 'description'[0m
[0.375s] [34mcolcon.colcon_core.package_identification[0m [1;30mLevel 1[0m _identify(src/keyboard_teleop) by extensions ['ignore', 'ignore_ament_install']
[0.375s] [34mcolcon.colcon_core.package_identification[0m [1;30mLevel 1[0m _identify(src/keyboard_teleop) by extension 'ignore'
[0.375s] [34mcolcon.colcon_core.package_identification[0m [1;30mLevel 1[0m _identify(src/keyboard_teleop) by extension 'ignore_ament_install'
[0.375s] [34mcolcon.colcon_core.package_identification[0m [1;30mLevel 1[0m _identify(src/keyboard_teleop) by extensions ['colcon_pkg']
[0.375s] [34mcolcon.colcon_core.package_identification[0m [1;30mLevel 1[0m _identify(src/keyboard_teleop) by extension 'colcon_pkg'
[0.375s] [34mcolcon.colcon_core.package_identification[0m [1;30mLevel 1[0m _identify(src/keyboard_teleop) by extensions ['colcon_meta']
[0.375s] [34mcolcon.colcon_core.package_identification[0m [1;30mLevel 1[0m _identify(src/keyboard_teleop) by extension 'colcon_meta'
[0.375s] [34mcolcon.colcon_core.package_identification[0m [1;30mLevel 1[0m _identify(src/keyboard_teleop) by extensions ['ros']
[0.375s] [34mcolcon.colcon_core.package_identification[0m [1;30mLevel 1[0m _identify(src/keyboard_teleop) by extension 'ros'
[0.376s] [34mcolcon.colcon_core.package_identification[0m [1;30mDEBUG[0m [32mPackage 'src/keyboard_teleop' with type 'ros.ament_python' and name 'keyboard_teleop'[0m
[0.376s] [34mcolcon.colcon_core.package_identification[0m [1;30mLevel 1[0m _identify(src/ros_tcp_endpoint) by extensions ['ignore', 'ignore_ament_install']
[0.376s] [34mcolcon.colcon_core.package_identification[0m [1;30mLevel 1[0m _identify(src/ros_tcp_endpoint) by extension 'ignore'
[0.376s] [34mcolcon.colcon_core.package_identification[0m [1;30mLevel 1[0m _identify(src/ros_tcp_endpoint) by extension 'ignore_ament_install'
[0.376s] [34mcolcon.colcon_core.package_identification[0m [1;30mLevel 1[0m _identify(src/ros_tcp_endpoint) by extensions ['colcon_pkg']
[0.376s] [34mcolcon.colcon_core.package_identification[0m [1;30mLevel 1[0m _identify(src/ros_tcp_endpoint) by extension 'colcon_pkg'
[0.376s] [34mcolcon.colcon_core.package_identification[0m [1;30mLevel 1[0m _identify(src/ros_tcp_endpoint) by extensions ['colcon_meta']
[0.376s] [34mcolcon.colcon_core.package_identification[0m [1;30mLevel 1[0m _identify(src/ros_tcp_endpoint) by extension 'colcon_meta'
[0.376s] [34mcolcon.colcon_core.package_identification[0m [1;30mLevel 1[0m _identify(src/ros_tcp_endpoint) by extensions ['ros']
[0.376s] [34mcolcon.colcon_core.package_identification[0m [1;30mLevel 1[0m _identify(src/ros_tcp_endpoint) by extension 'ros'
[0.377s] [34mcolcon.colcon_core.package_identification[0m [1;30mDEBUG[0m [32mPackage 'src/ros_tcp_endpoint' with type 'ros.ament_python' and name 'ros_tcp_endpoint'[0m
[0.377s] [34mcolcon.colcon_core.package_discovery[0m [1;30mLevel 1[0m discover_packages(recursive) using defaults
[0.377s] [34mcolcon.colcon_core.package_discovery[0m [1;30mLevel 1[0m discover_packages(ignore) discover
[0.377s] [34mcolcon.colcon_core.package_discovery[0m [1;30mLevel 1[0m discover_packages(ignore) using defaults
[0.377s] [34mcolcon.colcon_core.package_discovery[0m [1;30mLevel 1[0m discover_packages(path) discover
[0.377s] [34mcolcon.colcon_core.package_discovery[0m [1;30mLevel 1[0m discover_packages(path) using defaults
[0.390s] [34mcolcon.colcon_core.package_discovery[0m [1;30mLevel 1[0m discover_packages(prefix_path) check parameters
[0.390s] [34mcolcon.colcon_core.package_discovery[0m [1;30mLevel 1[0m discover_packages(prefix_path) discover
[0.391s] [34mcolcon.colcon_ros.prefix_path.ament[0m [1;30mWARNING[0m [33mThe path '/home/dawid/ros2_unity_ws/install/ros_tcp_endpoint' in the environment variable AMENT_PREFIX_PATH doesn't exist[0m
[0.391s] [34mcolcon.colcon_ros.prefix_path.ament[0m [1;30mWARNING[0m [33mThe path '/home/dawid/ros2_unity_ws/install/keyboard_teleop' in the environment variable AMENT_PREFIX_PATH doesn't exist[0m
[0.391s] [34mcolcon.colcon_ros.prefix_path.ament[0m [1;30mWARNING[0m [33mThe path '/home/dawid/ros2_unity_ws/install/description' in the environment variable AMENT_PREFIX_PATH doesn't exist[0m
[0.391s] [34mcolcon.colcon_ros.prefix_path.ament[0m [1;30mWARNING[0m [33mThe path '/home/dawid/ros2_unity_ws/install/controller' in the environment variable AMENT_PREFIX_PATH doesn't exist[0m
[0.392s] [34mcolcon.colcon_ros.prefix_path.catkin[0m [1;30mWARNING[0m [33mThe path '/home/dawid/ros2_unity_ws/install/controller' in the environment variable CMAKE_PREFIX_PATH doesn't exist[0m
[0.392s] [34mcolcon.colcon_installed_package_information.package_discovery[0m [1;30mDEBUG[0m [32mFound 0 installed packages in /home/dawid/ros2_unity_ws/install[0m
[0.393s] [34mcolcon.colcon_installed_package_information.package_discovery[0m [1;30mDEBUG[0m [32mFound 4 installed packages in /home/dawid/agh_unity/install[0m
[0.394s] [34mcolcon.colcon_installed_package_information.package_discovery[0m [1;30mDEBUG[0m [32mFound 453 installed packages in /opt/ros/humble[0m
[0.396s] [34mcolcon.colcon_core.package_discovery[0m [1;30mLevel 1[0m discover_packages(prefix_path) using defaults
[0.474s] [34mcolcon.colcon_core.verb[0m [1;30mLevel 5[0m set package 'controller' build argument 'cmake_args' from command line to 'None'
[0.474s] [34mcolcon.colcon_core.verb[0m [1;30mLevel 5[0m set package 'controller' build argument 'cmake_target' from command line to 'None'
[0.474s] [34mcolcon.colcon_core.verb[0m [1;30mLevel 5[0m set package 'controller' build argument 'cmake_target_skip_unavailable' from command line to 'False'
[0.474s] [34mcolcon.colcon_core.verb[0m [1;30mLevel 5[0m set package 'controller' build argument 'cmake_clean_cache' from command line to 'False'
[0.474s] [34mcolcon.colcon_core.verb[0m [1;30mLevel 5[0m set package 'controller' build argument 'cmake_clean_first' from command line to 'False'
[0.474s] [34mcolcon.colcon_core.verb[0m [1;30mLevel 5[0m set package 'controller' build argument 'cmake_force_configure' from command line to 'False'
[0.474s] [34mcolcon.colcon_core.verb[0m [1;30mLevel 5[0m set package 'controller' build argument 'ament_cmake_args' from command line to 'None'
[0.474s] [34mcolcon.colcon_core.verb[0m [1;30mLevel 5[0m set package 'controller' build argument 'catkin_cmake_args' from command line to 'None'
[0.474s] [34mcolcon.colcon_core.verb[0m [1;30mLevel 5[0m set package 'controller' build argument 'catkin_skip_building_tests' from command line to 'False'
[0.474s] [34mcolcon.colcon_core.verb[0m [1;30mDEBUG[0m [32mBuilding package 'controller' with the following arguments: {'ament_cmake_args': None, 'build_base': '/home/dawid/ros2_unity_ws/build/controller', 'catkin_cmake_args': None, 'catkin_skip_building_tests': False, 'cmake_args': None, 'cmake_clean_cache': False, 'cmake_clean_first': False, 'cmake_force_configure': False, 'cmake_target': None, 'cmake_target_skip_unavailable': False, 'install_base': '/home/dawid/ros2_unity_ws/install/controller', 'merge_install': False, 'path': '/home/dawid/ros2_unity_ws/src/controller', 'symlink_install': True, 'test_result_base': None}[0m
[0.475s] [34mcolcon.colcon_core.verb[0m [1;30mLevel 5[0m set package 'description' build argument 'cmake_args' from command line to 'None'
[0.475s] [34mcolcon.colcon_core.verb[0m [1;30mLevel 5[0m set package 'description' build argument 'cmake_target' from command line to 'None'
[0.475s] [34mcolcon.colcon_core.verb[0m [1;30mLevel 5[0m set package 'description' build argument 'cmake_target_skip_unavailable' from command line to 'False'
[0.475s] [34mcolcon.colcon_core.verb[0m [1;30mLevel 5[0m set package 'description' build argument 'cmake_clean_cache' from command line to 'False'
[0.475s] [34mcolcon.colcon_core.verb[0m [1;30mLevel 5[0m set package 'description' build argument 'cmake_clean_first' from command line to 'False'
[0.475s] [34mcolcon.colcon_core.verb[0m [1;30mLevel 5[0m set package 'description' build argument 'cmake_force_configure' from command line to 'False'
[0.475s] [34mcolcon.colcon_core.verb[0m [1;30mLevel 5[0m set package 'description' build argument 'ament_cmake_args' from command line to 'None'
[0.475s] [34mcolcon.colcon_core.verb[0m [1;30mLevel 5[0m set package 'description' build argument 'catkin_cmake_args' from command line to 'None'
[0.475s] [34mcolcon.colcon_core.verb[0m [1;30mLevel 5[0m set package 'description' build argument 'catkin_skip_building_tests' from command line to 'False'
[0.475s] [34mcolcon.colcon_core.verb[0m [1;30mDEBUG[0m [32mBuilding package 'description' with the following arguments: {'ament_cmake_args': None, 'build_base': '/home/dawid/ros2_unity_ws/build/description', 'catkin_cmake_args': None, 'catkin_skip_building_tests': False, 'cmake_args': None, 'cmake_clean_cache': False, 'cmake_clean_first': False, 'cmake_force_configure': False, 'cmake_target': None, 'cmake_target_skip_unavailable': False, 'install_base': '/home/dawid/ros2_unity_ws/install/description', 'merge_install': False, 'path': '/home/dawid/ros2_unity_ws/src/description', 'symlink_install': True, 'test_result_base': None}[0m
[0.475s] [34mcolcon.colcon_core.verb[0m [1;30mLevel 5[0m set package 'keyboard_teleop' build argument 'cmake_args' from command line to 'None'
[0.475s] [34mcolcon.colcon_core.verb[0m [1;30mLevel 5[0m set package 'keyboard_teleop' build argument 'cmake_target' from command line to 'None'
[0.475s] [34mcolcon.colcon_core.verb[0m [1;30mLevel 5[0m set package 'keyboard_teleop' build argument 'cmake_target_skip_unavailable' from command line to 'False'
[0.475s] [34mcolcon.colcon_core.verb[0m [1;30mLevel 5[0m set package 'keyboard_teleop' build argument 'cmake_clean_cache' from command line to 'False'
[0.475s] [34mcolcon.colcon_core.verb[0m [1;30mLevel 5[0m set package 'keyboard_teleop' build argument 'cmake_clean_first' from command line to 'False'
[0.475s] [34mcolcon.colcon_core.verb[0m [1;30mLevel 5[0m set package 'keyboard_teleop' build argument 'cmake_force_configure' from command line to 'False'
[0.475s] [34mcolcon.colcon_core.verb[0m [1;30mLevel 5[0m set package 'keyboard_teleop' build argument 'ament_cmake_args' from command line to 'None'
[0.475s] [34mcolcon.colcon_core.verb[0m [1;30mLevel 5[0m set package 'keyboard_teleop' build argument 'catkin_cmake_args' from command line to 'None'
[0.475s] [34mcolcon.colcon_core.verb[0m [1;30mLevel 5[0m set package 'keyboard_teleop' build argument 'catkin_skip_building_tests' from command line to 'False'
[0.475s] [34mcolcon.colcon_core.verb[0m [1;30mDEBUG[0m [32mBuilding package 'keyboard_teleop' with the following arguments: {'ament_cmake_args': None, 'build_base': '/home/dawid/ros2_unity_ws/build/keyboard_teleop', 'catkin_cmake_args': None, 'catkin_skip_building_tests': False, 'cmake_args': None, 'cmake_clean_cache': False, 'cmake_clean_first': False, 'cmake_force_configure': False, 'cmake_target': None, 'cmake_target_skip_unavailable': False, 'install_base': '/home/dawid/ros2_unity_ws/install/keyboard_teleop', 'merge_install': False, 'path': '/home/dawid/ros2_unity_ws/src/keyboard_teleop', 'symlink_install': True, 'test_result_base': None}[0m
[0.475s] [34mcolcon.colcon_core.verb[0m [1;30mLevel 5[0m set package 'ros_tcp_endpoint' build argument 'cmake_args' from command line to 'None'
[0.475s] [34mcolcon.colcon_core.verb[0m [1;30mLevel 5[0m set package 'ros_tcp_endpoint' build argument 'cmake_target' from command line to 'None'
[0.475s] [34mcolcon.colcon_core.verb[0m [1;30mLevel 5[0m set package 'ros_tcp_endpoint' build argument 'cmake_target_skip_unavailable' from command line to 'False'
[0.475s] [34mcolcon.colcon_core.verb[0m [1;30mLevel 5[0m set package 'ros_tcp_endpoint' build argument 'cmake_clean_cache' from command line to 'False'
[0.475s] [34mcolcon.colcon_core.verb[0m [1;30mLevel 5[0m set package 'ros_tcp_endpoint' build argument 'cmake_clean_first' from command line to 'False'
[0.476s] [34mcolcon.colcon_core.verb[0m [1;30mLevel 5[0m set package 'ros_tcp_endpoint' build argument 'cmake_force_configure' from command line to 'False'
[0.476s] [34mcolcon.colcon_core.verb[0m [1;30mLevel 5[0m set package 'ros_tcp_endpoint' build argument 'ament_cmake_args' from command line to 'None'
[0.476s] [34mcolcon.colcon_core.verb[0m [1;30mLevel 5[0m set package 'ros_tcp_endpoint' build argument 'catkin_cmake_args' from command line to 'None'
[0.476s] [34mcolcon.colcon_core.verb[0m [1;30mLevel 5[0m set package 'ros_tcp_endpoint' build argument 'catkin_skip_building_tests' from command line to 'False'
[0.476s] [34mcolcon.colcon_core.verb[0m [1;30mDEBUG[0m [32mBuilding package 'ros_tcp_endpoint' with the following arguments: {'ament_cmake_args': None, 'build_base': '/home/dawid/ros2_unity_ws/build/ros_tcp_endpoint', 'catkin_cmake_args': None, 'catkin_skip_building_tests': False, 'cmake_args': None, 'cmake_clean_cache': False, 'cmake_clean_first': False, 'cmake_force_configure': False, 'cmake_target': None, 'cmake_target_skip_unavailable': False, 'install_base': '/home/dawid/ros2_unity_ws/install/ros_tcp_endpoint', 'merge_install': False, 'path': '/home/dawid/ros2_unity_ws/src/ros_tcp_endpoint', 'symlink_install': True, 'test_result_base': None}[0m
[0.476s] [34mcolcon.colcon_core.executor[0m [1;30mINFO[0m Executing jobs using 'parallel' executor
[0.477s] [34mcolcon.colcon_parallel_executor.executor.parallel[0m [1;30mDEBUG[0m [32mrun_until_complete[0m
[0.477s] [34mcolcon.colcon_ros.task.ament_cmake.build[0m [1;30mINFO[0m Building ROS package in '/home/dawid/ros2_unity_ws/src/controller' with build type 'ament_cmake'
[0.477s] [34mcolcon.colcon_cmake.task.cmake.build[0m [1;30mINFO[0m Building CMake package in '/home/dawid/ros2_unity_ws/src/controller'
[0.479s] [34mcolcon.colcon_core.plugin_system[0m [1;30mINFO[0m Skipping extension 'colcon_core.shell.bat': Not used on non-Windows systems
[0.480s] [34mcolcon.colcon_core.shell[0m [1;30mINFO[0m Skip shell extension 'powershell' for command environment: Not usable outside of PowerShell
[0.480s] [34mcolcon.colcon_core.shell[0m [1;30mDEBUG[0m [32mSkip shell extension 'dsv' for command environment[0m
[0.483s] [34mcolcon.colcon_ros.task.ament_python.build[0m [1;30mINFO[0m Building ROS package in '/home/dawid/ros2_unity_ws/src/description' with build type 'ament_python'
[0.483s] [34mcolcon.colcon_core.shell[0m [1;30mLevel 1[0m create_environment_hook('description', 'ament_prefix_path')
[0.483s] [34mcolcon.colcon_core.shell[0m [1;30mINFO[0m Creating environment hook '/home/dawid/ros2_unity_ws/install/description/share/description/hook/ament_prefix_path.ps1'
[0.484s] [34mcolcon.colcon_core.shell[0m [1;30mINFO[0m Creating environment descriptor '/home/dawid/ros2_unity_ws/install/description/share/description/hook/ament_prefix_path.dsv'
[0.484s] [34mcolcon.colcon_core.shell[0m [1;30mINFO[0m Creating environment hook '/home/dawid/ros2_unity_ws/install/description/share/description/hook/ament_prefix_path.sh'
[0.484s] [34mcolcon.colcon_core.shell[0m [1;30mINFO[0m Skip shell extension 'powershell' for command environment: Not usable outside of PowerShell
[0.484s] [34mcolcon.colcon_core.shell[0m [1;30mDEBUG[0m [32mSkip shell extension 'dsv' for command environment[0m
[0.487s] [34mcolcon.colcon_ros.task.ament_python.build[0m [1;30mINFO[0m Building ROS package in '/home/dawid/ros2_unity_ws/src/keyboard_teleop' with build type 'ament_python'
[0.488s] [34mcolcon.colcon_core.shell[0m [1;30mLevel 1[0m create_environment_hook('keyboard_teleop', 'ament_prefix_path')
[0.488s] [34mcolcon.colcon_core.shell[0m [1;30mINFO[0m Creating environment hook '/home/dawid/ros2_unity_ws/install/keyboard_teleop/share/keyboard_teleop/hook/ament_prefix_path.ps1'
[0.488s] [34mcolcon.colcon_core.shell[0m [1;30mINFO[0m Creating environment descriptor '/home/dawid/ros2_unity_ws/install/keyboard_teleop/share/keyboard_teleop/hook/ament_prefix_path.dsv'
[0.488s] [34mcolcon.colcon_core.shell[0m [1;30mINFO[0m Creating environment hook '/home/dawid/ros2_unity_ws/install/keyboard_teleop/share/keyboard_teleop/hook/ament_prefix_path.sh'
[0.489s] [34mcolcon.colcon_core.shell[0m [1;30mINFO[0m Skip shell extension 'powershell' for command environment: Not usable outside of PowerShell
[0.489s] [34mcolcon.colcon_core.shell[0m [1;30mDEBUG[0m [32mSkip shell extension 'dsv' for command environment[0m
[0.492s] [34mcolcon.colcon_ros.task.ament_python.build[0m [1;30mINFO[0m Building ROS package in '/home/dawid/ros2_unity_ws/src/ros_tcp_endpoint' with build type 'ament_python'
[0.492s] [34mcolcon.colcon_core.shell[0m [1;30mLevel 1[0m create_environment_hook('ros_tcp_endpoint', 'ament_prefix_path')
[0.492s] [34mcolcon.colcon_core.shell[0m [1;30mINFO[0m Creating environment hook '/home/dawid/ros2_unity_ws/install/ros_tcp_endpoint/share/ros_tcp_endpoint/hook/ament_prefix_path.ps1'
[0.492s] [34mcolcon.colcon_core.shell[0m [1;30mINFO[0m Creating environment descriptor '/home/dawid/ros2_unity_ws/install/ros_tcp_endpoint/share/ros_tcp_endpoint/hook/ament_prefix_path.dsv'
[0.493s] [34mcolcon.colcon_core.shell[0m [1;30mINFO[0m Creating environment hook '/home/dawid/ros2_unity_ws/install/ros_tcp_endpoint/share/ros_tcp_endpoint/hook/ament_prefix_path.sh'
[0.493s] [34mcolcon.colcon_core.shell[0m [1;30mINFO[0m Skip shell extension 'powershell' for command environment: Not usable outside of PowerShell
[0.493s] [34mcolcon.colcon_core.shell[0m [1;30mDEBUG[0m [32mSkip shell extension 'dsv' for command environment[0m
[0.499s] [34mcolcon.colcon_core.event_handler.log_command[0m [1;30mDEBUG[0m [32mInvoking command in '/home/dawid/ros2_unity_ws/build/controller': CMAKE_PREFIX_PATH=${CMAKE_PREFIX_PATH}:/home/dawid/ros2_unity_ws/install/ros_tcp_endpoint:/home/dawid/ros2_unity_ws/install/keyboard_teleop:/home/dawid/ros2_unity_ws/install/description:/opt/ros/humble /bin/cmake /home/dawid/ros2_unity_ws/src/controller -DAMENT_CMAKE_SYMLINK_INSTALL=1 -DCMAKE_INSTALL_PREFIX=/home/dawid/ros2_unity_ws/install/controller[0m
[0.906s] [34mcolcon.colcon_core.task.python.build[0m [1;30mINFO[0m Building Python package in '/home/dawid/ros2_unity_ws/src/description'
[0.906s] [34mcolcon.colcon_core.shell[0m [1;30mINFO[0m Skip shell extension 'powershell' for command environment: Not usable outside of PowerShell
[0.907s] [34mcolcon.colcon_core.shell[0m [1;30mDEBUG[0m [32mSkip shell extension 'dsv' for command environment[0m
[1.312s] [34mcolcon.colcon_core.task.python.build[0m [1;30mINFO[0m Building Python package in '/home/dawid/ros2_unity_ws/src/keyboard_teleop'
[1.312s] [34mcolcon.colcon_core.shell[0m [1;30mINFO[0m Skip shell extension 'powershell' for command environment: Not usable outside of PowerShell
[1.312s] [34mcolcon.colcon_core.shell[0m [1;30mDEBUG[0m [32mSkip shell extension 'dsv' for command environment[0m
[1.719s] [34mcolcon.colcon_core.task.python.build[0m [1;30mINFO[0m Building Python package in '/home/dawid/ros2_unity_ws/src/ros_tcp_endpoint'
[1.719s] [34mcolcon.colcon_core.shell[0m [1;30mINFO[0m Skip shell extension 'powershell' for command environment: Not usable outside of PowerShell
[1.719s] [34mcolcon.colcon_core.shell[0m [1;30mDEBUG[0m [32mSkip shell extension 'dsv' for command environment[0m
[2.040s] [34mcolcon.colcon_core.event_handler.log_command[0m [1;30mDEBUG[0m [32mInvoked command in '/home/dawid/ros2_unity_ws/build/controller' returned '0': CMAKE_PREFIX_PATH=${CMAKE_PREFIX_PATH}:/home/dawid/ros2_unity_ws/install/ros_tcp_endpoint:/home/dawid/ros2_unity_ws/install/keyboard_teleop:/home/dawid/ros2_unity_ws/install/description:/opt/ros/humble /bin/cmake /home/dawid/ros2_unity_ws/src/controller -DAMENT_CMAKE_SYMLINK_INSTALL=1 -DCMAKE_INSTALL_PREFIX=/home/dawid/ros2_unity_ws/install/controller[0m
[2.042s] [34mcolcon.colcon_core.event_handler.log_command[0m [1;30mDEBUG[0m [32mInvoking command in '/home/dawid/ros2_unity_ws/build/controller': CMAKE_PREFIX_PATH=${CMAKE_PREFIX_PATH}:/home/dawid/ros2_unity_ws/install/ros_tcp_endpoint:/home/dawid/ros2_unity_ws/install/keyboard_teleop:/home/dawid/ros2_unity_ws/install/description:/opt/ros/humble /bin/cmake --build /home/dawid/ros2_unity_ws/build/controller -- -j16 -l16[0m
[2.082s] [34mcolcon.colcon_core.event_handler.log_command[0m [1;30mDEBUG[0m [32mInvoked command in '/home/dawid/ros2_unity_ws/build/controller' returned '0': CMAKE_PREFIX_PATH=${CMAKE_PREFIX_PATH}:/home/dawid/ros2_unity_ws/install/ros_tcp_endpoint:/home/dawid/ros2_unity_ws/install/keyboard_teleop:/home/dawid/ros2_unity_ws/install/description:/opt/ros/humble /bin/cmake --build /home/dawid/ros2_unity_ws/build/controller -- -j16 -l16[0m
[2.092s] [34mcolcon.colcon_core.event_handler.log_command[0m [1;30mDEBUG[0m [32mInvoking command in '/home/dawid/ros2_unity_ws/build/controller': CMAKE_PREFIX_PATH=${CMAKE_PREFIX_PATH}:/home/dawid/ros2_unity_ws/install/ros_tcp_endpoint:/home/dawid/ros2_unity_ws/install/keyboard_teleop:/home/dawid/ros2_unity_ws/install/description:/opt/ros/humble /bin/cmake --install /home/dawid/ros2_unity_ws/build/controller[0m
[2.250s] [34mcolcon.colcon_core.environment[0m [1;30mLevel 1[0m create_environment_scripts_only(controller)
[2.251s] [34mcolcon.colcon_core.event_handler.log_command[0m [1;30mDEBUG[0m [32mInvoked command in '/home/dawid/ros2_unity_ws/build/controller' returned '0': CMAKE_PREFIX_PATH=${CMAKE_PREFIX_PATH}:/home/dawid/ros2_unity_ws/install/ros_tcp_endpoint:/home/dawid/ros2_unity_ws/install/keyboard_teleop:/home/dawid/ros2_unity_ws/install/description:/opt/ros/humble /bin/cmake --install /home/dawid/ros2_unity_ws/build/controller[0m
[2.253s] [34mcolcon.colcon_core.environment[0m [1;30mLevel 1[0m checking '/home/dawid/ros2_unity_ws/install/controller' for CMake module files
[2.253s] [34mcolcon.colcon_core.environment[0m [1;30mLevel 1[0m checking '/home/dawid/ros2_unity_ws/install/controller' for CMake config files
[2.253s] [34mcolcon.colcon_core.shell[0m [1;30mLevel 1[0m create_environment_hook('controller', 'cmake_prefix_path')
[2.254s] [34mcolcon.colcon_core.shell[0m [1;30mINFO[0m Creating environment hook '/home/dawid/ros2_unity_ws/install/controller/share/controller/hook/cmake_prefix_path.ps1'
[2.254s] [34mcolcon.colcon_core.shell[0m [1;30mINFO[0m Creating environment descriptor '/home/dawid/ros2_unity_ws/install/controller/share/controller/hook/cmake_prefix_path.dsv'
[2.254s] [34mcolcon.colcon_core.shell[0m [1;30mINFO[0m Creating environment hook '/home/dawid/ros2_unity_ws/install/controller/share/controller/hook/cmake_prefix_path.sh'
[2.255s] [34mcolcon.colcon_core.environment[0m [1;30mLevel 1[0m checking '/home/dawid/ros2_unity_ws/install/controller/bin'
[2.255s] [34mcolcon.colcon_core.environment[0m [1;30mLevel 1[0m checking '/home/dawid/ros2_unity_ws/install/controller/lib/pkgconfig/controller.pc'
[2.255s] [34mcolcon.colcon_core.environment[0m [1;30mLevel 1[0m checking '/home/dawid/ros2_unity_ws/install/controller/lib/python3.10/site-packages'
[2.255s] [34mcolcon.colcon_core.environment[0m [1;30mLevel 1[0m checking '/home/dawid/ros2_unity_ws/install/controller/bin'
[2.255s] [34mcolcon.colcon_core.shell[0m [1;30mINFO[0m Creating package script '/home/dawid/ros2_unity_ws/install/controller/share/controller/package.ps1'
[2.256s] [34mcolcon.colcon_core.shell[0m [1;30mINFO[0m Creating package descriptor '/home/dawid/ros2_unity_ws/install/controller/share/controller/package.dsv'
[2.256s] [34mcolcon.colcon_core.shell[0m [1;30mINFO[0m Creating package script '/home/dawid/ros2_unity_ws/install/controller/share/controller/package.sh'
[2.257s] [34mcolcon.colcon_core.shell[0m [1;30mINFO[0m Creating package script '/home/dawid/ros2_unity_ws/install/controller/share/controller/package.bash'
[2.257s] [34mcolcon.colcon_core.shell[0m [1;30mINFO[0m Creating package script '/home/dawid/ros2_unity_ws/install/controller/share/controller/package.zsh'
[2.258s] [34mcolcon.colcon_core.environment[0m [1;30mLevel 1[0m create_file_with_runtime_dependencies(/home/dawid/ros2_unity_ws/install/controller/share/colcon-core/packages/controller)
[2.258s] [34mcolcon.colcon_core.environment[0m [1;30mLevel 1[0m create_environment_scripts_only(controller)
[2.258s] [34mcolcon.colcon_core.environment[0m [1;30mLevel 1[0m checking '/home/dawid/ros2_unity_ws/install/controller' for CMake module files
[2.258s] [34mcolcon.colcon_core.environment[0m [1;30mLevel 1[0m checking '/home/dawid/ros2_unity_ws/install/controller' for CMake config files
[2.259s] [34mcolcon.colcon_core.shell[0m [1;30mLevel 1[0m create_environment_hook('controller', 'cmake_prefix_path')
[2.259s] [34mcolcon.colcon_core.shell[0m [1;30mINFO[0m Creating environment hook '/home/dawid/ros2_unity_ws/install/controller/share/controller/hook/cmake_prefix_path.ps1'
[2.259s] [34mcolcon.colcon_core.shell[0m [1;30mINFO[0m Creating environment descriptor '/home/dawid/ros2_unity_ws/install/controller/share/controller/hook/cmake_prefix_path.dsv'
[2.259s] [34mcolcon.colcon_core.shell[0m [1;30mINFO[0m Creating environment hook '/home/dawid/ros2_unity_ws/install/controller/share/controller/hook/cmake_prefix_path.sh'
[2.260s] [34mcolcon.colcon_core.environment[0m [1;30mLevel 1[0m checking '/home/dawid/ros2_unity_ws/install/controller/bin'
[2.260s] [34mcolcon.colcon_core.environment[0m [1;30mLevel 1[0m checking '/home/dawid/ros2_unity_ws/install/controller/lib/pkgconfig/controller.pc'
[2.260s] [34mcolcon.colcon_core.environment[0m [1;30mLevel 1[0m checking '/home/dawid/ros2_unity_ws/install/controller/lib/python3.10/site-packages'
[2.260s] [34mcolcon.colcon_core.environment[0m [1;30mLevel 1[0m checking '/home/dawid/ros2_unity_ws/install/controller/bin'
[2.260s] [34mcolcon.colcon_core.shell[0m [1;30mINFO[0m Creating package script '/home/dawid/ros2_unity_ws/install/controller/share/controller/package.ps1'
[2.261s] [34mcolcon.colcon_core.shell[0m [1;30mINFO[0m Creating package descriptor '/home/dawid/ros2_unity_ws/install/controller/share/controller/package.dsv'
[2.261s] [34mcolcon.colcon_core.shell[0m [1;30mINFO[0m Creating package script '/home/dawid/ros2_unity_ws/install/controller/share/controller/package.sh'
[2.261s] [34mcolcon.colcon_core.shell[0m [1;30mINFO[0m Creating package script '/home/dawid/ros2_unity_ws/install/controller/share/controller/package.bash'
[2.261s] [34mcolcon.colcon_core.shell[0m [1;30mINFO[0m Creating package script '/home/dawid/ros2_unity_ws/install/controller/share/controller/package.zsh'
[2.262s] [34mcolcon.colcon_core.environment[0m [1;30mLevel 1[0m create_file_with_runtime_dependencies(/home/dawid/ros2_unity_ws/install/controller/share/colcon-core/packages/controller)
[2.505s] [34mcolcon.colcon_core.event_handler.log_command[0m [1;30mDEBUG[0m [32mInvoking command in '/home/dawid/ros2_unity_ws/build/keyboard_teleop': PYTHONPATH=/home/dawid/ros2_unity_ws/build/keyboard_teleop/prefix_override:/usr/lib/python3/dist-packages/colcon_core/task/python/colcon_distutils_commands:/home/dawid/ros2_unity_ws/install/keyboard_teleop/lib/python3.10/site-packages:${PYTHONPATH} /usr/bin/python3 -W ignore:setup.py install is deprecated -W ignore:easy_install command is deprecated setup.py develop --editable --build-directory /home/dawid/ros2_unity_ws/build/keyboard_teleop/build --no-deps symlink_data[0m
[2.512s] [34mcolcon.colcon_core.event_handler.log_command[0m [1;30mDEBUG[0m [32mInvoking command in '/home/dawid/ros2_unity_ws/build/description': PYTHONPATH=/home/dawid/ros2_unity_ws/build/description/prefix_override:/usr/lib/python3/dist-packages/colcon_core/task/python/colcon_distutils_commands:/home/dawid/ros2_unity_ws/install/description/lib/python3.10/site-packages:${PYTHONPATH} /usr/bin/python3 -W ignore:setup.py install is deprecated -W ignore:easy_install command is deprecated setup.py develop --editable --build-directory /home/dawid/ros2_unity_ws/build/description/build --no-deps symlink_data[0m
[2.533s] [34mcolcon.colcon_core.event_handler.log_command[0m [1;30mDEBUG[0m [32mInvoking command in '/home/dawid/ros2_unity_ws/build/ros_tcp_endpoint': PYTHONPATH=/home/dawid/ros2_unity_ws/build/ros_tcp_endpoint/prefix_override:/usr/lib/python3/dist-packages/colcon_core/task/python/colcon_distutils_commands:/home/dawid/ros2_unity_ws/install/ros_tcp_endpoint/lib/python3.10/site-packages:${PYTHONPATH} /usr/bin/python3 -W ignore:setup.py install is deprecated -W ignore:easy_install command is deprecated setup.py develop --editable --build-directory /home/dawid/ros2_unity_ws/build/ros_tcp_endpoint/build --no-deps symlink_data[0m
[3.516s] [34mcolcon.colcon_core.shell[0m [1;30mLevel 1[0m create_environment_hook('description', 'pythonpath_develop')
[3.517s] [34mcolcon.colcon_core.shell[0m [1;30mINFO[0m Creating environment hook '/home/dawid/ros2_unity_ws/build/description/share/description/hook/pythonpath_develop.ps1'
[3.517s] [34mcolcon.colcon_core.event_handler.log_command[0m [1;30mDEBUG[0m [32mInvoked command in '/home/dawid/ros2_unity_ws/build/description' returned '0': PYTHONPATH=/home/dawid/ros2_unity_ws/build/description/prefix_override:/usr/lib/python3/dist-packages/colcon_core/task/python/colcon_distutils_commands:/home/dawid/ros2_unity_ws/install/description/lib/python3.10/site-packages:${PYTHONPATH} /usr/bin/python3 -W ignore:setup.py install is deprecated -W ignore:easy_install command is deprecated setup.py develop --editable --build-directory /home/dawid/ros2_unity_ws/build/description/build --no-deps symlink_data[0m
[3.517s] [34mcolcon.colcon_core.shell[0m [1;30mINFO[0m Creating environment descriptor '/home/dawid/ros2_unity_ws/build/description/share/description/hook/pythonpath_develop.dsv'
[3.518s] [34mcolcon.colcon_core.shell[0m [1;30mINFO[0m Creating environment hook '/home/dawid/ros2_unity_ws/build/description/share/description/hook/pythonpath_develop.sh'
[3.518s] [34mcolcon.colcon_core.environment[0m [1;30mLevel 1[0m checking '/home/dawid/ros2_unity_ws/install/description' for CMake module files
[3.518s] [34mcolcon.colcon_core.environment[0m [1;30mLevel 1[0m checking '/home/dawid/ros2_unity_ws/install/description' for CMake config files
[3.519s] [34mcolcon.colcon_core.environment[0m [1;30mLevel 1[0m checking '/home/dawid/ros2_unity_ws/install/description/lib'
[3.519s] [34mcolcon.colcon_core.environment[0m [1;30mLevel 1[0m checking '/home/dawid/ros2_unity_ws/install/description/bin'
[3.519s] [34mcolcon.colcon_core.environment[0m [1;30mLevel 1[0m checking '/home/dawid/ros2_unity_ws/install/description/lib/pkgconfig/description.pc'
[3.519s] [34mcolcon.colcon_core.environment[0m [1;30mLevel 1[0m checking '/home/dawid/ros2_unity_ws/install/description/lib/python3.10/site-packages'
[3.519s] [34mcolcon.colcon_core.shell[0m [1;30mLevel 1[0m create_environment_hook('description', 'pythonpath')
[3.520s] [34mcolcon.colcon_core.shell[0m [1;30mINFO[0m Creating environment hook '/home/dawid/ros2_unity_ws/install/description/share/description/hook/pythonpath.ps1'
[3.520s] [34mcolcon.colcon_core.shell[0m [1;30mINFO[0m Creating environment descriptor '/home/dawid/ros2_unity_ws/install/description/share/description/hook/pythonpath.dsv'
[3.520s] [34mcolcon.colcon_core.shell[0m [1;30mINFO[0m Creating environment hook '/home/dawid/ros2_unity_ws/install/description/share/description/hook/pythonpath.sh'
[3.520s] [34mcolcon.colcon_core.environment[0m [1;30mLevel 1[0m checking '/home/dawid/ros2_unity_ws/install/description/bin'
[3.520s] [34mcolcon.colcon_core.environment[0m [1;30mLevel 1[0m create_environment_scripts_only(description)
[3.521s] [34mcolcon.colcon_core.shell[0m [1;30mINFO[0m Creating package script '/home/dawid/ros2_unity_ws/install/description/share/description/package.ps1'
[3.521s] [34mcolcon.colcon_core.shell[0m [1;30mINFO[0m Creating package descriptor '/home/dawid/ros2_unity_ws/install/description/share/description/package.dsv'
[3.521s] [34mcolcon.colcon_core.shell[0m [1;30mINFO[0m Creating package script '/home/dawid/ros2_unity_ws/install/description/share/description/package.sh'
[3.522s] [34mcolcon.colcon_core.shell[0m [1;30mINFO[0m Creating package script '/home/dawid/ros2_unity_ws/install/description/share/description/package.bash'
[3.522s] [34mcolcon.colcon_core.shell[0m [1;30mINFO[0m Creating package script '/home/dawid/ros2_unity_ws/install/description/share/description/package.zsh'
[3.522s] [34mcolcon.colcon_core.environment[0m [1;30mLevel 1[0m create_file_with_runtime_dependencies(/home/dawid/ros2_unity_ws/install/description/share/colcon-core/packages/description)
[3.523s] [34mcolcon.colcon_core.shell[0m [1;30mLevel 1[0m create_environment_hook('keyboard_teleop', 'pythonpath_develop')
[3.523s] [34mcolcon.colcon_core.shell[0m [1;30mINFO[0m Creating environment hook '/home/dawid/ros2_unity_ws/build/keyboard_teleop/share/keyboard_teleop/hook/pythonpath_develop.ps1'
[3.524s] [34mcolcon.colcon_core.event_handler.log_command[0m [1;30mDEBUG[0m [32mInvoked command in '/home/dawid/ros2_unity_ws/build/keyboard_teleop' returned '0': PYTHONPATH=/home/dawid/ros2_unity_ws/build/keyboard_teleop/prefix_override:/usr/lib/python3/dist-packages/colcon_core/task/python/colcon_distutils_commands:/home/dawid/ros2_unity_ws/install/keyboard_teleop/lib/python3.10/site-packages:${PYTHONPATH} /usr/bin/python3 -W ignore:setup.py install is deprecated -W ignore:easy_install command is deprecated setup.py develop --editable --build-directory /home/dawid/ros2_unity_ws/build/keyboard_teleop/build --no-deps symlink_data[0m
[3.524s] [34mcolcon.colcon_core.shell[0m [1;30mINFO[0m Creating environment descriptor '/home/dawid/ros2_unity_ws/build/keyboard_teleop/share/keyboard_teleop/hook/pythonpath_develop.dsv'
[3.524s] [34mcolcon.colcon_core.shell[0m [1;30mINFO[0m Creating environment hook '/home/dawid/ros2_unity_ws/build/keyboard_teleop/share/keyboard_teleop/hook/pythonpath_develop.sh'
[3.524s] [34mcolcon.colcon_core.environment[0m [1;30mLevel 1[0m checking '/home/dawid/ros2_unity_ws/install/keyboard_teleop' for CMake module files
[3.525s] [34mcolcon.colcon_core.environment[0m [1;30mLevel 1[0m checking '/home/dawid/ros2_unity_ws/install/keyboard_teleop' for CMake config files
[3.525s] [34mcolcon.colcon_core.environment[0m [1;30mLevel 1[0m checking '/home/dawid/ros2_unity_ws/install/keyboard_teleop/lib'
[3.525s] [34mcolcon.colcon_core.environment[0m [1;30mLevel 1[0m checking '/home/dawid/ros2_unity_ws/install/keyboard_teleop/bin'
[3.525s] [34mcolcon.colcon_core.environment[0m [1;30mLevel 1[0m checking '/home/dawid/ros2_unity_ws/install/keyboard_teleop/lib/pkgconfig/keyboard_teleop.pc'
[3.525s] [34mcolcon.colcon_core.environment[0m [1;30mLevel 1[0m checking '/home/dawid/ros2_unity_ws/install/keyboard_teleop/lib/python3.10/site-packages'
[3.525s] [34mcolcon.colcon_core.shell[0m [1;30mLevel 1[0m create_environment_hook('keyboard_teleop', 'pythonpath')
[3.526s] [34mcolcon.colcon_core.shell[0m [1;30mINFO[0m Creating environment hook '/home/dawid/ros2_unity_ws/install/keyboard_teleop/share/keyboard_teleop/hook/pythonpath.ps1'
[3.526s] [34mcolcon.colcon_core.shell[0m [1;30mINFO[0m Creating environment descriptor '/home/dawid/ros2_unity_ws/install/keyboard_teleop/share/keyboard_teleop/hook/pythonpath.dsv'
[3.526s] [34mcolcon.colcon_core.shell[0m [1;30mINFO[0m Creating environment hook '/home/dawid/ros2_unity_ws/install/keyboard_teleop/share/keyboard_teleop/hook/pythonpath.sh'
[3.526s] [34mcolcon.colcon_core.environment[0m [1;30mLevel 1[0m checking '/home/dawid/ros2_unity_ws/install/keyboard_teleop/bin'
[3.526s] [34mcolcon.colcon_core.environment[0m [1;30mLevel 1[0m create_environment_scripts_only(keyboard_teleop)
[3.527s] [34mcolcon.colcon_core.shell[0m [1;30mINFO[0m Creating package script '/home/dawid/ros2_unity_ws/install/keyboard_teleop/share/keyboard_teleop/package.ps1'
[3.527s] [34mcolcon.colcon_core.shell[0m [1;30mINFO[0m Creating package descriptor '/home/dawid/ros2_unity_ws/install/keyboard_teleop/share/keyboard_teleop/package.dsv'
[3.527s] [34mcolcon.colcon_core.shell[0m [1;30mINFO[0m Creating package script '/home/dawid/ros2_unity_ws/install/keyboard_teleop/share/keyboard_teleop/package.sh'
[3.528s] [34mcolcon.colcon_core.shell[0m [1;30mINFO[0m Creating package script '/home/dawid/ros2_unity_ws/install/keyboard_teleop/share/keyboard_teleop/package.bash'
[3.528s] [34mcolcon.colcon_core.shell[0m [1;30mINFO[0m Creating package script '/home/dawid/ros2_unity_ws/install/keyboard_teleop/share/keyboard_teleop/package.zsh'
[3.528s] [34mcolcon.colcon_core.environment[0m [1;30mLevel 1[0m create_file_with_runtime_dependencies(/home/dawid/ros2_unity_ws/install/keyboard_teleop/share/colcon-core/packages/keyboard_teleop)
[3.549s] [34mcolcon.colcon_core.shell[0m [1;30mLevel 1[0m create_environment_hook('ros_tcp_endpoint', 'pythonpath_develop')
[3.549s] [34mcolcon.colcon_core.event_handler.log_command[0m [1;30mDEBUG[0m [32mInvoked command in '/home/dawid/ros2_unity_ws/build/ros_tcp_endpoint' returned '0': PYTHONPATH=/home/dawid/ros2_unity_ws/build/ros_tcp_endpoint/prefix_override:/usr/lib/python3/dist-packages/colcon_core/task/python/colcon_distutils_commands:/home/dawid/ros2_unity_ws/install/ros_tcp_endpoint/lib/python3.10/site-packages:${PYTHONPATH} /usr/bin/python3 -W ignore:setup.py install is deprecated -W ignore:easy_install command is deprecated setup.py develop --editable --build-directory /home/dawid/ros2_unity_ws/build/ros_tcp_endpoint/build --no-deps symlink_data[0m
[3.550s] [34mcolcon.colcon_core.shell[0m [1;30mINFO[0m Creating environment hook '/home/dawid/ros2_unity_ws/build/ros_tcp_endpoint/share/ros_tcp_endpoint/hook/pythonpath_develop.ps1'
[3.550s] [34mcolcon.colcon_core.shell[0m [1;30mINFO[0m Creating environment descriptor '/home/dawid/ros2_unity_ws/build/ros_tcp_endpoint/share/ros_tcp_endpoint/hook/pythonpath_develop.dsv'
[3.551s] [34mcolcon.colcon_core.shell[0m [1;30mINFO[0m Creating environment hook '/home/dawid/ros2_unity_ws/build/ros_tcp_endpoint/share/ros_tcp_endpoint/hook/pythonpath_develop.sh'
[3.551s] [34mcolcon.colcon_core.environment[0m [1;30mLevel 1[0m checking '/home/dawid/ros2_unity_ws/install/ros_tcp_endpoint' for CMake module files
[3.551s] [34mcolcon.colcon_core.environment[0m [1;30mLevel 1[0m checking '/home/dawid/ros2_unity_ws/install/ros_tcp_endpoint' for CMake config files
[3.552s] [34mcolcon.colcon_core.environment[0m [1;30mLevel 1[0m checking '/home/dawid/ros2_unity_ws/install/ros_tcp_endpoint/lib'
[3.552s] [34mcolcon.colcon_core.environment[0m [1;30mLevel 1[0m checking '/home/dawid/ros2_unity_ws/install/ros_tcp_endpoint/bin'
[3.552s] [34mcolcon.colcon_core.environment[0m [1;30mLevel 1[0m checking '/home/dawid/ros2_unity_ws/install/ros_tcp_endpoint/lib/pkgconfig/ros_tcp_endpoint.pc'
[3.552s] [34mcolcon.colcon_core.environment[0m [1;30mLevel 1[0m checking '/home/dawid/ros2_unity_ws/install/ros_tcp_endpoint/lib/python3.10/site-packages'
[3.552s] [34mcolcon.colcon_core.shell[0m [1;30mLevel 1[0m create_environment_hook('ros_tcp_endpoint', 'pythonpath')
[3.552s] [34mcolcon.colcon_core.shell[0m [1;30mINFO[0m Creating environment hook '/home/dawid/ros2_unity_ws/install/ros_tcp_endpoint/share/ros_tcp_endpoint/hook/pythonpath.ps1'
[3.552s] [34mcolcon.colcon_core.shell[0m [1;30mINFO[0m Creating environment descriptor '/home/dawid/ros2_unity_ws/install/ros_tcp_endpoint/share/ros_tcp_endpoint/hook/pythonpath.dsv'
[3.552s] [34mcolcon.colcon_core.shell[0m [1;30mINFO[0m Creating environment hook '/home/dawid/ros2_unity_ws/install/ros_tcp_endpoint/share/ros_tcp_endpoint/hook/pythonpath.sh'
[3.553s] [34mcolcon.colcon_core.environment[0m [1;30mLevel 1[0m checking '/home/dawid/ros2_unity_ws/install/ros_tcp_endpoint/bin'
[3.553s] [34mcolcon.colcon_core.environment[0m [1;30mLevel 1[0m create_environment_scripts_only(ros_tcp_endpoint)
[3.553s] [34mcolcon.colcon_core.shell[0m [1;30mINFO[0m Creating package script '/home/dawid/ros2_unity_ws/install/ros_tcp_endpoint/share/ros_tcp_endpoint/package.ps1'
[3.553s] [34mcolcon.colcon_core.shell[0m [1;30mINFO[0m Creating package descriptor '/home/dawid/ros2_unity_ws/install/ros_tcp_endpoint/share/ros_tcp_endpoint/package.dsv'
[3.554s] [34mcolcon.colcon_core.shell[0m [1;30mINFO[0m Creating package script '/home/dawid/ros2_unity_ws/install/ros_tcp_endpoint/share/ros_tcp_endpoint/package.sh'
[3.554s] [34mcolcon.colcon_core.shell[0m [1;30mINFO[0m Creating package script '/home/dawid/ros2_unity_ws/install/ros_tcp_endpoint/share/ros_tcp_endpoint/package.bash'
[3.554s] [34mcolcon.colcon_core.shell[0m [1;30mINFO[0m Creating package script '/home/dawid/ros2_unity_ws/install/ros_tcp_endpoint/share/ros_tcp_endpoint/package.zsh'
[3.554s] [34mcolcon.colcon_core.environment[0m [1;30mLevel 1[0m create_file_with_runtime_dependencies(/home/dawid/ros2_unity_ws/install/ros_tcp_endpoint/share/colcon-core/packages/ros_tcp_endpoint)
[3.555s] [34mcolcon.colcon_parallel_executor.executor.parallel[0m [1;30mDEBUG[0m [32mclosing loop[0m
[3.555s] [34mcolcon.colcon_parallel_executor.executor.parallel[0m [1;30mDEBUG[0m [32mloop closed[0m
[3.555s] [34mcolcon.colcon_parallel_executor.executor.parallel[0m [1;30mDEBUG[0m [32mrun_until_complete finished with '0'[0m
[3.555s] [34mcolcon.colcon_core.event_reactor[0m [1;30mDEBUG[0m [32mjoining thread[0m
[3.562s] [34mcolcon.colcon_core.plugin_system[0m [1;30mINFO[0m Skipping extension 'colcon_notification.desktop_notification.terminal_notifier': Not used on non-Darwin systems
[3.562s] [34mcolcon.colcon_core.plugin_system[0m [1;30mINFO[0m Skipping extension 'colcon_notification.desktop_notification.win32': Not used on non-Windows systems
[3.563s] [34mcolcon.colcon_notification.desktop_notification[0m [1;30mINFO[0m Sending desktop notification using 'notify2'
[3.571s] [34mcolcon.colcon_core.event_reactor[0m [1;30mDEBUG[0m [32mjoined thread[0m
[3.571s] [34mcolcon.colcon_core.shell[0m [1;30mINFO[0m Creating prefix script '/home/dawid/ros2_unity_ws/install/local_setup.ps1'
[3.572s] [34mcolcon.colcon_core.shell[0m [1;30mINFO[0m Creating prefix util module '/home/dawid/ros2_unity_ws/install/_local_setup_util_ps1.py'
[3.573s] [34mcolcon.colcon_core.shell[0m [1;30mINFO[0m Creating prefix chain script '/home/dawid/ros2_unity_ws/install/setup.ps1'
[3.574s] [34mcolcon.colcon_core.shell[0m [1;30mINFO[0m Creating prefix script '/home/dawid/ros2_unity_ws/install/local_setup.sh'
[3.575s] [34mcolcon.colcon_core.shell[0m [1;30mINFO[0m Creating prefix util module '/home/dawid/ros2_unity_ws/install/_local_setup_util_sh.py'
[3.575s] [34mcolcon.colcon_core.shell[0m [1;30mINFO[0m Creating prefix chain script '/home/dawid/ros2_unity_ws/install/setup.sh'
[3.576s] [34mcolcon.colcon_core.shell[0m [1;30mINFO[0m Creating prefix script '/home/dawid/ros2_unity_ws/install/local_setup.bash'
[3.576s] [34mcolcon.colcon_core.shell[0m [1;30mINFO[0m Creating prefix chain script '/home/dawid/ros2_unity_ws/install/setup.bash'
[3.577s] [34mcolcon.colcon_core.shell[0m [1;30mINFO[0m Creating prefix script '/home/dawid/ros2_unity_ws/install/local_setup.zsh'
[3.578s] [34mcolcon.colcon_core.shell[0m [1;30mINFO[0m Creating prefix chain script '/home/dawid/ros2_unity_ws/install/setup.zsh'
