[12.107s] Invoking command in '/home/dawid/ros2_unity_ws/src/description': PYTHONPATH=/home/dawid/ros2_unity_ws/build/description/prefix_override:/usr/lib/python3/dist-packages/colcon_core/task/python/colcon_distutils_commands:/home/dawid/ros2_unity_ws/install/description/lib/python3.10/site-packages:${PYTHONPATH} /usr/bin/python3 -W ignore:setup.py install is deprecated -W ignore:easy_install command is deprecated setup.py egg_info --egg-base ../../build/description build --build-base /home/dawid/ros2_unity_ws/build/description/build install --record /home/dawid/ros2_unity_ws/build/description/install.log --single-version-externally-managed install_data
[14.857s] running egg_info
[14.971s] writing ../../build/description/description.egg-info/PKG-INFO
[14.972s] writing dependency_links to ../../build/description/description.egg-info/dependency_links.txt
[14.972s] writing requirements to ../../build/description/description.egg-info/requires.txt
[14.972s] writing top-level names to ../../build/description/description.egg-info/top_level.txt
[15.549s] [2;36m[11/29/25 22:27:24][0m[2;36m [0m[1;31mERROR   [0m listing git files failed - pretending there   ]8;id=478321;file:///home/dawid/.local/lib/python3.10/site-packages/setuptools_scm/_file_finders/git.py\[2mgit.py[0m]8;;\[2m:[0m]8;id=992825;file:///home/dawid/.local/lib/python3.10/site-packages/setuptools_scm/_file_finders/git.py#26\[2m26[0m]8;;\
[15.549s] [2;36m                    [0m         aren't any                                    [2m         [0m
[15.550s] reading manifest file '../../build/description/description.egg-info/SOURCES.txt'
[15.551s] writing manifest file '../../build/description/description.egg-info/SOURCES.txt'
[15.551s] running build
[15.551s] running build_py
[15.551s] running install
[15.578s] running install_lib
[15.719s] running install_data
[15.719s] running install_egg_info
[15.770s] removing '/home/dawid/ros2_unity_ws/install/description/lib/python3.10/site-packages/description-0.0.0-py3.10.egg-info' (and everything under it)
[15.771s] Copying ../../build/description/description.egg-info to /home/dawid/ros2_unity_ws/install/description/lib/python3.10/site-packages/description-0.0.0-py3.10.egg-info
[15.778s] running install_scripts
[16.299s] writing list of installed files to '/home/dawid/ros2_unity_ws/build/description/install.log'
[16.524s] Invoked command in '/home/dawid/ros2_unity_ws/src/description' returned '0': PYTHONPATH=/home/dawid/ros2_unity_ws/build/description/prefix_override:/usr/lib/python3/dist-packages/colcon_core/task/python/colcon_distutils_commands:/home/dawid/ros2_unity_ws/install/description/lib/python3.10/site-packages:${PYTHONPATH} /usr/bin/python3 -W ignore:setup.py install is deprecated -W ignore:easy_install command is deprecated setup.py egg_info --egg-base ../../build/description build --build-base /home/dawid/ros2_unity_ws/build/description/build install --record /home/dawid/ros2_unity_ws/build/description/install.log --single-version-externally-managed install_data
