[2.361s] Invoking command in '/home/dawid/ros2_unity_ws/src/keyboard_teleop': PYTHONPATH=/home/dawid/ros2_unity_ws/build/keyboard_teleop/prefix_override:/usr/lib/python3/dist-packages/colcon_core/task/python/colcon_distutils_commands:/home/dawid/ros2_unity_ws/install/keyboard_teleop/lib/python3.10/site-packages:${PYTHONPATH} /usr/bin/python3 -W ignore:setup.py install is deprecated -W ignore:easy_install command is deprecated setup.py egg_info --egg-base ../../build/keyboard_teleop build --build-base /home/dawid/ros2_unity_ws/build/keyboard_teleop/build install --record /home/dawid/ros2_unity_ws/build/keyboard_teleop/install.log --single-version-externally-managed install_data
[2.832s] running egg_info
[2.851s] writing ../../build/keyboard_teleop/keyboard_teleop.egg-info/PKG-INFO
[2.852s] writing dependency_links to ../../build/keyboard_teleop/keyboard_teleop.egg-info/dependency_links.txt
[2.852s] writing entry points to ../../build/keyboard_teleop/keyboard_teleop.egg-info/entry_points.txt
[2.852s] writing requirements to ../../build/keyboard_teleop/keyboard_teleop.egg-info/requires.txt
[2.852s] writing top-level names to ../../build/keyboard_teleop/keyboard_teleop.egg-info/top_level.txt
[2.936s] [2;36m[11/29/25 22:21:36][0m[2;36m [0m[1;31mERROR   [0m list ]8;id=827850;file:///home/dawid/.local/lib/python3.10/site-packages/setuptools_scm/_file_finders/git.py\[2mgit.py[0m]8;;\[2m:[0m]8;id=469080;file:///home/dawid/.local/lib/python3.10/site-packages/setuptools_scm/_file_finders/git.py#26\[2m26[0m]8;;\
[2.936s] [2;36m                    [0m         ing  [2m         [0m
[2.936s] [2;36m                    [0m         git  [2m         [0m
[2.936s] [2;36m                    [0m         file [2m         [0m
[2.936s] [2;36m                    [0m         s    [2m         [0m
[2.936s] [2;36m                    [0m         fail [2m         [0m
[2.936s] [2;36m                    [0m         ed - [2m         [0m
[2.936s] [2;36m                    [0m         pret [2m         [0m
[2.936s] [2;36m                    [0m         endi [2m         [0m
[2.936s] [2;36m                    [0m         ng   [2m         [0m
[2.936s] [2;36m                    [0m         ther [2m         [0m
[2.936s] [2;36m                    [0m         e    [2m         [0m
[2.936s] [2;36m                    [0m         aren [2m         [0m
[2.937s] [2;36m                    [0m         't   [2m         [0m
[2.937s] [2;36m                    [0m         any  [2m         [0m
[2.937s] reading manifest file '../../build/keyboard_teleop/keyboard_teleop.egg-info/SOURCES.txt'
[2.937s] writing manifest file '../../build/keyboard_teleop/keyboard_teleop.egg-info/SOURCES.txt'
[2.937s] running build
[2.937s] running build_py
[2.938s] running install
[2.942s] running install_lib
[2.963s] running install_data
[2.963s] running install_egg_info
[2.983s] removing '/home/dawid/ros2_unity_ws/install/keyboard_teleop/lib/python3.10/site-packages/keyboard_teleop-0.0.0-py3.10.egg-info' (and everything under it)
[2.983s] Copying ../../build/keyboard_teleop/keyboard_teleop.egg-info to /home/dawid/ros2_unity_ws/install/keyboard_teleop/lib/python3.10/site-packages/keyboard_teleop-0.0.0-py3.10.egg-info
[2.984s] running install_scripts
[3.074s] Installing keyboard_teleop script to /home/dawid/ros2_unity_ws/install/keyboard_teleop/lib/keyboard_teleop
[3.074s] writing list of installed files to '/home/dawid/ros2_unity_ws/build/keyboard_teleop/install.log'
[3.144s] Invoked command in '/home/dawid/ros2_unity_ws/src/keyboard_teleop' returned '0': PYTHONPATH=/home/dawid/ros2_unity_ws/build/keyboard_teleop/prefix_override:/usr/lib/python3/dist-packages/colcon_core/task/python/colcon_distutils_commands:/home/dawid/ros2_unity_ws/install/keyboard_teleop/lib/python3.10/site-packages:${PYTHONPATH} /usr/bin/python3 -W ignore:setup.py install is deprecated -W ignore:easy_install command is deprecated setup.py egg_info --egg-base ../../build/keyboard_teleop build --build-base /home/dawid/ros2_unity_ws/build/keyboard_teleop/build install --record /home/dawid/ros2_unity_ws/build/keyboard_teleop/install.log --single-version-externally-managed install_data
