[3.710s] Invoking command in '/home/dawid/ros2_unity_ws/src/description': PYTHONPATH=/home/dawid/ros2_unity_ws/build/description/prefix_override:/usr/lib/python3/dist-packages/colcon_core/task/python/colcon_distutils_commands:/home/dawid/ros2_unity_ws/install/description/lib/python3.10/site-packages:${PYTHONPATH} /usr/bin/python3 -W ignore:setup.py install is deprecated -W ignore:easy_install command is deprecated setup.py egg_info --egg-base ../../build/description build --build-base /home/dawid/ros2_unity_ws/build/description/build install --record /home/dawid/ros2_unity_ws/build/description/install.log --single-version-externally-managed install_data
[4.462s] running egg_info
[4.494s] writing ../../build/description/description.egg-info/PKG-INFO
[4.494s] writing dependency_links to ../../build/description/description.egg-info/dependency_links.txt
[4.495s] writing requirements to ../../build/description/description.egg-info/requires.txt
[4.495s] writing top-level names to ../../build/description/description.egg-info/top_level.txt
[4.633s] [2;36m[12/13/25 21:53:50][0m[2;36m [0m[1;31mERROR   [0m listing git files failed - pretending     ]8;id=337700;file:///home/dawid/.local/lib/python3.10/site-packages/setuptools_scm/_file_finders/git.py\[2mgit.py[0m]8;;\[2m:[0m]8;id=760822;file:///home/dawid/.local/lib/python3.10/site-packages/setuptools_scm/_file_finders/git.py#26\[2m26[0m]8;;\
[4.633s] [2;36m                    [0m         there aren't any                          [2m         [0m
[4.634s] reading manifest file '../../build/description/description.egg-info/SOURCES.txt'
[4.635s] writing manifest file '../../build/description/description.egg-info/SOURCES.txt'
[4.636s] running build
[4.636s] running build_py
[4.636s] running install
[4.643s] running install_lib
[4.678s] running install_data
[4.679s] running install_egg_info
[4.712s] removing '/home/dawid/ros2_unity_ws/install/description/lib/python3.10/site-packages/description-0.0.0-py3.10.egg-info' (and everything under it)
[4.713s] Copying ../../build/description/description.egg-info to /home/dawid/ros2_unity_ws/install/description/lib/python3.10/site-packages/description-0.0.0-py3.10.egg-info
[4.714s] running install_scripts
[4.866s] writing list of installed files to '/home/dawid/ros2_unity_ws/build/description/install.log'
[4.963s] Invoked command in '/home/dawid/ros2_unity_ws/src/description' returned '0': PYTHONPATH=/home/dawid/ros2_unity_ws/build/description/prefix_override:/usr/lib/python3/dist-packages/colcon_core/task/python/colcon_distutils_commands:/home/dawid/ros2_unity_ws/install/description/lib/python3.10/site-packages:${PYTHONPATH} /usr/bin/python3 -W ignore:setup.py install is deprecated -W ignore:easy_install command is deprecated setup.py egg_info --egg-base ../../build/description build --build-base /home/dawid/ros2_unity_ws/build/description/build install --record /home/dawid/ros2_unity_ws/build/description/install.log --single-version-externally-managed install_data
