[2.446s] Invoking command in '/home/dawid/ros2_unity_ws/src/description': PYTHONPATH=/home/dawid/ros2_unity_ws/build/description/prefix_override:/usr/lib/python3/dist-packages/colcon_core/task/python/colcon_distutils_commands:/home/dawid/ros2_unity_ws/install/description/lib/python3.10/site-packages:${PYTHONPATH} /usr/bin/python3 -W ignore:setup.py install is deprecated -W ignore:easy_install command is deprecated setup.py egg_info --egg-base ../../build/description build --build-base /home/dawid/ros2_unity_ws/build/description/build install --record /home/dawid/ros2_unity_ws/build/description/install.log --single-version-externally-managed install_data
[2.899s] running egg_info
[2.918s] writing ../../build/description/description.egg-info/PKG-INFO
[2.918s] writing dependency_links to ../../build/description/description.egg-info/dependency_links.txt
[2.918s] writing requirements to ../../build/description/description.egg-info/requires.txt
[2.918s] writing top-level names to ../../build/description/description.egg-info/top_level.txt
[3.005s] [2;36m[12/13/25 20:49:33][0m[2;36m [0m[1;31mERROR   [0m listing git files failed -          ]8;id=19272;file:///home/dawid/.local/lib/python3.10/site-packages/setuptools_scm/_file_finders/git.py\[2mgit.py[0m]8;;\[2m:[0m]8;id=507294;file:///home/dawid/.local/lib/python3.10/site-packages/setuptools_scm/_file_finders/git.py#26\[2m26[0m]8;;\
[3.005s] [2;36m                    [0m         pretending there aren't any         [2m         [0m
[3.006s] reading manifest file '../../build/description/description.egg-info/SOURCES.txt'
[3.007s] writing manifest file '../../build/description/description.egg-info/SOURCES.txt'
[3.007s] running build
[3.007s] running build_py
[3.007s] running install
[3.011s] running install_lib
[3.033s] running install_data
[3.033s] running install_egg_info
[3.053s] removing '/home/dawid/ros2_unity_ws/install/description/lib/python3.10/site-packages/description-0.0.0-py3.10.egg-info' (and everything under it)
[3.053s] Copying ../../build/description/description.egg-info to /home/dawid/ros2_unity_ws/install/description/lib/python3.10/site-packages/description-0.0.0-py3.10.egg-info
[3.054s] running install_scripts
[3.149s] writing list of installed files to '/home/dawid/ros2_unity_ws/build/description/install.log'
[3.217s] Invoked command in '/home/dawid/ros2_unity_ws/src/description' returned '0': PYTHONPATH=/home/dawid/ros2_unity_ws/build/description/prefix_override:/usr/lib/python3/dist-packages/colcon_core/task/python/colcon_distutils_commands:/home/dawid/ros2_unity_ws/install/description/lib/python3.10/site-packages:${PYTHONPATH} /usr/bin/python3 -W ignore:setup.py install is deprecated -W ignore:easy_install command is deprecated setup.py egg_info --egg-base ../../build/description build --build-base /home/dawid/ros2_unity_ws/build/description/build install --record /home/dawid/ros2_unity_ws/build/description/install.log --single-version-externally-managed install_data
