[2.529s] Invoking command in '/home/dawid/ros2_unity_ws/src/description': PYTHONPATH=/home/dawid/ros2_unity_ws/build/description/prefix_override:/usr/lib/python3/dist-packages/colcon_core/task/python/colcon_distutils_commands:/home/dawid/ros2_unity_ws/install/description/lib/python3.10/site-packages:${PYTHONPATH} /usr/bin/python3 -W ignore:setup.py install is deprecated -W ignore:easy_install command is deprecated setup.py egg_info --egg-base ../../build/description build --build-base /home/dawid/ros2_unity_ws/build/description/build install --record /home/dawid/ros2_unity_ws/build/description/install.log --single-version-externally-managed install_data
[3.020s] running egg_info
[3.042s] writing ../../build/description/description.egg-info/PKG-INFO
[3.042s] writing dependency_links to ../../build/description/description.egg-info/dependency_links.txt
[3.042s] writing requirements to ../../build/description/description.egg-info/requires.txt
[3.042s] writing top-level names to ../../build/description/description.egg-info/top_level.txt
[3.130s] [2;36m[12/13/25 22:45:24][0m[2;36m [0m[1;31mERROR   [0m listing git files failed - pretending     ]8;id=608261;file:///home/dawid/.local/lib/python3.10/site-packages/setuptools_scm/_file_finders/git.py\[2mgit.py[0m]8;;\[2m:[0m]8;id=519258;file:///home/dawid/.local/lib/python3.10/site-packages/setuptools_scm/_file_finders/git.py#26\[2m26[0m]8;;\
[3.131s] [2;36m                    [0m         there aren't any                          [2m         [0m
[3.131s] reading manifest file '../../build/description/description.egg-info/SOURCES.txt'
[3.132s] writing manifest file '../../build/description/description.egg-info/SOURCES.txt'
[3.132s] running build
[3.132s] running build_py
[3.132s] running install
[3.137s] running install_lib
[3.158s] running install_data
[3.159s] running install_egg_info
[3.179s] removing '/home/dawid/ros2_unity_ws/install/description/lib/python3.10/site-packages/description-0.0.0-py3.10.egg-info' (and everything under it)
[3.179s] Copying ../../build/description/description.egg-info to /home/dawid/ros2_unity_ws/install/description/lib/python3.10/site-packages/description-0.0.0-py3.10.egg-info
[3.180s] running install_scripts
[3.275s] writing list of installed files to '/home/dawid/ros2_unity_ws/build/description/install.log'
[3.343s] Invoked command in '/home/dawid/ros2_unity_ws/src/description' returned '0': PYTHONPATH=/home/dawid/ros2_unity_ws/build/description/prefix_override:/usr/lib/python3/dist-packages/colcon_core/task/python/colcon_distutils_commands:/home/dawid/ros2_unity_ws/install/description/lib/python3.10/site-packages:${PYTHONPATH} /usr/bin/python3 -W ignore:setup.py install is deprecated -W ignore:easy_install command is deprecated setup.py egg_info --egg-base ../../build/description build --build-base /home/dawid/ros2_unity_ws/build/description/build install --record /home/dawid/ros2_unity_ws/build/description/install.log --single-version-externally-managed install_data
