[2.491s] Invoking command in '/home/dawid/ros2_unity_ws/src/description': PYTHONPATH=/home/dawid/ros2_unity_ws/build/description/prefix_override:/usr/lib/python3/dist-packages/colcon_core/task/python/colcon_distutils_commands:/home/dawid/ros2_unity_ws/install/description/lib/python3.10/site-packages:${PYTHONPATH} /usr/bin/python3 -W ignore:setup.py install is deprecated -W ignore:easy_install command is deprecated setup.py egg_info --egg-base ../../build/description build --build-base /home/dawid/ros2_unity_ws/build/description/build install --record /home/dawid/ros2_unity_ws/build/description/install.log --single-version-externally-managed install_data
[2.968s] running egg_info
[2.988s] writing ../../build/description/description.egg-info/PKG-INFO
[2.988s] writing dependency_links to ../../build/description/description.egg-info/dependency_links.txt
[2.988s] writing requirements to ../../build/description/description.egg-info/requires.txt
[2.988s] writing top-level names to ../../build/description/description.egg-info/top_level.txt
[3.075s] [2;36m[12/13/25 21:26:21][0m[2;36m [0m[1;31mERROR   [0m listing git files failed - pretending     ]8;id=790768;file:///home/dawid/.local/lib/python3.10/site-packages/setuptools_scm/_file_finders/git.py\[2mgit.py[0m]8;;\[2m:[0m]8;id=376685;file:///home/dawid/.local/lib/python3.10/site-packages/setuptools_scm/_file_finders/git.py#26\[2m26[0m]8;;\
[3.076s] [2;36m                    [0m         there aren't any                          [2m         [0m
[3.077s] reading manifest file '../../build/description/description.egg-info/SOURCES.txt'
[3.077s] writing manifest file '../../build/description/description.egg-info/SOURCES.txt'
[3.077s] running build
[3.078s] running build_py
[3.078s] running install
[3.082s] running install_lib
[3.103s] running install_data
[3.103s] running install_egg_info
[3.123s] removing '/home/dawid/ros2_unity_ws/install/description/lib/python3.10/site-packages/description-0.0.0-py3.10.egg-info' (and everything under it)
[3.124s] Copying ../../build/description/description.egg-info to /home/dawid/ros2_unity_ws/install/description/lib/python3.10/site-packages/description-0.0.0-py3.10.egg-info
[3.124s] running install_scripts
[3.216s] writing list of installed files to '/home/dawid/ros2_unity_ws/build/description/install.log'
[3.279s] Invoked command in '/home/dawid/ros2_unity_ws/src/description' returned '0': PYTHONPATH=/home/dawid/ros2_unity_ws/build/description/prefix_override:/usr/lib/python3/dist-packages/colcon_core/task/python/colcon_distutils_commands:/home/dawid/ros2_unity_ws/install/description/lib/python3.10/site-packages:${PYTHONPATH} /usr/bin/python3 -W ignore:setup.py install is deprecated -W ignore:easy_install command is deprecated setup.py egg_info --egg-base ../../build/description build --build-base /home/dawid/ros2_unity_ws/build/description/build install --record /home/dawid/ros2_unity_ws/build/description/install.log --single-version-externally-managed install_data
