/home/dawid/ros2_unity_ws/install/description/lib/python3.10/site-packages/description/__init__.py
/home/dawid/ros2_unity_ws/install/description/lib/python3.10/site-packages/description/__pycache__/__init__.cpython-310.pyc
/home/dawid/ros2_unity_ws/install/description/share/ament_index/resource_index/packages/description
/home/dawid/ros2_unity_ws/install/description/share/description/package.xml
/home/dawid/ros2_unity_ws/install/description/share/description/urdf/ros2_control.xacro
/home/dawid/ros2_unity_ws/install/description/share/description/urdf/interials.xacro
/home/dawid/ros2_unity_ws/install/description/share/description/urdf/rover.urdf.xacro
/home/dawid/ros2_unity_ws/install/description/share/description/urdf/gazebo_control.xacro
/home/dawid/ros2_unity_ws/install/description/share/description/meshes/BR_wheel.STL
/home/dawid/ros2_unity_ws/install/description/share/description/meshes/FL_wheel.STL
/home/dawid/ros2_unity_ws/install/description/share/description/meshes/BL_wheel.STL
/home/dawid/ros2_unity_ws/install/description/share/description/meshes/base_link.STL
/home/dawid/ros2_unity_ws/install/description/share/description/meshes/FR_wheel.STL
/home/dawid/ros2_unity_ws/install/description/share/description/launch/gazebo.launch.py
/home/dawid/ros2_unity_ws/install/description/share/description/launch/rsp.launch.py
/home/dawid/ros2_unity_ws/install/description/share/description/config/joint_names_Złożenie_cale_urdf.yaml
/home/dawid/ros2_unity_ws/install/description/lib/python3.10/site-packages/description-0.0.0-py3.10.egg-info/SOURCES.txt
/home/dawid/ros2_unity_ws/install/description/lib/python3.10/site-packages/description-0.0.0-py3.10.egg-info/zip-safe
/home/dawid/ros2_unity_ws/install/description/lib/python3.10/site-packages/description-0.0.0-py3.10.egg-info/PKG-INFO
/home/dawid/ros2_unity_ws/install/description/lib/python3.10/site-packages/description-0.0.0-py3.10.egg-info/requires.txt
/home/dawid/ros2_unity_ws/install/description/lib/python3.10/site-packages/description-0.0.0-py3.10.egg-info/top_level.txt
/home/dawid/ros2_unity_ws/install/description/lib/python3.10/site-packages/description-0.0.0-py3.10.egg-info/dependency_links.txt
