[2.418s] Invoking command in '/home/dawid/ros2_unity_ws/src/ros_tcp_endpoint': PYTHONPATH=/home/dawid/ros2_unity_ws/build/ros_tcp_endpoint/prefix_override:/usr/lib/python3/dist-packages/colcon_core/task/python/colcon_distutils_commands:/home/dawid/ros2_unity_ws/install/ros_tcp_endpoint/lib/python3.10/site-packages:${PYTHONPATH} /usr/bin/python3 -W ignore:setup.py install is deprecated -W ignore:easy_install command is deprecated setup.py egg_info --egg-base ../../build/ros_tcp_endpoint build --build-base /home/dawid/ros2_unity_ws/build/ros_tcp_endpoint/build install --record /home/dawid/ros2_unity_ws/build/ros_tcp_endpoint/install.log --single-version-externally-managed install_data
[2.902s] running egg_info
[2.923s] writing ../../build/ros_tcp_endpoint/ros_tcp_endpoint.egg-info/PKG-INFO
[2.923s] writing dependency_links to ../../build/ros_tcp_endpoint/ros_tcp_endpoint.egg-info/dependency_links.txt
[2.923s] writing entry points to ../../build/ros_tcp_endpoint/ros_tcp_endpoint.egg-info/entry_points.txt
[2.923s] writing requirements to ../../build/ros_tcp_endpoint/ros_tcp_endpoint.egg-info/requires.txt
[2.923s] writing top-level names to ../../build/ros_tcp_endpoint/ros_tcp_endpoint.egg-info/top_level.txt
[3.012s] [2;36m[11/29/25 19:09:43][0m[2;36m [0m[1;31mERROR   [0m listing git   ]8;id=879578;file:///home/dawid/.local/lib/python3.10/site-packages/setuptools_scm/_file_finders/git.py\[2mgit.py[0m]8;;\[2m:[0m]8;id=701368;file:///home/dawid/.local/lib/python3.10/site-packages/setuptools_scm/_file_finders/git.py#26\[2m26[0m]8;;\
[3.012s] [2;36m                    [0m         files failed  [2m         [0m
[3.012s] [2;36m                    [0m         - pretending  [2m         [0m
[3.012s] [2;36m                    [0m         there aren't  [2m         [0m
[3.012s] [2;36m                    [0m         any           [2m         [0m
[3.013s] reading manifest file '../../build/ros_tcp_endpoint/ros_tcp_endpoint.egg-info/SOURCES.txt'
[3.013s] adding license file 'LICENSE'
[3.014s] writing manifest file '../../build/ros_tcp_endpoint/ros_tcp_endpoint.egg-info/SOURCES.txt'
[3.014s] running build
[3.014s] running build_py
[3.015s] running install
[3.018s] running install_lib
[3.041s] running install_data
[3.041s] running install_egg_info
[3.062s] removing '/home/dawid/ros2_unity_ws/install/ros_tcp_endpoint/lib/python3.10/site-packages/ros_tcp_endpoint-0.0.1-py3.10.egg-info' (and everything under it)
[3.062s] Copying ../../build/ros_tcp_endpoint/ros_tcp_endpoint.egg-info to /home/dawid/ros2_unity_ws/install/ros_tcp_endpoint/lib/python3.10/site-packages/ros_tcp_endpoint-0.0.1-py3.10.egg-info
[3.063s] running install_scripts
[3.160s] Installing default_server_endpoint script to /home/dawid/ros2_unity_ws/install/ros_tcp_endpoint/lib/ros_tcp_endpoint
[3.161s] writing list of installed files to '/home/dawid/ros2_unity_ws/build/ros_tcp_endpoint/install.log'
[3.219s] Invoked command in '/home/dawid/ros2_unity_ws/src/ros_tcp_endpoint' returned '0': PYTHONPATH=/home/dawid/ros2_unity_ws/build/ros_tcp_endpoint/prefix_override:/usr/lib/python3/dist-packages/colcon_core/task/python/colcon_distutils_commands:/home/dawid/ros2_unity_ws/install/ros_tcp_endpoint/lib/python3.10/site-packages:${PYTHONPATH} /usr/bin/python3 -W ignore:setup.py install is deprecated -W ignore:easy_install command is deprecated setup.py egg_info --egg-base ../../build/ros_tcp_endpoint build --build-base /home/dawid/ros2_unity_ws/build/ros_tcp_endpoint/build install --record /home/dawid/ros2_unity_ws/build/ros_tcp_endpoint/install.log --single-version-externally-managed install_data
