[0.134s] [34mcolcon[0m [1;30mDEBUG[0m [32mCommand line arguments: ['/bin/colcon', 'build'][0m
[0.135s] [34mcolcon[0m [1;30mDEBUG[0m [32mParsed command line arguments: Namespace(log_base=None, log_level=None, verb_name='build', build_base='build', install_base='install', merge_install=False, symlink_install=False, test_result_base=None, continue_on_error=False, executor='parallel', parallel_workers=16, event_handlers=None, ignore_user_meta=False, metas=['./colcon.meta'], base_paths=['.'], packages_ignore=None, packages_ignore_regex=None, paths=None, packages_up_to=None, packages_up_to_regex=None, packages_above=None, packages_above_and_dependencies=None, packages_above_depth=None, packages_select_by_dep=None, packages_skip_by_dep=None, packages_skip_up_to=None, packages_select_build_failed=False, packages_skip_build_finished=False, packages_select_test_failures=False, packages_skip_test_passed=False, packages_select=None, packages_skip=None, packages_select_regex=None, packages_skip_regex=None, packages_start=None, packages_end=None, allow_overriding=[], cmake_args=None, cmake_target=None, cmake_target_skip_unavailable=False, cmake_clean_cache=False, cmake_clean_first=False, cmake_force_configure=False, ament_cmake_args=None, catkin_cmake_args=None, catkin_skip_building_tests=False, mixin_files=None, mixin=None, verb_parser=<colcon_mixin.mixin.mixin_argument.MixinArgumentDecorator object at 0x70efc018c130>, verb_extension=<colcon_core.verb.build.BuildVerb object at 0x70efc0157c10>, main=<bound method BuildVerb.main of <colcon_core.verb.build.BuildVerb object at 0x70efc0157c10>>, mixin_verb=('build',))[0m
[0.414s] [34mcolcon.colcon_core.package_discovery[0m [1;30mLevel 1[0m discover_packages(colcon_meta) check parameters
[0.414s] [34mcolcon.colcon_core.package_discovery[0m [1;30mLevel 1[0m discover_packages(recursive) check parameters
[0.414s] [34mcolcon.colcon_core.package_discovery[0m [1;30mLevel 1[0m discover_packages(ignore) check parameters
[0.414s] [34mcolcon.colcon_core.package_discovery[0m [1;30mLevel 1[0m discover_packages(path) check parameters
[0.414s] [34mcolcon.colcon_core.package_discovery[0m [1;30mLevel 1[0m discover_packages(colcon_meta) discover
[0.414s] [34mcolcon.colcon_core.package_discovery[0m [1;30mLevel 1[0m discover_packages(recursive) discover
[0.414s] [34mcolcon.colcon_core.package_discovery[0m [1;30mINFO[0m Crawling recursively for packages in '/home/dawid/ros2_unity_ws'
[0.414s] [34mcolcon.colcon_core.package_identification[0m [1;30mLevel 1[0m _identify(.) by extensions ['ignore', 'ignore_ament_install']
[0.414s] [34mcolcon.colcon_core.package_identification[0m [1;30mLevel 1[0m _identify(.) by extension 'ignore'
[0.414s] [34mcolcon.colcon_core.package_identification[0m [1;30mLevel 1[0m _identify(.) by extension 'ignore_ament_install'
[0.415s] [34mcolcon.colcon_core.package_identification[0m [1;30mLevel 1[0m _identify(.) by extensions ['colcon_pkg']
[0.415s] [34mcolcon.colcon_core.package_identification[0m [1;30mLevel 1[0m _identify(.) by extension 'colcon_pkg'
[0.415s] [34mcolcon.colcon_core.package_identification[0m [1;30mLevel 1[0m _identify(.) by extensions ['colcon_meta']
[0.415s] [34mcolcon.colcon_core.package_identification[0m [1;30mLevel 1[0m _identify(.) by extension 'colcon_meta'
[0.415s] [34mcolcon.colcon_core.package_identification[0m [1;30mLevel 1[0m _identify(.) by extensions ['ros']
[0.415s] [34mcolcon.colcon_core.package_identification[0m [1;30mLevel 1[0m _identify(.) by extension 'ros'
[0.444s] [34mcolcon.colcon_core.package_identification[0m [1;30mLevel 1[0m _identify(.) by extensions ['cmake', 'python']
[0.444s] [34mcolcon.colcon_core.package_identification[0m [1;30mLevel 1[0m _identify(.) by extension 'cmake'
[0.444s] [34mcolcon.colcon_core.package_identification[0m [1;30mLevel 1[0m _identify(.) by extension 'python'
[0.444s] [34mcolcon.colcon_core.package_identification[0m [1;30mLevel 1[0m _identify(.) by extensions ['python_setup_py']
[0.444s] [34mcolcon.colcon_core.package_identification[0m [1;30mLevel 1[0m _identify(.) by extension 'python_setup_py'
[0.445s] [34mcolcon.colcon_core.package_identification[0m [1;30mLevel 1[0m _identify(build) by extensions ['ignore', 'ignore_ament_install']
[0.445s] [34mcolcon.colcon_core.package_identification[0m [1;30mLevel 1[0m _identify(build) by extension 'ignore'
[0.445s] [34mcolcon.colcon_core.package_identification[0m [1;30mLevel 1[0m _identify(build) ignored
[0.445s] [34mcolcon.colcon_core.package_identification[0m [1;30mLevel 1[0m _identify(install) by extensions ['ignore', 'ignore_ament_install']
[0.445s] [34mcolcon.colcon_core.package_identification[0m [1;30mLevel 1[0m _identify(install) by extension 'ignore'
[0.445s] [34mcolcon.colcon_core.package_identification[0m [1;30mLevel 1[0m _identify(install) ignored
[0.445s] [34mcolcon.colcon_core.package_identification[0m [1;30mLevel 1[0m _identify(log) by extensions ['ignore', 'ignore_ament_install']
[0.445s] [34mcolcon.colcon_core.package_identification[0m [1;30mLevel 1[0m _identify(log) by extension 'ignore'
[0.445s] [34mcolcon.colcon_core.package_identification[0m [1;30mLevel 1[0m _identify(log) ignored
[0.445s] [34mcolcon.colcon_core.package_identification[0m [1;30mLevel 1[0m _identify(src) by extensions ['ignore', 'ignore_ament_install']
[0.445s] [34mcolcon.colcon_core.package_identification[0m [1;30mLevel 1[0m _identify(src) by extension 'ignore'
[0.445s] [34mcolcon.colcon_core.package_identification[0m [1;30mLevel 1[0m _identify(src) by extension 'ignore_ament_install'
[0.445s] [34mcolcon.colcon_core.package_identification[0m [1;30mLevel 1[0m _identify(src) by extensions ['colcon_pkg']
[0.446s] [34mcolcon.colcon_core.package_identification[0m [1;30mLevel 1[0m _identify(src) by extension 'colcon_pkg'
[0.446s] [34mcolcon.colcon_core.package_identification[0m [1;30mLevel 1[0m _identify(src) by extensions ['colcon_meta']
[0.446s] [34mcolcon.colcon_core.package_identification[0m [1;30mLevel 1[0m _identify(src) by extension 'colcon_meta'
[0.446s] [34mcolcon.colcon_core.package_identification[0m [1;30mLevel 1[0m _identify(src) by extensions ['ros']
[0.446s] [34mcolcon.colcon_core.package_identification[0m [1;30mLevel 1[0m _identify(src) by extension 'ros'
[0.446s] [34mcolcon.colcon_core.package_identification[0m [1;30mLevel 1[0m _identify(src) by extensions ['cmake', 'python']
[0.446s] [34mcolcon.colcon_core.package_identification[0m [1;30mLevel 1[0m _identify(src) by extension 'cmake'
[0.446s] [34mcolcon.colcon_core.package_identification[0m [1;30mLevel 1[0m _identify(src) by extension 'python'
[0.446s] [34mcolcon.colcon_core.package_identification[0m [1;30mLevel 1[0m _identify(src) by extensions ['python_setup_py']
[0.446s] [34mcolcon.colcon_core.package_identification[0m [1;30mLevel 1[0m _identify(src) by extension 'python_setup_py'
[0.446s] [34mcolcon.colcon_core.package_identification[0m [1;30mLevel 1[0m _identify(src/controller) by extensions ['ignore', 'ignore_ament_install']
[0.446s] [34mcolcon.colcon_core.package_identification[0m [1;30mLevel 1[0m _identify(src/controller) by extension 'ignore'
[0.446s] [34mcolcon.colcon_core.package_identification[0m [1;30mLevel 1[0m _identify(src/controller) by extension 'ignore_ament_install'
[0.446s] [34mcolcon.colcon_core.package_identification[0m [1;30mLevel 1[0m _identify(src/controller) by extensions ['colcon_pkg']
[0.446s] [34mcolcon.colcon_core.package_identification[0m [1;30mLevel 1[0m _identify(src/controller) by extension 'colcon_pkg'
[0.446s] [34mcolcon.colcon_core.package_identification[0m [1;30mLevel 1[0m _identify(src/controller) by extensions ['colcon_meta']
[0.446s] [34mcolcon.colcon_core.package_identification[0m [1;30mLevel 1[0m _identify(src/controller) by extension 'colcon_meta'
[0.446s] [34mcolcon.colcon_core.package_identification[0m [1;30mLevel 1[0m _identify(src/controller) by extensions ['ros']
[0.446s] [34mcolcon.colcon_core.package_identification[0m [1;30mLevel 1[0m _identify(src/controller) by extension 'ros'
[0.449s] [34mcolcon.colcon_core.package_identification[0m [1;30mDEBUG[0m [32mPackage 'src/controller' with type 'ros.ament_cmake' and name 'controller'[0m
[0.449s] [34mcolcon.colcon_core.package_identification[0m [1;30mLevel 1[0m _identify(src/description) by extensions ['ignore', 'ignore_ament_install']
[0.450s] [34mcolcon.colcon_core.package_identification[0m [1;30mLevel 1[0m _identify(src/description) by extension 'ignore'
[0.450s] [34mcolcon.colcon_core.package_identification[0m [1;30mLevel 1[0m _identify(src/description) by extension 'ignore_ament_install'
[0.450s] [34mcolcon.colcon_core.package_identification[0m [1;30mLevel 1[0m _identify(src/description) by extensions ['colcon_pkg']
[0.450s] [34mcolcon.colcon_core.package_identification[0m [1;30mLevel 1[0m _identify(src/description) by extension 'colcon_pkg'
[0.450s] [34mcolcon.colcon_core.package_identification[0m [1;30mLevel 1[0m _identify(src/description) by extensions ['colcon_meta']
[0.450s] [34mcolcon.colcon_core.package_identification[0m [1;30mLevel 1[0m _identify(src/description) by extension 'colcon_meta'
[0.450s] [34mcolcon.colcon_core.package_identification[0m [1;30mLevel 1[0m _identify(src/description) by extensions ['ros']
[0.450s] [34mcolcon.colcon_core.package_identification[0m [1;30mLevel 1[0m _identify(src/description) by extension 'ros'
[0.453s] [34mcolcon.colcon_core.package_identification[0m [1;30mDEBUG[0m [32mPackage 'src/description' with type 'ros.ament_python' and name 'description'[0m
[0.453s] [34mcolcon.colcon_core.package_identification[0m [1;30mLevel 1[0m _identify(src/keyboard_teleop) by extensions ['ignore', 'ignore_ament_install']
[0.454s] [34mcolcon.colcon_core.package_identification[0m [1;30mLevel 1[0m _identify(src/keyboard_teleop) by extension 'ignore'
[0.454s] [34mcolcon.colcon_core.package_identification[0m [1;30mLevel 1[0m _identify(src/keyboard_teleop) by extension 'ignore_ament_install'
[0.454s] [34mcolcon.colcon_core.package_identification[0m [1;30mLevel 1[0m _identify(src/keyboard_teleop) by extensions ['colcon_pkg']
[0.454s] [34mcolcon.colcon_core.package_identification[0m [1;30mLevel 1[0m _identify(src/keyboard_teleop) by extension 'colcon_pkg'
[0.454s] [34mcolcon.colcon_core.package_identification[0m [1;30mLevel 1[0m _identify(src/keyboard_teleop) by extensions ['colcon_meta']
[0.454s] [34mcolcon.colcon_core.package_identification[0m [1;30mLevel 1[0m _identify(src/keyboard_teleop) by extension 'colcon_meta'
[0.454s] [34mcolcon.colcon_core.package_identification[0m [1;30mLevel 1[0m _identify(src/keyboard_teleop) by extensions ['ros']
[0.454s] [34mcolcon.colcon_core.package_identification[0m [1;30mLevel 1[0m _identify(src/keyboard_teleop) by extension 'ros'
[0.454s] [34mcolcon.colcon_core.package_identification[0m [1;30mDEBUG[0m [32mPackage 'src/keyboard_teleop' with type 'ros.ament_python' and name 'keyboard_teleop'[0m
[0.455s] [34mcolcon.colcon_core.package_identification[0m [1;30mLevel 1[0m _identify(src/obstacle_avoidance) by extensions ['ignore', 'ignore_ament_install']
[0.455s] [34mcolcon.colcon_core.package_identification[0m [1;30mLevel 1[0m _identify(src/obstacle_avoidance) by extension 'ignore'
[0.455s] [34mcolcon.colcon_core.package_identification[0m [1;30mLevel 1[0m _identify(src/obstacle_avoidance) by extension 'ignore_ament_install'
[0.455s] [34mcolcon.colcon_core.package_identification[0m [1;30mLevel 1[0m _identify(src/obstacle_avoidance) by extensions ['colcon_pkg']
[0.455s] [34mcolcon.colcon_core.package_identification[0m [1;30mLevel 1[0m _identify(src/obstacle_avoidance) by extension 'colcon_pkg'
[0.455s] [34mcolcon.colcon_core.package_identification[0m [1;30mLevel 1[0m _identify(src/obstacle_avoidance) by extensions ['colcon_meta']
[0.455s] [34mcolcon.colcon_core.package_identification[0m [1;30mLevel 1[0m _identify(src/obstacle_avoidance) by extension 'colcon_meta'
[0.455s] [34mcolcon.colcon_core.package_identification[0m [1;30mLevel 1[0m _identify(src/obstacle_avoidance) by extensions ['ros']
[0.455s] [34mcolcon.colcon_core.package_identification[0m [1;30mLevel 1[0m _identify(src/obstacle_avoidance) by extension 'ros'
[0.456s] [34mcolcon.colcon_core.package_identification[0m [1;30mDEBUG[0m [32mPackage 'src/obstacle_avoidance' with type 'ros.ament_python' and name 'obstacle_avoidance'[0m
[0.456s] [34mcolcon.colcon_core.package_identification[0m [1;30mLevel 1[0m _identify(src/ros_tcp_endpoint) by extensions ['ignore', 'ignore_ament_install']
[0.456s] [34mcolcon.colcon_core.package_identification[0m [1;30mLevel 1[0m _identify(src/ros_tcp_endpoint) by extension 'ignore'
[0.456s] [34mcolcon.colcon_core.package_identification[0m [1;30mLevel 1[0m _identify(src/ros_tcp_endpoint) by extension 'ignore_ament_install'
[0.456s] [34mcolcon.colcon_core.package_identification[0m [1;30mLevel 1[0m _identify(src/ros_tcp_endpoint) by extensions ['colcon_pkg']
[0.456s] [34mcolcon.colcon_core.package_identification[0m [1;30mLevel 1[0m _identify(src/ros_tcp_endpoint) by extension 'colcon_pkg'
[0.456s] [34mcolcon.colcon_core.package_identification[0m [1;30mLevel 1[0m _identify(src/ros_tcp_endpoint) by extensions ['colcon_meta']
[0.456s] [34mcolcon.colcon_core.package_identification[0m [1;30mLevel 1[0m _identify(src/ros_tcp_endpoint) by extension 'colcon_meta'
[0.456s] [34mcolcon.colcon_core.package_identification[0m [1;30mLevel 1[0m _identify(src/ros_tcp_endpoint) by extensions ['ros']
[0.456s] [34mcolcon.colcon_core.package_identification[0m [1;30mLevel 1[0m _identify(src/ros_tcp_endpoint) by extension 'ros'
[0.456s] [34mcolcon.colcon_core.package_identification[0m [1;30mDEBUG[0m [32mPackage 'src/ros_tcp_endpoint' with type 'ros.ament_python' and name 'ros_tcp_endpoint'[0m
[0.456s] [34mcolcon.colcon_core.package_discovery[0m [1;30mLevel 1[0m discover_packages(recursive) using defaults
[0.457s] [34mcolcon.colcon_core.package_discovery[0m [1;30mLevel 1[0m discover_packages(ignore) discover
[0.457s] [34mcolcon.colcon_core.package_discovery[0m [1;30mLevel 1[0m discover_packages(ignore) using defaults
[0.457s] [34mcolcon.colcon_core.package_discovery[0m [1;30mLevel 1[0m discover_packages(path) discover
[0.457s] [34mcolcon.colcon_core.package_discovery[0m [1;30mLevel 1[0m discover_packages(path) using defaults
[0.474s] [34mcolcon.colcon_core.package_discovery[0m [1;30mLevel 1[0m discover_packages(prefix_path) check parameters
[0.474s] [34mcolcon.colcon_core.package_discovery[0m [1;30mLevel 1[0m discover_packages(prefix_path) discover
[0.475s] [34mcolcon.colcon_installed_package_information.package_discovery[0m [1;30mDEBUG[0m [32mFound 5 installed packages in /home/dawid/ros2_unity_ws/install[0m
[0.477s] [34mcolcon.colcon_installed_package_information.package_discovery[0m [1;30mDEBUG[0m [32mFound 390 installed packages in /opt/ros/humble[0m
[0.479s] [34mcolcon.colcon_core.package_discovery[0m [1;30mLevel 1[0m discover_packages(prefix_path) using defaults
[0.533s] [34mcolcon.colcon_core.verb[0m [1;30mLevel 5[0m set package 'controller' build argument 'cmake_args' from command line to 'None'
[0.534s] [34mcolcon.colcon_core.verb[0m [1;30mLevel 5[0m set package 'controller' build argument 'cmake_target' from command line to 'None'
[0.534s] [34mcolcon.colcon_core.verb[0m [1;30mLevel 5[0m set package 'controller' build argument 'cmake_target_skip_unavailable' from command line to 'False'
[0.534s] [34mcolcon.colcon_core.verb[0m [1;30mLevel 5[0m set package 'controller' build argument 'cmake_clean_cache' from command line to 'False'
[0.534s] [34mcolcon.colcon_core.verb[0m [1;30mLevel 5[0m set package 'controller' build argument 'cmake_clean_first' from command line to 'False'
[0.534s] [34mcolcon.colcon_core.verb[0m [1;30mLevel 5[0m set package 'controller' build argument 'cmake_force_configure' from command line to 'False'
[0.534s] [34mcolcon.colcon_core.verb[0m [1;30mLevel 5[0m set package 'controller' build argument 'ament_cmake_args' from command line to 'None'
[0.534s] [34mcolcon.colcon_core.verb[0m [1;30mLevel 5[0m set package 'controller' build argument 'catkin_cmake_args' from command line to 'None'
[0.534s] [34mcolcon.colcon_core.verb[0m [1;30mLevel 5[0m set package 'controller' build argument 'catkin_skip_building_tests' from command line to 'False'
[0.534s] [34mcolcon.colcon_core.verb[0m [1;30mDEBUG[0m [32mBuilding package 'controller' with the following arguments: {'ament_cmake_args': None, 'build_base': '/home/dawid/ros2_unity_ws/build/controller', 'catkin_cmake_args': None, 'catkin_skip_building_tests': False, 'cmake_args': None, 'cmake_clean_cache': False, 'cmake_clean_first': False, 'cmake_force_configure': False, 'cmake_target': None, 'cmake_target_skip_unavailable': False, 'install_base': '/home/dawid/ros2_unity_ws/install/controller', 'merge_install': False, 'path': '/home/dawid/ros2_unity_ws/src/controller', 'symlink_install': False, 'test_result_base': None}[0m
[0.534s] [34mcolcon.colcon_core.verb[0m [1;30mLevel 5[0m set package 'description' build argument 'cmake_args' from command line to 'None'
[0.534s] [34mcolcon.colcon_core.verb[0m [1;30mLevel 5[0m set package 'description' build argument 'cmake_target' from command line to 'None'
[0.534s] [34mcolcon.colcon_core.verb[0m [1;30mLevel 5[0m set package 'description' build argument 'cmake_target_skip_unavailable' from command line to 'False'
[0.534s] [34mcolcon.colcon_core.verb[0m [1;30mLevel 5[0m set package 'description' build argument 'cmake_clean_cache' from command line to 'False'
[0.534s] [34mcolcon.colcon_core.verb[0m [1;30mLevel 5[0m set package 'description' build argument 'cmake_clean_first' from command line to 'False'
[0.534s] [34mcolcon.colcon_core.verb[0m [1;30mLevel 5[0m set package 'description' build argument 'cmake_force_configure' from command line to 'False'
[0.534s] [34mcolcon.colcon_core.verb[0m [1;30mLevel 5[0m set package 'description' build argument 'ament_cmake_args' from command line to 'None'
[0.534s] [34mcolcon.colcon_core.verb[0m [1;30mLevel 5[0m set package 'description' build argument 'catkin_cmake_args' from command line to 'None'
[0.534s] [34mcolcon.colcon_core.verb[0m [1;30mLevel 5[0m set package 'description' build argument 'catkin_skip_building_tests' from command line to 'False'
[0.534s] [34mcolcon.colcon_core.verb[0m [1;30mDEBUG[0m [32mBuilding package 'description' with the following arguments: {'ament_cmake_args': None, 'build_base': '/home/dawid/ros2_unity_ws/build/description', 'catkin_cmake_args': None, 'catkin_skip_building_tests': False, 'cmake_args': None, 'cmake_clean_cache': False, 'cmake_clean_first': False, 'cmake_force_configure': False, 'cmake_target': None, 'cmake_target_skip_unavailable': False, 'install_base': '/home/dawid/ros2_unity_ws/install/description', 'merge_install': False, 'path': '/home/dawid/ros2_unity_ws/src/description', 'symlink_install': False, 'test_result_base': None}[0m
[0.535s] [34mcolcon.colcon_core.verb[0m [1;30mLevel 5[0m set package 'keyboard_teleop' build argument 'cmake_args' from command line to 'None'
[0.535s] [34mcolcon.colcon_core.verb[0m [1;30mLevel 5[0m set package 'keyboard_teleop' build argument 'cmake_target' from command line to 'None'
[0.535s] [34mcolcon.colcon_core.verb[0m [1;30mLevel 5[0m set package 'keyboard_teleop' build argument 'cmake_target_skip_unavailable' from command line to 'False'
[0.535s] [34mcolcon.colcon_core.verb[0m [1;30mLevel 5[0m set package 'keyboard_teleop' build argument 'cmake_clean_cache' from command line to 'False'
[0.535s] [34mcolcon.colcon_core.verb[0m [1;30mLevel 5[0m set package 'keyboard_teleop' build argument 'cmake_clean_first' from command line to 'False'
[0.535s] [34mcolcon.colcon_core.verb[0m [1;30mLevel 5[0m set package 'keyboard_teleop' build argument 'cmake_force_configure' from command line to 'False'
[0.535s] [34mcolcon.colcon_core.verb[0m [1;30mLevel 5[0m set package 'keyboard_teleop' build argument 'ament_cmake_args' from command line to 'None'
[0.535s] [34mcolcon.colcon_core.verb[0m [1;30mLevel 5[0m set package 'keyboard_teleop' build argument 'catkin_cmake_args' from command line to 'None'
[0.535s] [34mcolcon.colcon_core.verb[0m [1;30mLevel 5[0m set package 'keyboard_teleop' build argument 'catkin_skip_building_tests' from command line to 'False'
[0.535s] [34mcolcon.colcon_core.verb[0m [1;30mDEBUG[0m [32mBuilding package 'keyboard_teleop' with the following arguments: {'ament_cmake_args': None, 'build_base': '/home/dawid/ros2_unity_ws/build/keyboard_teleop', 'catkin_cmake_args': None, 'catkin_skip_building_tests': False, 'cmake_args': None, 'cmake_clean_cache': False, 'cmake_clean_first': False, 'cmake_force_configure': False, 'cmake_target': None, 'cmake_target_skip_unavailable': False, 'install_base': '/home/dawid/ros2_unity_ws/install/keyboard_teleop', 'merge_install': False, 'path': '/home/dawid/ros2_unity_ws/src/keyboard_teleop', 'symlink_install': False, 'test_result_base': None}[0m
[0.535s] [34mcolcon.colcon_core.verb[0m [1;30mLevel 5[0m set package 'obstacle_avoidance' build argument 'cmake_args' from command line to 'None'
[0.535s] [34mcolcon.colcon_core.verb[0m [1;30mLevel 5[0m set package 'obstacle_avoidance' build argument 'cmake_target' from command line to 'None'
[0.535s] [34mcolcon.colcon_core.verb[0m [1;30mLevel 5[0m set package 'obstacle_avoidance' build argument 'cmake_target_skip_unavailable' from command line to 'False'
[0.535s] [34mcolcon.colcon_core.verb[0m [1;30mLevel 5[0m set package 'obstacle_avoidance' build argument 'cmake_clean_cache' from command line to 'False'
[0.535s] [34mcolcon.colcon_core.verb[0m [1;30mLevel 5[0m set package 'obstacle_avoidance' build argument 'cmake_clean_first' from command line to 'False'
[0.535s] [34mcolcon.colcon_core.verb[0m [1;30mLevel 5[0m set package 'obstacle_avoidance' build argument 'cmake_force_configure' from command line to 'False'
[0.535s] [34mcolcon.colcon_core.verb[0m [1;30mLevel 5[0m set package 'obstacle_avoidance' build argument 'ament_cmake_args' from command line to 'None'
[0.535s] [34mcolcon.colcon_core.verb[0m [1;30mLevel 5[0m set package 'obstacle_avoidance' build argument 'catkin_cmake_args' from command line to 'None'
[0.535s] [34mcolcon.colcon_core.verb[0m [1;30mLevel 5[0m set package 'obstacle_avoidance' build argument 'catkin_skip_building_tests' from command line to 'False'
[0.535s] [34mcolcon.colcon_core.verb[0m [1;30mDEBUG[0m [32mBuilding package 'obstacle_avoidance' with the following arguments: {'ament_cmake_args': None, 'build_base': '/home/dawid/ros2_unity_ws/build/obstacle_avoidance', 'catkin_cmake_args': None, 'catkin_skip_building_tests': False, 'cmake_args': None, 'cmake_clean_cache': False, 'cmake_clean_first': False, 'cmake_force_configure': False, 'cmake_target': None, 'cmake_target_skip_unavailable': False, 'install_base': '/home/dawid/ros2_unity_ws/install/obstacle_avoidance', 'merge_install': False, 'path': '/home/dawid/ros2_unity_ws/src/obstacle_avoidance', 'symlink_install': False, 'test_result_base': None}[0m
[0.536s] [34mcolcon.colcon_core.verb[0m [1;30mLevel 5[0m set package 'ros_tcp_endpoint' build argument 'cmake_args' from command line to 'None'
[0.536s] [34mcolcon.colcon_core.verb[0m [1;30mLevel 5[0m set package 'ros_tcp_endpoint' build argument 'cmake_target' from command line to 'None'
[0.536s] [34mcolcon.colcon_core.verb[0m [1;30mLevel 5[0m set package 'ros_tcp_endpoint' build argument 'cmake_target_skip_unavailable' from command line to 'False'
[0.536s] [34mcolcon.colcon_core.verb[0m [1;30mLevel 5[0m set package 'ros_tcp_endpoint' build argument 'cmake_clean_cache' from command line to 'False'
[0.536s] [34mcolcon.colcon_core.verb[0m [1;30mLevel 5[0m set package 'ros_tcp_endpoint' build argument 'cmake_clean_first' from command line to 'False'
[0.536s] [34mcolcon.colcon_core.verb[0m [1;30mLevel 5[0m set package 'ros_tcp_endpoint' build argument 'cmake_force_configure' from command line to 'False'
[0.536s] [34mcolcon.colcon_core.verb[0m [1;30mLevel 5[0m set package 'ros_tcp_endpoint' build argument 'ament_cmake_args' from command line to 'None'
[0.536s] [34mcolcon.colcon_core.verb[0m [1;30mLevel 5[0m set package 'ros_tcp_endpoint' build argument 'catkin_cmake_args' from command line to 'None'
[0.536s] [34mcolcon.colcon_core.verb[0m [1;30mLevel 5[0m set package 'ros_tcp_endpoint' build argument 'catkin_skip_building_tests' from command line to 'False'
[0.536s] [34mcolcon.colcon_core.verb[0m [1;30mDEBUG[0m [32mBuilding package 'ros_tcp_endpoint' with the following arguments: {'ament_cmake_args': None, 'build_base': '/home/dawid/ros2_unity_ws/build/ros_tcp_endpoint', 'catkin_cmake_args': None, 'catkin_skip_building_tests': False, 'cmake_args': None, 'cmake_clean_cache': False, 'cmake_clean_first': False, 'cmake_force_configure': False, 'cmake_target': None, 'cmake_target_skip_unavailable': False, 'install_base': '/home/dawid/ros2_unity_ws/install/ros_tcp_endpoint', 'merge_install': False, 'path': '/home/dawid/ros2_unity_ws/src/ros_tcp_endpoint', 'symlink_install': False, 'test_result_base': None}[0m
[0.536s] [34mcolcon.colcon_core.executor[0m [1;30mINFO[0m Executing jobs using 'parallel' executor
[0.537s] [34mcolcon.colcon_parallel_executor.executor.parallel[0m [1;30mDEBUG[0m [32mrun_until_complete[0m
[0.537s] [34mcolcon.colcon_ros.task.ament_cmake.build[0m [1;30mINFO[0m Building ROS package in '/home/dawid/ros2_unity_ws/src/controller' with build type 'ament_cmake'
[0.537s] [34mcolcon.colcon_cmake.task.cmake.build[0m [1;30mINFO[0m Building CMake package in '/home/dawid/ros2_unity_ws/src/controller'
[0.539s] [34mcolcon.colcon_core.plugin_system[0m [1;30mINFO[0m Skipping extension 'colcon_core.shell.bat': Not used on non-Windows systems
[0.540s] [34mcolcon.colcon_core.shell[0m [1;30mINFO[0m Skip shell extension 'powershell' for command environment: Not usable outside of PowerShell
[0.540s] [34mcolcon.colcon_core.shell[0m [1;30mDEBUG[0m [32mSkip shell extension 'dsv' for command environment[0m
[0.543s] [34mcolcon.colcon_ros.task.ament_python.build[0m [1;30mINFO[0m Building ROS package in '/home/dawid/ros2_unity_ws/src/description' with build type 'ament_python'
[0.543s] [34mcolcon.colcon_core.shell[0m [1;30mLevel 1[0m create_environment_hook('description', 'ament_prefix_path')
[0.543s] [34mcolcon.colcon_core.shell[0m [1;30mINFO[0m Creating environment hook '/home/dawid/ros2_unity_ws/install/description/share/description/hook/ament_prefix_path.ps1'
[0.544s] [34mcolcon.colcon_core.shell[0m [1;30mINFO[0m Creating environment descriptor '/home/dawid/ros2_unity_ws/install/description/share/description/hook/ament_prefix_path.dsv'
[0.544s] [34mcolcon.colcon_core.shell[0m [1;30mINFO[0m Creating environment hook '/home/dawid/ros2_unity_ws/install/description/share/description/hook/ament_prefix_path.sh'
[0.545s] [34mcolcon.colcon_core.shell[0m [1;30mINFO[0m Skip shell extension 'powershell' for command environment: Not usable outside of PowerShell
[0.545s] [34mcolcon.colcon_core.shell[0m [1;30mDEBUG[0m [32mSkip shell extension 'dsv' for command environment[0m
[0.549s] [34mcolcon.colcon_ros.task.ament_python.build[0m [1;30mINFO[0m Building ROS package in '/home/dawid/ros2_unity_ws/src/keyboard_teleop' with build type 'ament_python'
[0.549s] [34mcolcon.colcon_core.shell[0m [1;30mLevel 1[0m create_environment_hook('keyboard_teleop', 'ament_prefix_path')
[0.549s] [34mcolcon.colcon_core.shell[0m [1;30mINFO[0m Creating environment hook '/home/dawid/ros2_unity_ws/install/keyboard_teleop/share/keyboard_teleop/hook/ament_prefix_path.ps1'
[0.549s] [34mcolcon.colcon_core.shell[0m [1;30mINFO[0m Creating environment descriptor '/home/dawid/ros2_unity_ws/install/keyboard_teleop/share/keyboard_teleop/hook/ament_prefix_path.dsv'
[0.550s] [34mcolcon.colcon_core.shell[0m [1;30mINFO[0m Creating environment hook '/home/dawid/ros2_unity_ws/install/keyboard_teleop/share/keyboard_teleop/hook/ament_prefix_path.sh'
[0.550s] [34mcolcon.colcon_core.shell[0m [1;30mINFO[0m Skip shell extension 'powershell' for command environment: Not usable outside of PowerShell
[0.550s] [34mcolcon.colcon_core.shell[0m [1;30mDEBUG[0m [32mSkip shell extension 'dsv' for command environment[0m
[0.553s] [34mcolcon.colcon_ros.task.ament_python.build[0m [1;30mINFO[0m Building ROS package in '/home/dawid/ros2_unity_ws/src/obstacle_avoidance' with build type 'ament_python'
[0.554s] [34mcolcon.colcon_core.shell[0m [1;30mLevel 1[0m create_environment_hook('obstacle_avoidance', 'ament_prefix_path')
[0.554s] [34mcolcon.colcon_core.shell[0m [1;30mINFO[0m Creating environment hook '/home/dawid/ros2_unity_ws/install/obstacle_avoidance/share/obstacle_avoidance/hook/ament_prefix_path.ps1'
[0.554s] [34mcolcon.colcon_core.shell[0m [1;30mINFO[0m Creating environment descriptor '/home/dawid/ros2_unity_ws/install/obstacle_avoidance/share/obstacle_avoidance/hook/ament_prefix_path.dsv'
[0.555s] [34mcolcon.colcon_core.shell[0m [1;30mINFO[0m Creating environment hook '/home/dawid/ros2_unity_ws/install/obstacle_avoidance/share/obstacle_avoidance/hook/ament_prefix_path.sh'
[0.555s] [34mcolcon.colcon_core.shell[0m [1;30mINFO[0m Skip shell extension 'powershell' for command environment: Not usable outside of PowerShell
[0.555s] [34mcolcon.colcon_core.shell[0m [1;30mDEBUG[0m [32mSkip shell extension 'dsv' for command environment[0m
[0.559s] [34mcolcon.colcon_ros.task.ament_python.build[0m [1;30mINFO[0m Building ROS package in '/home/dawid/ros2_unity_ws/src/ros_tcp_endpoint' with build type 'ament_python'
[0.559s] [34mcolcon.colcon_core.shell[0m [1;30mLevel 1[0m create_environment_hook('ros_tcp_endpoint', 'ament_prefix_path')
[0.559s] [34mcolcon.colcon_core.shell[0m [1;30mINFO[0m Creating environment hook '/home/dawid/ros2_unity_ws/install/ros_tcp_endpoint/share/ros_tcp_endpoint/hook/ament_prefix_path.ps1'
[0.560s] [34mcolcon.colcon_core.shell[0m [1;30mINFO[0m Creating environment descriptor '/home/dawid/ros2_unity_ws/install/ros_tcp_endpoint/share/ros_tcp_endpoint/hook/ament_prefix_path.dsv'
[0.560s] [34mcolcon.colcon_core.shell[0m [1;30mINFO[0m Creating environment hook '/home/dawid/ros2_unity_ws/install/ros_tcp_endpoint/share/ros_tcp_endpoint/hook/ament_prefix_path.sh'
[0.560s] [34mcolcon.colcon_core.shell[0m [1;30mINFO[0m Skip shell extension 'powershell' for command environment: Not usable outside of PowerShell
[0.560s] [34mcolcon.colcon_core.shell[0m [1;30mDEBUG[0m [32mSkip shell extension 'dsv' for command environment[0m
[0.570s] [34mcolcon.colcon_core.event_handler.log_command[0m [1;30mDEBUG[0m [32mInvoking command in '/home/dawid/ros2_unity_ws/build/controller': CMAKE_PREFIX_PATH=${CMAKE_PREFIX_PATH}:/home/dawid/ros2_unity_ws/install/ros_tcp_endpoint:/home/dawid/ros2_unity_ws/install/obstacle_avoidance:/home/dawid/ros2_unity_ws/install/keyboard_teleop:/home/dawid/ros2_unity_ws/install/description:/opt/ros/humble /bin/cmake --build /home/dawid/ros2_unity_ws/build/controller -- -j16 -l16[0m
[1.067s] [34mcolcon.colcon_core.task.python.build[0m [1;30mINFO[0m Building Python package in '/home/dawid/ros2_unity_ws/src/description'
[1.067s] [34mcolcon.colcon_core.shell[0m [1;30mINFO[0m Skip shell extension 'powershell' for command environment: Not usable outside of PowerShell
[1.067s] [34mcolcon.colcon_core.shell[0m [1;30mDEBUG[0m [32mSkip shell extension 'dsv' for command environment[0m
[1.568s] [34mcolcon.colcon_core.task.python.build[0m [1;30mINFO[0m Building Python package in '/home/dawid/ros2_unity_ws/src/keyboard_teleop'
[1.569s] [34mcolcon.colcon_core.shell[0m [1;30mINFO[0m Skip shell extension 'powershell' for command environment: Not usable outside of PowerShell
[1.569s] [34mcolcon.colcon_core.shell[0m [1;30mDEBUG[0m [32mSkip shell extension 'dsv' for command environment[0m
[2.086s] [34mcolcon.colcon_core.task.python.build[0m [1;30mINFO[0m Building Python package in '/home/dawid/ros2_unity_ws/src/obstacle_avoidance'
[2.086s] [34mcolcon.colcon_core.shell[0m [1;30mINFO[0m Skip shell extension 'powershell' for command environment: Not usable outside of PowerShell
[2.086s] [34mcolcon.colcon_core.shell[0m [1;30mDEBUG[0m [32mSkip shell extension 'dsv' for command environment[0m
[2.094s] [34mcolcon.colcon_core.event_handler.log_command[0m [1;30mDEBUG[0m [32mInvoked command in '/home/dawid/ros2_unity_ws/build/controller' returned '0': CMAKE_PREFIX_PATH=${CMAKE_PREFIX_PATH}:/home/dawid/ros2_unity_ws/install/ros_tcp_endpoint:/home/dawid/ros2_unity_ws/install/obstacle_avoidance:/home/dawid/ros2_unity_ws/install/keyboard_teleop:/home/dawid/ros2_unity_ws/install/description:/opt/ros/humble /bin/cmake --build /home/dawid/ros2_unity_ws/build/controller -- -j16 -l16[0m
[2.106s] [34mcolcon.colcon_core.event_handler.log_command[0m [1;30mDEBUG[0m [32mInvoking command in '/home/dawid/ros2_unity_ws/build/controller': CMAKE_PREFIX_PATH=${CMAKE_PREFIX_PATH}:/home/dawid/ros2_unity_ws/install/ros_tcp_endpoint:/home/dawid/ros2_unity_ws/install/obstacle_avoidance:/home/dawid/ros2_unity_ws/install/keyboard_teleop:/home/dawid/ros2_unity_ws/install/description:/opt/ros/humble /bin/cmake --install /home/dawid/ros2_unity_ws/build/controller[0m
[2.620s] [34mcolcon.colcon_core.task.python.build[0m [1;30mINFO[0m Building Python package in '/home/dawid/ros2_unity_ws/src/ros_tcp_endpoint'
[2.620s] [34mcolcon.colcon_core.shell[0m [1;30mINFO[0m Skip shell extension 'powershell' for command environment: Not usable outside of PowerShell
[2.620s] [34mcolcon.colcon_core.shell[0m [1;30mDEBUG[0m [32mSkip shell extension 'dsv' for command environment[0m
[2.632s] [34mcolcon.colcon_core.environment[0m [1;30mLevel 1[0m create_environment_scripts_only(controller)
[2.633s] [34mcolcon.colcon_core.event_handler.log_command[0m [1;30mDEBUG[0m [32mInvoked command in '/home/dawid/ros2_unity_ws/build/controller' returned '0': CMAKE_PREFIX_PATH=${CMAKE_PREFIX_PATH}:/home/dawid/ros2_unity_ws/install/ros_tcp_endpoint:/home/dawid/ros2_unity_ws/install/obstacle_avoidance:/home/dawid/ros2_unity_ws/install/keyboard_teleop:/home/dawid/ros2_unity_ws/install/description:/opt/ros/humble /bin/cmake --install /home/dawid/ros2_unity_ws/build/controller[0m
[2.636s] [34mcolcon.colcon_core.environment[0m [1;30mLevel 1[0m checking '/home/dawid/ros2_unity_ws/install/controller' for CMake module files
[2.636s] [34mcolcon.colcon_core.environment[0m [1;30mLevel 1[0m checking '/home/dawid/ros2_unity_ws/install/controller' for CMake config files
[2.637s] [34mcolcon.colcon_core.shell[0m [1;30mLevel 1[0m create_environment_hook('controller', 'cmake_prefix_path')
[2.637s] [34mcolcon.colcon_core.shell[0m [1;30mINFO[0m Creating environment hook '/home/dawid/ros2_unity_ws/install/controller/share/controller/hook/cmake_prefix_path.ps1'
[2.638s] [34mcolcon.colcon_core.shell[0m [1;30mINFO[0m Creating environment descriptor '/home/dawid/ros2_unity_ws/install/controller/share/controller/hook/cmake_prefix_path.dsv'
[2.639s] [34mcolcon.colcon_core.shell[0m [1;30mINFO[0m Creating environment hook '/home/dawid/ros2_unity_ws/install/controller/share/controller/hook/cmake_prefix_path.sh'
[2.639s] [34mcolcon.colcon_core.environment[0m [1;30mLevel 1[0m checking '/home/dawid/ros2_unity_ws/install/controller/bin'
[2.639s] [34mcolcon.colcon_core.environment[0m [1;30mLevel 1[0m checking '/home/dawid/ros2_unity_ws/install/controller/lib/pkgconfig/controller.pc'
[2.640s] [34mcolcon.colcon_core.environment[0m [1;30mLevel 1[0m checking '/home/dawid/ros2_unity_ws/install/controller/lib/python3.10/site-packages'
[2.640s] [34mcolcon.colcon_core.environment[0m [1;30mLevel 1[0m checking '/home/dawid/ros2_unity_ws/install/controller/bin'
[2.640s] [34mcolcon.colcon_core.shell[0m [1;30mINFO[0m Creating package script '/home/dawid/ros2_unity_ws/install/controller/share/controller/package.ps1'
[2.641s] [34mcolcon.colcon_core.shell[0m [1;30mINFO[0m Creating package descriptor '/home/dawid/ros2_unity_ws/install/controller/share/controller/package.dsv'
[2.641s] [34mcolcon.colcon_core.shell[0m [1;30mINFO[0m Creating package script '/home/dawid/ros2_unity_ws/install/controller/share/controller/package.sh'
[2.642s] [34mcolcon.colcon_core.shell[0m [1;30mINFO[0m Creating package script '/home/dawid/ros2_unity_ws/install/controller/share/controller/package.bash'
[2.643s] [34mcolcon.colcon_core.shell[0m [1;30mINFO[0m Creating package script '/home/dawid/ros2_unity_ws/install/controller/share/controller/package.zsh'
[2.644s] [34mcolcon.colcon_core.environment[0m [1;30mLevel 1[0m create_file_with_runtime_dependencies(/home/dawid/ros2_unity_ws/install/controller/share/colcon-core/packages/controller)
[2.644s] [34mcolcon.colcon_core.environment[0m [1;30mLevel 1[0m create_environment_scripts_only(controller)
[2.645s] [34mcolcon.colcon_core.environment[0m [1;30mLevel 1[0m checking '/home/dawid/ros2_unity_ws/install/controller' for CMake module files
[2.645s] [34mcolcon.colcon_core.environment[0m [1;30mLevel 1[0m checking '/home/dawid/ros2_unity_ws/install/controller' for CMake config files
[2.645s] [34mcolcon.colcon_core.shell[0m [1;30mLevel 1[0m create_environment_hook('controller', 'cmake_prefix_path')
[2.646s] [34mcolcon.colcon_core.shell[0m [1;30mINFO[0m Creating environment hook '/home/dawid/ros2_unity_ws/install/controller/share/controller/hook/cmake_prefix_path.ps1'
[2.646s] [34mcolcon.colcon_core.shell[0m [1;30mINFO[0m Creating environment descriptor '/home/dawid/ros2_unity_ws/install/controller/share/controller/hook/cmake_prefix_path.dsv'
[2.646s] [34mcolcon.colcon_core.shell[0m [1;30mINFO[0m Creating environment hook '/home/dawid/ros2_unity_ws/install/controller/share/controller/hook/cmake_prefix_path.sh'
[2.647s] [34mcolcon.colcon_core.environment[0m [1;30mLevel 1[0m checking '/home/dawid/ros2_unity_ws/install/controller/bin'
[2.647s] [34mcolcon.colcon_core.environment[0m [1;30mLevel 1[0m checking '/home/dawid/ros2_unity_ws/install/controller/lib/pkgconfig/controller.pc'
[2.647s] [34mcolcon.colcon_core.environment[0m [1;30mLevel 1[0m checking '/home/dawid/ros2_unity_ws/install/controller/lib/python3.10/site-packages'
[2.648s] [34mcolcon.colcon_core.environment[0m [1;30mLevel 1[0m checking '/home/dawid/ros2_unity_ws/install/controller/bin'
[2.648s] [34mcolcon.colcon_core.shell[0m [1;30mINFO[0m Creating package script '/home/dawid/ros2_unity_ws/install/controller/share/controller/package.ps1'
[2.648s] [34mcolcon.colcon_core.shell[0m [1;30mINFO[0m Creating package descriptor '/home/dawid/ros2_unity_ws/install/controller/share/controller/package.dsv'
[2.649s] [34mcolcon.colcon_core.shell[0m [1;30mINFO[0m Creating package script '/home/dawid/ros2_unity_ws/install/controller/share/controller/package.sh'
[2.649s] [34mcolcon.colcon_core.shell[0m [1;30mINFO[0m Creating package script '/home/dawid/ros2_unity_ws/install/controller/share/controller/package.bash'
[2.650s] [34mcolcon.colcon_core.shell[0m [1;30mINFO[0m Creating package script '/home/dawid/ros2_unity_ws/install/controller/share/controller/package.zsh'
[2.650s] [34mcolcon.colcon_core.environment[0m [1;30mLevel 1[0m create_file_with_runtime_dependencies(/home/dawid/ros2_unity_ws/install/controller/share/colcon-core/packages/controller)
[3.811s] [34mcolcon.colcon_core.event_handler.log_command[0m [1;30mDEBUG[0m [32mInvoking command in '/home/dawid/ros2_unity_ws/src/obstacle_avoidance': PYTHONPATH=/home/dawid/ros2_unity_ws/build/obstacle_avoidance/prefix_override:/usr/lib/python3/dist-packages/colcon_core/task/python/colcon_distutils_commands:/home/dawid/ros2_unity_ws/install/obstacle_avoidance/lib/python3.10/site-packages:${PYTHONPATH} /usr/bin/python3 -W ignore:setup.py install is deprecated -W ignore:easy_install command is deprecated setup.py egg_info --egg-base ../../build/obstacle_avoidance build --build-base /home/dawid/ros2_unity_ws/build/obstacle_avoidance/build install --record /home/dawid/ros2_unity_ws/build/obstacle_avoidance/install.log --single-version-externally-managed install_data[0m
[3.818s] [34mcolcon.colcon_core.event_handler.log_command[0m [1;30mDEBUG[0m [32mInvoking command in '/home/dawid/ros2_unity_ws/src/keyboard_teleop': PYTHONPATH=/home/dawid/ros2_unity_ws/build/keyboard_teleop/prefix_override:/usr/lib/python3/dist-packages/colcon_core/task/python/colcon_distutils_commands:/home/dawid/ros2_unity_ws/install/keyboard_teleop/lib/python3.10/site-packages:${PYTHONPATH} /usr/bin/python3 -W ignore:setup.py install is deprecated -W ignore:easy_install command is deprecated setup.py egg_info --egg-base ../../build/keyboard_teleop build --build-base /home/dawid/ros2_unity_ws/build/keyboard_teleop/build install --record /home/dawid/ros2_unity_ws/build/keyboard_teleop/install.log --single-version-externally-managed install_data[0m
[3.822s] [34mcolcon.colcon_core.event_handler.log_command[0m [1;30mDEBUG[0m [32mInvoking command in '/home/dawid/ros2_unity_ws/src/description': PYTHONPATH=/home/dawid/ros2_unity_ws/build/description/prefix_override:/usr/lib/python3/dist-packages/colcon_core/task/python/colcon_distutils_commands:/home/dawid/ros2_unity_ws/install/description/lib/python3.10/site-packages:${PYTHONPATH} /usr/bin/python3 -W ignore:setup.py install is deprecated -W ignore:easy_install command is deprecated setup.py egg_info --egg-base ../../build/description build --build-base /home/dawid/ros2_unity_ws/build/description/build install --record /home/dawid/ros2_unity_ws/build/description/install.log --single-version-externally-managed install_data[0m
[3.838s] [34mcolcon.colcon_core.event_handler.log_command[0m [1;30mDEBUG[0m [32mInvoking command in '/home/dawid/ros2_unity_ws/src/ros_tcp_endpoint': PYTHONPATH=/home/dawid/ros2_unity_ws/build/ros_tcp_endpoint/prefix_override:/usr/lib/python3/dist-packages/colcon_core/task/python/colcon_distutils_commands:/home/dawid/ros2_unity_ws/install/ros_tcp_endpoint/lib/python3.10/site-packages:${PYTHONPATH} /usr/bin/python3 -W ignore:setup.py install is deprecated -W ignore:easy_install command is deprecated setup.py egg_info --egg-base ../../build/ros_tcp_endpoint build --build-base /home/dawid/ros2_unity_ws/build/ros_tcp_endpoint/build install --record /home/dawid/ros2_unity_ws/build/ros_tcp_endpoint/install.log --single-version-externally-managed install_data[0m
[4.926s] [34mcolcon.colcon_core.environment[0m [1;30mLevel 1[0m checking '/home/dawid/ros2_unity_ws/install/description' for CMake module files
[4.927s] [34mcolcon.colcon_core.event_handler.log_command[0m [1;30mDEBUG[0m [32mInvoked command in '/home/dawid/ros2_unity_ws/src/description' returned '0': PYTHONPATH=/home/dawid/ros2_unity_ws/build/description/prefix_override:/usr/lib/python3/dist-packages/colcon_core/task/python/colcon_distutils_commands:/home/dawid/ros2_unity_ws/install/description/lib/python3.10/site-packages:${PYTHONPATH} /usr/bin/python3 -W ignore:setup.py install is deprecated -W ignore:easy_install command is deprecated setup.py egg_info --egg-base ../../build/description build --build-base /home/dawid/ros2_unity_ws/build/description/build install --record /home/dawid/ros2_unity_ws/build/description/install.log --single-version-externally-managed install_data[0m
[4.928s] [34mcolcon.colcon_core.environment[0m [1;30mLevel 1[0m checking '/home/dawid/ros2_unity_ws/install/description' for CMake config files
[4.930s] [34mcolcon.colcon_core.environment[0m [1;30mLevel 1[0m checking '/home/dawid/ros2_unity_ws/install/description/lib'
[4.931s] [34mcolcon.colcon_core.environment[0m [1;30mLevel 1[0m checking '/home/dawid/ros2_unity_ws/install/description/bin'
[4.931s] [34mcolcon.colcon_core.environment[0m [1;30mLevel 1[0m checking '/home/dawid/ros2_unity_ws/install/description/lib/pkgconfig/description.pc'
[4.932s] [34mcolcon.colcon_core.environment[0m [1;30mLevel 1[0m checking '/home/dawid/ros2_unity_ws/install/description/lib/python3.10/site-packages'
[4.932s] [34mcolcon.colcon_core.shell[0m [1;30mLevel 1[0m create_environment_hook('description', 'pythonpath')
[4.932s] [34mcolcon.colcon_core.shell[0m [1;30mINFO[0m Creating environment hook '/home/dawid/ros2_unity_ws/install/description/share/description/hook/pythonpath.ps1'
[4.933s] [34mcolcon.colcon_core.shell[0m [1;30mINFO[0m Creating environment descriptor '/home/dawid/ros2_unity_ws/install/description/share/description/hook/pythonpath.dsv'
[4.933s] [34mcolcon.colcon_core.shell[0m [1;30mINFO[0m Creating environment hook '/home/dawid/ros2_unity_ws/install/description/share/description/hook/pythonpath.sh'
[4.934s] [34mcolcon.colcon_core.environment[0m [1;30mLevel 1[0m checking '/home/dawid/ros2_unity_ws/install/description/bin'
[4.934s] [34mcolcon.colcon_core.environment[0m [1;30mLevel 1[0m create_environment_scripts_only(description)
[4.934s] [34mcolcon.colcon_core.shell[0m [1;30mINFO[0m Creating package script '/home/dawid/ros2_unity_ws/install/description/share/description/package.ps1'
[4.935s] [34mcolcon.colcon_core.shell[0m [1;30mINFO[0m Creating package descriptor '/home/dawid/ros2_unity_ws/install/description/share/description/package.dsv'
[4.935s] [34mcolcon.colcon_core.shell[0m [1;30mINFO[0m Creating package script '/home/dawid/ros2_unity_ws/install/description/share/description/package.sh'
[4.936s] [34mcolcon.colcon_core.shell[0m [1;30mINFO[0m Creating package script '/home/dawid/ros2_unity_ws/install/description/share/description/package.bash'
[4.936s] [34mcolcon.colcon_core.shell[0m [1;30mINFO[0m Creating package script '/home/dawid/ros2_unity_ws/install/description/share/description/package.zsh'
[4.936s] [34mcolcon.colcon_core.environment[0m [1;30mLevel 1[0m create_file_with_runtime_dependencies(/home/dawid/ros2_unity_ws/install/description/share/colcon-core/packages/description)
[4.940s] [34mcolcon.colcon_core.environment[0m [1;30mLevel 1[0m checking '/home/dawid/ros2_unity_ws/install/obstacle_avoidance' for CMake module files
[4.940s] [34mcolcon.colcon_core.event_handler.log_command[0m [1;30mDEBUG[0m [32mInvoked command in '/home/dawid/ros2_unity_ws/src/obstacle_avoidance' returned '0': PYTHONPATH=/home/dawid/ros2_unity_ws/build/obstacle_avoidance/prefix_override:/usr/lib/python3/dist-packages/colcon_core/task/python/colcon_distutils_commands:/home/dawid/ros2_unity_ws/install/obstacle_avoidance/lib/python3.10/site-packages:${PYTHONPATH} /usr/bin/python3 -W ignore:setup.py install is deprecated -W ignore:easy_install command is deprecated setup.py egg_info --egg-base ../../build/obstacle_avoidance build --build-base /home/dawid/ros2_unity_ws/build/obstacle_avoidance/build install --record /home/dawid/ros2_unity_ws/build/obstacle_avoidance/install.log --single-version-externally-managed install_data[0m
[4.941s] [34mcolcon.colcon_core.environment[0m [1;30mLevel 1[0m checking '/home/dawid/ros2_unity_ws/install/obstacle_avoidance' for CMake config files
[4.942s] [34mcolcon.colcon_core.environment[0m [1;30mLevel 1[0m checking '/home/dawid/ros2_unity_ws/install/obstacle_avoidance/lib'
[4.942s] [34mcolcon.colcon_core.environment[0m [1;30mLevel 1[0m checking '/home/dawid/ros2_unity_ws/install/obstacle_avoidance/bin'
[4.942s] [34mcolcon.colcon_core.environment[0m [1;30mLevel 1[0m checking '/home/dawid/ros2_unity_ws/install/obstacle_avoidance/lib/pkgconfig/obstacle_avoidance.pc'
[4.942s] [34mcolcon.colcon_core.environment[0m [1;30mLevel 1[0m checking '/home/dawid/ros2_unity_ws/install/obstacle_avoidance/lib/python3.10/site-packages'
[4.942s] [34mcolcon.colcon_core.shell[0m [1;30mLevel 1[0m create_environment_hook('obstacle_avoidance', 'pythonpath')
[4.942s] [34mcolcon.colcon_core.shell[0m [1;30mINFO[0m Creating environment hook '/home/dawid/ros2_unity_ws/install/obstacle_avoidance/share/obstacle_avoidance/hook/pythonpath.ps1'
[4.943s] [34mcolcon.colcon_core.shell[0m [1;30mINFO[0m Creating environment descriptor '/home/dawid/ros2_unity_ws/install/obstacle_avoidance/share/obstacle_avoidance/hook/pythonpath.dsv'
[4.943s] [34mcolcon.colcon_core.shell[0m [1;30mINFO[0m Creating environment hook '/home/dawid/ros2_unity_ws/install/obstacle_avoidance/share/obstacle_avoidance/hook/pythonpath.sh'
[4.944s] [34mcolcon.colcon_core.environment[0m [1;30mLevel 1[0m checking '/home/dawid/ros2_unity_ws/install/obstacle_avoidance/bin'
[4.944s] [34mcolcon.colcon_core.environment[0m [1;30mLevel 1[0m create_environment_scripts_only(obstacle_avoidance)
[4.944s] [34mcolcon.colcon_core.shell[0m [1;30mINFO[0m Creating package script '/home/dawid/ros2_unity_ws/install/obstacle_avoidance/share/obstacle_avoidance/package.ps1'
[4.945s] [34mcolcon.colcon_core.shell[0m [1;30mINFO[0m Creating package descriptor '/home/dawid/ros2_unity_ws/install/obstacle_avoidance/share/obstacle_avoidance/package.dsv'
[4.945s] [34mcolcon.colcon_core.shell[0m [1;30mINFO[0m Creating package script '/home/dawid/ros2_unity_ws/install/obstacle_avoidance/share/obstacle_avoidance/package.sh'
[4.946s] [34mcolcon.colcon_core.shell[0m [1;30mINFO[0m Creating package script '/home/dawid/ros2_unity_ws/install/obstacle_avoidance/share/obstacle_avoidance/package.bash'
[4.946s] [34mcolcon.colcon_core.shell[0m [1;30mINFO[0m Creating package script '/home/dawid/ros2_unity_ws/install/obstacle_avoidance/share/obstacle_avoidance/package.zsh'
[4.947s] [34mcolcon.colcon_core.environment[0m [1;30mLevel 1[0m create_file_with_runtime_dependencies(/home/dawid/ros2_unity_ws/install/obstacle_avoidance/share/colcon-core/packages/obstacle_avoidance)
[4.956s] [34mcolcon.colcon_core.environment[0m [1;30mLevel 1[0m checking '/home/dawid/ros2_unity_ws/install/keyboard_teleop' for CMake module files
[4.956s] [34mcolcon.colcon_core.event_handler.log_command[0m [1;30mDEBUG[0m [32mInvoked command in '/home/dawid/ros2_unity_ws/src/keyboard_teleop' returned '0': PYTHONPATH=/home/dawid/ros2_unity_ws/build/keyboard_teleop/prefix_override:/usr/lib/python3/dist-packages/colcon_core/task/python/colcon_distutils_commands:/home/dawid/ros2_unity_ws/install/keyboard_teleop/lib/python3.10/site-packages:${PYTHONPATH} /usr/bin/python3 -W ignore:setup.py install is deprecated -W ignore:easy_install command is deprecated setup.py egg_info --egg-base ../../build/keyboard_teleop build --build-base /home/dawid/ros2_unity_ws/build/keyboard_teleop/build install --record /home/dawid/ros2_unity_ws/build/keyboard_teleop/install.log --single-version-externally-managed install_data[0m
[4.957s] [34mcolcon.colcon_core.environment[0m [1;30mLevel 1[0m checking '/home/dawid/ros2_unity_ws/install/keyboard_teleop' for CMake config files
[4.958s] [34mcolcon.colcon_core.environment[0m [1;30mLevel 1[0m checking '/home/dawid/ros2_unity_ws/install/keyboard_teleop/lib'
[4.958s] [34mcolcon.colcon_core.environment[0m [1;30mLevel 1[0m checking '/home/dawid/ros2_unity_ws/install/keyboard_teleop/bin'
[4.958s] [34mcolcon.colcon_core.environment[0m [1;30mLevel 1[0m checking '/home/dawid/ros2_unity_ws/install/keyboard_teleop/lib/pkgconfig/keyboard_teleop.pc'
[4.959s] [34mcolcon.colcon_core.environment[0m [1;30mLevel 1[0m checking '/home/dawid/ros2_unity_ws/install/keyboard_teleop/lib/python3.10/site-packages'
[4.959s] [34mcolcon.colcon_core.shell[0m [1;30mLevel 1[0m create_environment_hook('keyboard_teleop', 'pythonpath')
[4.959s] [34mcolcon.colcon_core.shell[0m [1;30mINFO[0m Creating environment hook '/home/dawid/ros2_unity_ws/install/keyboard_teleop/share/keyboard_teleop/hook/pythonpath.ps1'
[4.959s] [34mcolcon.colcon_core.shell[0m [1;30mINFO[0m Creating environment descriptor '/home/dawid/ros2_unity_ws/install/keyboard_teleop/share/keyboard_teleop/hook/pythonpath.dsv'
[4.960s] [34mcolcon.colcon_core.shell[0m [1;30mINFO[0m Creating environment hook '/home/dawid/ros2_unity_ws/install/keyboard_teleop/share/keyboard_teleop/hook/pythonpath.sh'
[4.960s] [34mcolcon.colcon_core.environment[0m [1;30mLevel 1[0m checking '/home/dawid/ros2_unity_ws/install/keyboard_teleop/bin'
[4.960s] [34mcolcon.colcon_core.environment[0m [1;30mLevel 1[0m create_environment_scripts_only(keyboard_teleop)
[4.961s] [34mcolcon.colcon_core.shell[0m [1;30mINFO[0m Creating package script '/home/dawid/ros2_unity_ws/install/keyboard_teleop/share/keyboard_teleop/package.ps1'
[4.961s] [34mcolcon.colcon_core.shell[0m [1;30mINFO[0m Creating package descriptor '/home/dawid/ros2_unity_ws/install/keyboard_teleop/share/keyboard_teleop/package.dsv'
[4.961s] [34mcolcon.colcon_core.shell[0m [1;30mINFO[0m Creating package script '/home/dawid/ros2_unity_ws/install/keyboard_teleop/share/keyboard_teleop/package.sh'
[4.962s] [34mcolcon.colcon_core.shell[0m [1;30mINFO[0m Creating package script '/home/dawid/ros2_unity_ws/install/keyboard_teleop/share/keyboard_teleop/package.bash'
[4.962s] [34mcolcon.colcon_core.shell[0m [1;30mINFO[0m Creating package script '/home/dawid/ros2_unity_ws/install/keyboard_teleop/share/keyboard_teleop/package.zsh'
[4.962s] [34mcolcon.colcon_core.environment[0m [1;30mLevel 1[0m create_file_with_runtime_dependencies(/home/dawid/ros2_unity_ws/install/keyboard_teleop/share/colcon-core/packages/keyboard_teleop)
[4.968s] [34mcolcon.colcon_core.environment[0m [1;30mLevel 1[0m checking '/home/dawid/ros2_unity_ws/install/ros_tcp_endpoint' for CMake module files
[4.968s] [34mcolcon.colcon_core.event_handler.log_command[0m [1;30mDEBUG[0m [32mInvoked command in '/home/dawid/ros2_unity_ws/src/ros_tcp_endpoint' returned '0': PYTHONPATH=/home/dawid/ros2_unity_ws/build/ros_tcp_endpoint/prefix_override:/usr/lib/python3/dist-packages/colcon_core/task/python/colcon_distutils_commands:/home/dawid/ros2_unity_ws/install/ros_tcp_endpoint/lib/python3.10/site-packages:${PYTHONPATH} /usr/bin/python3 -W ignore:setup.py install is deprecated -W ignore:easy_install command is deprecated setup.py egg_info --egg-base ../../build/ros_tcp_endpoint build --build-base /home/dawid/ros2_unity_ws/build/ros_tcp_endpoint/build install --record /home/dawid/ros2_unity_ws/build/ros_tcp_endpoint/install.log --single-version-externally-managed install_data[0m
[4.969s] [34mcolcon.colcon_core.environment[0m [1;30mLevel 1[0m checking '/home/dawid/ros2_unity_ws/install/ros_tcp_endpoint' for CMake config files
[4.970s] [34mcolcon.colcon_core.environment[0m [1;30mLevel 1[0m checking '/home/dawid/ros2_unity_ws/install/ros_tcp_endpoint/lib'
[4.970s] [34mcolcon.colcon_core.environment[0m [1;30mLevel 1[0m checking '/home/dawid/ros2_unity_ws/install/ros_tcp_endpoint/bin'
[4.970s] [34mcolcon.colcon_core.environment[0m [1;30mLevel 1[0m checking '/home/dawid/ros2_unity_ws/install/ros_tcp_endpoint/lib/pkgconfig/ros_tcp_endpoint.pc'
[4.971s] [34mcolcon.colcon_core.environment[0m [1;30mLevel 1[0m checking '/home/dawid/ros2_unity_ws/install/ros_tcp_endpoint/lib/python3.10/site-packages'
[4.971s] [34mcolcon.colcon_core.shell[0m [1;30mLevel 1[0m create_environment_hook('ros_tcp_endpoint', 'pythonpath')
[4.971s] [34mcolcon.colcon_core.shell[0m [1;30mINFO[0m Creating environment hook '/home/dawid/ros2_unity_ws/install/ros_tcp_endpoint/share/ros_tcp_endpoint/hook/pythonpath.ps1'
[4.971s] [34mcolcon.colcon_core.shell[0m [1;30mINFO[0m Creating environment descriptor '/home/dawid/ros2_unity_ws/install/ros_tcp_endpoint/share/ros_tcp_endpoint/hook/pythonpath.dsv'
[4.972s] [34mcolcon.colcon_core.shell[0m [1;30mINFO[0m Creating environment hook '/home/dawid/ros2_unity_ws/install/ros_tcp_endpoint/share/ros_tcp_endpoint/hook/pythonpath.sh'
[4.972s] [34mcolcon.colcon_core.environment[0m [1;30mLevel 1[0m checking '/home/dawid/ros2_unity_ws/install/ros_tcp_endpoint/bin'
[4.972s] [34mcolcon.colcon_core.environment[0m [1;30mLevel 1[0m create_environment_scripts_only(ros_tcp_endpoint)
[4.972s] [34mcolcon.colcon_core.shell[0m [1;30mINFO[0m Creating package script '/home/dawid/ros2_unity_ws/install/ros_tcp_endpoint/share/ros_tcp_endpoint/package.ps1'
[4.973s] [34mcolcon.colcon_core.shell[0m [1;30mINFO[0m Creating package descriptor '/home/dawid/ros2_unity_ws/install/ros_tcp_endpoint/share/ros_tcp_endpoint/package.dsv'
[4.973s] [34mcolcon.colcon_core.shell[0m [1;30mINFO[0m Creating package script '/home/dawid/ros2_unity_ws/install/ros_tcp_endpoint/share/ros_tcp_endpoint/package.sh'
[4.973s] [34mcolcon.colcon_core.shell[0m [1;30mINFO[0m Creating package script '/home/dawid/ros2_unity_ws/install/ros_tcp_endpoint/share/ros_tcp_endpoint/package.bash'
[4.974s] [34mcolcon.colcon_core.shell[0m [1;30mINFO[0m Creating package script '/home/dawid/ros2_unity_ws/install/ros_tcp_endpoint/share/ros_tcp_endpoint/package.zsh'
[4.974s] [34mcolcon.colcon_core.environment[0m [1;30mLevel 1[0m create_file_with_runtime_dependencies(/home/dawid/ros2_unity_ws/install/ros_tcp_endpoint/share/colcon-core/packages/ros_tcp_endpoint)
[4.974s] [34mcolcon.colcon_parallel_executor.executor.parallel[0m [1;30mDEBUG[0m [32mclosing loop[0m
[4.974s] [34mcolcon.colcon_parallel_executor.executor.parallel[0m [1;30mDEBUG[0m [32mloop closed[0m
[4.974s] [34mcolcon.colcon_parallel_executor.executor.parallel[0m [1;30mDEBUG[0m [32mrun_until_complete finished with '0'[0m
[4.975s] [34mcolcon.colcon_core.event_reactor[0m [1;30mDEBUG[0m [32mjoining thread[0m
[4.983s] [34mcolcon.colcon_core.plugin_system[0m [1;30mINFO[0m Skipping extension 'colcon_notification.desktop_notification.terminal_notifier': Not used on non-Darwin systems
[4.983s] [34mcolcon.colcon_core.plugin_system[0m [1;30mINFO[0m Skipping extension 'colcon_notification.desktop_notification.win32': Not used on non-Windows systems
[4.983s] [34mcolcon.colcon_notification.desktop_notification[0m [1;30mINFO[0m Sending desktop notification using 'notify2'
[4.992s] [34mcolcon.colcon_core.event_reactor[0m [1;30mDEBUG[0m [32mjoined thread[0m
[4.993s] [34mcolcon.colcon_core.shell[0m [1;30mINFO[0m Creating prefix script '/home/dawid/ros2_unity_ws/install/local_setup.ps1'
[4.994s] [34mcolcon.colcon_core.shell[0m [1;30mINFO[0m Creating prefix util module '/home/dawid/ros2_unity_ws/install/_local_setup_util_ps1.py'
[4.996s] [34mcolcon.colcon_core.shell[0m [1;30mINFO[0m Creating prefix chain script '/home/dawid/ros2_unity_ws/install/setup.ps1'
[4.997s] [34mcolcon.colcon_core.shell[0m [1;30mINFO[0m Creating prefix script '/home/dawid/ros2_unity_ws/install/local_setup.sh'
[4.998s] [34mcolcon.colcon_core.shell[0m [1;30mINFO[0m Creating prefix util module '/home/dawid/ros2_unity_ws/install/_local_setup_util_sh.py'
[4.998s] [34mcolcon.colcon_core.shell[0m [1;30mINFO[0m Creating prefix chain script '/home/dawid/ros2_unity_ws/install/setup.sh'
[4.999s] [34mcolcon.colcon_core.shell[0m [1;30mINFO[0m Creating prefix script '/home/dawid/ros2_unity_ws/install/local_setup.bash'
[5.000s] [34mcolcon.colcon_core.shell[0m [1;30mINFO[0m Creating prefix chain script '/home/dawid/ros2_unity_ws/install/setup.bash'
[5.001s] [34mcolcon.colcon_core.shell[0m [1;30mINFO[0m Creating prefix script '/home/dawid/ros2_unity_ws/install/local_setup.zsh'
[5.002s] [34mcolcon.colcon_core.shell[0m [1;30mINFO[0m Creating prefix chain script '/home/dawid/ros2_unity_ws/install/setup.zsh'
