[0.023s] Invoking command in '/home/dawid/ros2_unity_ws/build/controller': CMAKE_PREFIX_PATH=/opt/ros/humble /bin/cmake --build /home/dawid/ros2_unity_ws/build/controller -- -j16 -l16
[1.461s] Invoked command in '/home/dawid/ros2_unity_ws/build/controller' returned '0': CMAKE_PREFIX_PATH=/opt/ros/humble /bin/cmake --build /home/dawid/ros2_unity_ws/build/controller -- -j16 -l16
[1.471s] Invoking command in '/home/dawid/ros2_unity_ws/build/controller': CMAKE_PREFIX_PATH=/opt/ros/humble /bin/cmake --install /home/dawid/ros2_unity_ws/build/controller
[1.480s] -- Install configuration: ""
[1.480s] -- Execute custom install script
[1.481s] -- Up-to-date symlink: /home/dawid/ros2_unity_ws/install/controller/share/controller/launch/controller.launch.py
[1.481s] -- Up-to-date symlink: /home/dawid/ros2_unity_ws/install/controller/share/controller/config/controllers.yaml
[1.481s] -- Up-to-date symlink: /home/dawid/ros2_unity_ws/install/controller/share/ament_index/resource_index/package_run_dependencies/controller
[1.481s] -- Up-to-date symlink: /home/dawid/ros2_unity_ws/install/controller/share/ament_index/resource_index/parent_prefix_path/controller
[1.481s] -- Up-to-date symlink: /home/dawid/ros2_unity_ws/install/controller/share/controller/environment/ament_prefix_path.sh
[1.482s] -- Up-to-date symlink: /home/dawid/ros2_unity_ws/install/controller/share/controller/environment/ament_prefix_path.dsv
[1.482s] -- Up-to-date symlink: /home/dawid/ros2_unity_ws/install/controller/share/controller/environment/path.sh
[1.482s] -- Up-to-date symlink: /home/dawid/ros2_unity_ws/install/controller/share/controller/environment/path.dsv
[1.482s] -- Up-to-date symlink: /home/dawid/ros2_unity_ws/install/controller/share/controller/local_setup.bash
[1.482s] -- Up-to-date symlink: /home/dawid/ros2_unity_ws/install/controller/share/controller/local_setup.sh
[1.482s] -- Up-to-date symlink: /home/dawid/ros2_unity_ws/install/controller/share/controller/local_setup.zsh
[1.482s] -- Up-to-date symlink: /home/dawid/ros2_unity_ws/install/controller/share/controller/local_setup.dsv
[1.483s] -- Symlinking: /home/dawid/ros2_unity_ws/install/controller/share/controller/package.dsv
[1.494s] -- Up-to-date symlink: /home/dawid/ros2_unity_ws/install/controller/share/ament_index/resource_index/packages/controller
[1.494s] -- Up-to-date symlink: /home/dawid/ros2_unity_ws/install/controller/share/controller/cmake/controllerConfig.cmake
[1.495s] -- Up-to-date symlink: /home/dawid/ros2_unity_ws/install/controller/share/controller/cmake/controllerConfig-version.cmake
[1.495s] -- Up-to-date symlink: /home/dawid/ros2_unity_ws/install/controller/share/controller/package.xml
[1.498s] Invoked command in '/home/dawid/ros2_unity_ws/build/controller' returned '0': CMAKE_PREFIX_PATH=/opt/ros/humble /bin/cmake --install /home/dawid/ros2_unity_ws/build/controller
