[9.159s] Invoking command in '/home/dawid/ros2_unity_ws/src/description': PYTHONPATH=/home/dawid/ros2_unity_ws/build/description/prefix_override:/usr/lib/python3/dist-packages/colcon_core/task/python/colcon_distutils_commands:/home/dawid/ros2_unity_ws/install/description/lib/python3.10/site-packages:${PYTHONPATH} /usr/bin/python3 -W ignore:setup.py install is deprecated -W ignore:easy_install command is deprecated setup.py egg_info --egg-base ../../build/description build --build-base /home/dawid/ros2_unity_ws/build/description/build install --record /home/dawid/ros2_unity_ws/build/description/install.log --single-version-externally-managed install_data
[11.232s] running egg_info
[11.341s] writing ../../build/description/description.egg-info/PKG-INFO
[11.343s] writing dependency_links to ../../build/description/description.egg-info/dependency_links.txt
[11.345s] writing requirements to ../../build/description/description.egg-info/requires.txt
[11.345s] writing top-level names to ../../build/description/description.egg-info/top_level.txt
[11.672s] [2;36m[11/29/25 22:22:56][0m[2;36m [0m[1;31mERROR   [0m list ]8;id=107640;file:///home/dawid/.local/lib/python3.10/site-packages/setuptools_scm/_file_finders/git.py\[2mgit.py[0m]8;;\[2m:[0m]8;id=68431;file:///home/dawid/.local/lib/python3.10/site-packages/setuptools_scm/_file_finders/git.py#26\[2m26[0m]8;;\
[11.673s] [2;36m                    [0m         ing  [2m         [0m
[11.673s] [2;36m                    [0m         git  [2m         [0m
[11.673s] [2;36m                    [0m         file [2m         [0m
[11.673s] [2;36m                    [0m         s    [2m         [0m
[11.674s] [2;36m                    [0m         fail [2m         [0m
[11.675s] [2;36m                    [0m         ed - [2m         [0m
[11.676s] [2;36m                    [0m         pret [2m         [0m
[11.676s] [2;36m                    [0m         endi [2m         [0m
[11.677s] [2;36m                    [0m         ng   [2m         [0m
[11.678s] [2;36m                    [0m         ther [2m         [0m
[11.678s] [2;36m                    [0m         e    [2m         [0m
[11.679s] [2;36m                    [0m         aren [2m         [0m
[11.679s] [2;36m                    [0m         't   [2m         [0m
[11.679s] [2;36m                    [0m         any  [2m         [0m
[11.679s] reading manifest file '../../build/description/description.egg-info/SOURCES.txt'
[11.680s] writing manifest file '../../build/description/description.egg-info/SOURCES.txt'
[11.680s] running build
[11.680s] running build_py
[11.680s] running install
[11.698s] running install_lib
[11.769s] running install_data
[11.770s] running install_egg_info
[11.832s] removing '/home/dawid/ros2_unity_ws/install/description/lib/python3.10/site-packages/description-0.0.0-py3.10.egg-info' (and everything under it)
[11.833s] Copying ../../build/description/description.egg-info to /home/dawid/ros2_unity_ws/install/description/lib/python3.10/site-packages/description-0.0.0-py3.10.egg-info
[11.833s] running install_scripts
[12.216s] writing list of installed files to '/home/dawid/ros2_unity_ws/build/description/install.log'
[12.354s] Invoked command in '/home/dawid/ros2_unity_ws/src/description' returned '0': PYTHONPATH=/home/dawid/ros2_unity_ws/build/description/prefix_override:/usr/lib/python3/dist-packages/colcon_core/task/python/colcon_distutils_commands:/home/dawid/ros2_unity_ws/install/description/lib/python3.10/site-packages:${PYTHONPATH} /usr/bin/python3 -W ignore:setup.py install is deprecated -W ignore:easy_install command is deprecated setup.py egg_info --egg-base ../../build/description build --build-base /home/dawid/ros2_unity_ws/build/description/build install --record /home/dawid/ros2_unity_ws/build/description/install.log --single-version-externally-managed install_data
