running develop
running egg_info
creating ros_tcp_endpoint.egg-info
writing ros_tcp_endpoint.egg-info/PKG-INFO
writing dependency_links to ros_tcp_endpoint.egg-info/dependency_links.txt
writing entry points to ros_tcp_endpoint.egg-info/entry_points.txt
writing requirements to ros_tcp_endpoint.egg-info/requires.txt
writing top-level names to ros_tcp_endpoint.egg-info/top_level.txt
writing manifest file 'ros_tcp_endpoint.egg-info/SOURCES.txt'
[2;36m[10/12/25 18:37:15][0m[2;36m [0m[1;31mERROR   [0m listing git files failed - pretending     ]8;id=348617;file:///home/dawid/.local/lib/python3.10/site-packages/setuptools_scm/_file_finders/git.py\[2mgit.py[0m]8;;\[2m:[0m]8;id=971246;file:///home/dawid/.local/lib/python3.10/site-packages/setuptools_scm/_file_finders/git.py#26\[2m26[0m]8;;\
[2;36m                    [0m         there aren't any                          [2m         [0m
reading manifest file 'ros_tcp_endpoint.egg-info/SOURCES.txt'
writing manifest file 'ros_tcp_endpoint.egg-info/SOURCES.txt'
running build_ext
Creating /home/dawid/ros2_unity_ws/install/ros_tcp_endpoint/lib/python3.10/site-packages/ros-tcp-endpoint.egg-link (link to .)
Installing default_server_endpoint script to /home/dawid/ros2_unity_ws/install/ros_tcp_endpoint/lib/ros_tcp_endpoint

Installed /home/dawid/ros2_unity_ws/build/ros_tcp_endpoint
running symlink_data
creating /home/dawid/ros2_unity_ws/install/ros_tcp_endpoint/share/ament_index
creating /home/dawid/ros2_unity_ws/install/ros_tcp_endpoint/share/ament_index/resource_index
creating /home/dawid/ros2_unity_ws/install/ros_tcp_endpoint/share/ament_index/resource_index/packages
symbolically linking /home/dawid/ros2_unity_ws/build/ros_tcp_endpoint/resource/ros_tcp_endpoint -> /home/dawid/ros2_unity_ws/install/ros_tcp_endpoint/share/ament_index/resource_index/packages
symbolically linking /home/dawid/ros2_unity_ws/build/ros_tcp_endpoint/package.xml -> /home/dawid/ros2_unity_ws/install/ros_tcp_endpoint/share/ros_tcp_endpoint
creating /home/dawid/ros2_unity_ws/install/ros_tcp_endpoint/share/ros_tcp_endpoint/launch
symbolically linking /home/dawid/ros2_unity_ws/build/ros_tcp_endpoint/launch/endpoint.py -> /home/dawid/ros2_unity_ws/install/ros_tcp_endpoint/share/ros_tcp_endpoint/launch
