[2.949s] Invoking command in '/home/dawid/ros2_unity_ws/src/obstacle_avoidance': PYTHONPATH=/home/dawid/ros2_unity_ws/build/obstacle_avoidance/prefix_override:/usr/lib/python3/dist-packages/colcon_core/task/python/colcon_distutils_commands:/home/dawid/ros2_unity_ws/install/obstacle_avoidance/lib/python3.10/site-packages:${PYTHONPATH} /usr/bin/python3 -W ignore:setup.py install is deprecated -W ignore:easy_install command is deprecated setup.py egg_info --egg-base ../../build/obstacle_avoidance build --build-base /home/dawid/ros2_unity_ws/build/obstacle_avoidance/build install --record /home/dawid/ros2_unity_ws/build/obstacle_avoidance/install.log --single-version-externally-managed install_data
[3.540s] running egg_info
[3.563s] writing ../../build/obstacle_avoidance/obstacle_avoidance.egg-info/PKG-INFO
[3.563s] writing dependency_links to ../../build/obstacle_avoidance/obstacle_avoidance.egg-info/dependency_links.txt
[3.564s] writing entry points to ../../build/obstacle_avoidance/obstacle_avoidance.egg-info/entry_points.txt
[3.564s] writing requirements to ../../build/obstacle_avoidance/obstacle_avoidance.egg-info/requires.txt
[3.564s] writing top-level names to ../../build/obstacle_avoidance/obstacle_avoidance.egg-info/top_level.txt
[3.670s] [2;36m[11/29/25 18:46:03][0m[2;36m [0m[1;31mERROR   [0m listing git files failed ]8;id=111115;file:///home/dawid/.local/lib/python3.10/site-packages/setuptools_scm/_file_finders/git.py\[2mgit.py[0m]8;;\[2m:[0m]8;id=25921;file:///home/dawid/.local/lib/python3.10/site-packages/setuptools_scm/_file_finders/git.py#26\[2m26[0m]8;;\
[3.670s] [2;36m                    [0m         - pretending there       [2m         [0m
[3.670s] [2;36m                    [0m         aren't any               [2m         [0m
[3.671s] reading manifest file '../../build/obstacle_avoidance/obstacle_avoidance.egg-info/SOURCES.txt'
[3.672s] writing manifest file '../../build/obstacle_avoidance/obstacle_avoidance.egg-info/SOURCES.txt'
[3.672s] running build
[3.672s] running build_py
[3.672s] copying obstacle_avoidance/obstacle_avoidance_copy.py -> /home/dawid/ros2_unity_ws/build/obstacle_avoidance/build/lib/obstacle_avoidance
[3.672s] running install
[3.677s] running install_lib
[3.702s] copying /home/dawid/ros2_unity_ws/build/obstacle_avoidance/build/lib/obstacle_avoidance/obstacle_avoidance_copy.py -> /home/dawid/ros2_unity_ws/install/obstacle_avoidance/lib/python3.10/site-packages/obstacle_avoidance
[3.703s] byte-compiling /home/dawid/ros2_unity_ws/install/obstacle_avoidance/lib/python3.10/site-packages/obstacle_avoidance/obstacle_avoidance_copy.py to obstacle_avoidance_copy.cpython-310.pyc
[3.704s] running install_data
[3.705s] running install_egg_info
[3.730s] removing '/home/dawid/ros2_unity_ws/install/obstacle_avoidance/lib/python3.10/site-packages/obstacle_avoidance-0.0.0-py3.10.egg-info' (and everything under it)
[3.731s] Copying ../../build/obstacle_avoidance/obstacle_avoidance.egg-info to /home/dawid/ros2_unity_ws/install/obstacle_avoidance/lib/python3.10/site-packages/obstacle_avoidance-0.0.0-py3.10.egg-info
[3.732s] running install_scripts
[3.845s] Installing obstacle_avoidance script to /home/dawid/ros2_unity_ws/install/obstacle_avoidance/lib/obstacle_avoidance
[3.845s] Installing obstacle_avoidance_copy script to /home/dawid/ros2_unity_ws/install/obstacle_avoidance/lib/obstacle_avoidance
[3.846s] writing list of installed files to '/home/dawid/ros2_unity_ws/build/obstacle_avoidance/install.log'
[3.919s] Invoked command in '/home/dawid/ros2_unity_ws/src/obstacle_avoidance' returned '0': PYTHONPATH=/home/dawid/ros2_unity_ws/build/obstacle_avoidance/prefix_override:/usr/lib/python3/dist-packages/colcon_core/task/python/colcon_distutils_commands:/home/dawid/ros2_unity_ws/install/obstacle_avoidance/lib/python3.10/site-packages:${PYTHONPATH} /usr/bin/python3 -W ignore:setup.py install is deprecated -W ignore:easy_install command is deprecated setup.py egg_info --egg-base ../../build/obstacle_avoidance build --build-base /home/dawid/ros2_unity_ws/build/obstacle_avoidance/build install --record /home/dawid/ros2_unity_ws/build/obstacle_avoidance/install.log --single-version-externally-managed install_data
