[2.365s] Invoking command in '/home/dawid/ros2_unity_ws/src/description': PYTHONPATH=/home/dawid/ros2_unity_ws/build/description/prefix_override:/usr/lib/python3/dist-packages/colcon_core/task/python/colcon_distutils_commands:/home/dawid/ros2_unity_ws/install/description/lib/python3.10/site-packages:${PYTHONPATH} /usr/bin/python3 -W ignore:setup.py install is deprecated -W ignore:easy_install command is deprecated setup.py egg_info --egg-base ../../build/description build --build-base /home/dawid/ros2_unity_ws/build/description/build install --record /home/dawid/ros2_unity_ws/build/description/install.log --single-version-externally-managed install_data
[2.825s] running egg_info
[2.844s] writing ../../build/description/description.egg-info/PKG-INFO
[2.844s] writing dependency_links to ../../build/description/description.egg-info/dependency_links.txt
[2.845s] writing requirements to ../../build/description/description.egg-info/requires.txt
[2.845s] writing top-level names to ../../build/description/description.egg-info/top_level.txt
[2.928s] [2;36m[11/29/25 21:29:56][0m[2;36m [0m[1;31mERROR   [0m list ]8;id=131201;file:///home/dawid/.local/lib/python3.10/site-packages/setuptools_scm/_file_finders/git.py\[2mgit.py[0m]8;;\[2m:[0m]8;id=346436;file:///home/dawid/.local/lib/python3.10/site-packages/setuptools_scm/_file_finders/git.py#26\[2m26[0m]8;;\
[2.928s] [2;36m                    [0m         ing  [2m         [0m
[2.928s] [2;36m                    [0m         git  [2m         [0m
[2.928s] [2;36m                    [0m         file [2m         [0m
[2.928s] [2;36m                    [0m         s    [2m         [0m
[2.928s] [2;36m                    [0m         fail [2m         [0m
[2.928s] [2;36m                    [0m         ed - [2m         [0m
[2.928s] [2;36m                    [0m         pret [2m         [0m
[2.928s] [2;36m                    [0m         endi [2m         [0m
[2.928s] [2;36m                    [0m         ng   [2m         [0m
[2.929s] [2;36m                    [0m         ther [2m         [0m
[2.929s] [2;36m                    [0m         e    [2m         [0m
[2.929s] [2;36m                    [0m         aren [2m         [0m
[2.929s] [2;36m                    [0m         't   [2m         [0m
[2.929s] [2;36m                    [0m         any  [2m         [0m
[2.929s] reading manifest file '../../build/description/description.egg-info/SOURCES.txt'
[2.929s] writing manifest file '../../build/description/description.egg-info/SOURCES.txt'
[2.929s] running build
[2.929s] running build_py
[2.930s] running install
[2.933s] running install_lib
[2.954s] running install_data
[2.954s] running install_egg_info
[2.974s] removing '/home/dawid/ros2_unity_ws/install/description/lib/python3.10/site-packages/description-0.0.0-py3.10.egg-info' (and everything under it)
[2.974s] Copying ../../build/description/description.egg-info to /home/dawid/ros2_unity_ws/install/description/lib/python3.10/site-packages/description-0.0.0-py3.10.egg-info
[2.975s] running install_scripts
[3.067s] writing list of installed files to '/home/dawid/ros2_unity_ws/build/description/install.log'
[3.127s] Invoked command in '/home/dawid/ros2_unity_ws/src/description' returned '0': PYTHONPATH=/home/dawid/ros2_unity_ws/build/description/prefix_override:/usr/lib/python3/dist-packages/colcon_core/task/python/colcon_distutils_commands:/home/dawid/ros2_unity_ws/install/description/lib/python3.10/site-packages:${PYTHONPATH} /usr/bin/python3 -W ignore:setup.py install is deprecated -W ignore:easy_install command is deprecated setup.py egg_info --egg-base ../../build/description build --build-base /home/dawid/ros2_unity_ws/build/description/build install --record /home/dawid/ros2_unity_ws/build/description/install.log --single-version-externally-managed install_data
