[2.519s] Invoking command in '/home/dawid/ros2_unity_ws/src/keyboard_teleop': PYTHONPATH=/home/dawid/ros2_unity_ws/build/keyboard_teleop/prefix_override:/usr/lib/python3/dist-packages/colcon_core/task/python/colcon_distutils_commands:/home/dawid/ros2_unity_ws/install/keyboard_teleop/lib/python3.10/site-packages:${PYTHONPATH} /usr/bin/python3 -W ignore:setup.py install is deprecated -W ignore:easy_install command is deprecated setup.py egg_info --egg-base ../../build/keyboard_teleop build --build-base /home/dawid/ros2_unity_ws/build/keyboard_teleop/build install --record /home/dawid/ros2_unity_ws/build/keyboard_teleop/install.log --single-version-externally-managed install_data
[3.374s] running egg_info
[3.411s] writing ../../build/keyboard_teleop/keyboard_teleop.egg-info/PKG-INFO
[3.411s] writing dependency_links to ../../build/keyboard_teleop/keyboard_teleop.egg-info/dependency_links.txt
[3.412s] writing entry points to ../../build/keyboard_teleop/keyboard_teleop.egg-info/entry_points.txt
[3.412s] writing requirements to ../../build/keyboard_teleop/keyboard_teleop.egg-info/requires.txt
[3.412s] writing top-level names to ../../build/keyboard_teleop/keyboard_teleop.egg-info/top_level.txt
[3.567s] [2;36m[11/02/25 19:31:49][0m[2;36m [0m[1;31mERROR   [0m listing git files failed - pretending there aren't any      ]8;id=448736;file:///home/dawid/.local/lib/python3.10/site-packages/setuptools_scm/_file_finders/git.py\[2mgit.py[0m]8;;\[2m:[0m]8;id=47639;file:///home/dawid/.local/lib/python3.10/site-packages/setuptools_scm/_file_finders/git.py#26\[2m26[0m]8;;\
[3.569s] reading manifest file '../../build/keyboard_teleop/keyboard_teleop.egg-info/SOURCES.txt'
[3.571s] writing manifest file '../../build/keyboard_teleop/keyboard_teleop.egg-info/SOURCES.txt'
[3.571s] running build
[3.571s] running build_py
[3.571s] running install
[3.579s] running install_lib
[3.617s] running install_data
[3.618s] running install_egg_info
[3.658s] removing '/home/dawid/ros2_unity_ws/install/keyboard_teleop/lib/python3.10/site-packages/keyboard_teleop-0.0.0-py3.10.egg-info' (and everything under it)
[3.659s] Copying ../../build/keyboard_teleop/keyboard_teleop.egg-info to /home/dawid/ros2_unity_ws/install/keyboard_teleop/lib/python3.10/site-packages/keyboard_teleop-0.0.0-py3.10.egg-info
[3.660s] running install_scripts
[3.836s] Installing keyboard_teleop script to /home/dawid/ros2_unity_ws/install/keyboard_teleop/lib/keyboard_teleop
[3.837s] writing list of installed files to '/home/dawid/ros2_unity_ws/build/keyboard_teleop/install.log'
[3.921s] Invoked command in '/home/dawid/ros2_unity_ws/src/keyboard_teleop' returned '0': PYTHONPATH=/home/dawid/ros2_unity_ws/build/keyboard_teleop/prefix_override:/usr/lib/python3/dist-packages/colcon_core/task/python/colcon_distutils_commands:/home/dawid/ros2_unity_ws/install/keyboard_teleop/lib/python3.10/site-packages:${PYTHONPATH} /usr/bin/python3 -W ignore:setup.py install is deprecated -W ignore:easy_install command is deprecated setup.py egg_info --egg-base ../../build/keyboard_teleop build --build-base /home/dawid/ros2_unity_ws/build/keyboard_teleop/build install --record /home/dawid/ros2_unity_ws/build/keyboard_teleop/install.log --single-version-externally-managed install_data
