[12.048s] Invoking command in '/home/dawid/ros2_unity_ws/src/obstacle_avoidance': PYTHONPATH=/home/dawid/ros2_unity_ws/build/obstacle_avoidance/prefix_override:/usr/lib/python3/dist-packages/colcon_core/task/python/colcon_distutils_commands:/home/dawid/ros2_unity_ws/install/obstacle_avoidance/lib/python3.10/site-packages:${PYTHONPATH} /usr/bin/python3 -W ignore:setup.py install is deprecated -W ignore:easy_install command is deprecated setup.py egg_info --egg-base ../../build/obstacle_avoidance build --build-base /home/dawid/ros2_unity_ws/build/obstacle_avoidance/build install --record /home/dawid/ros2_unity_ws/build/obstacle_avoidance/install.log --single-version-externally-managed install_data
[14.718s] running egg_info
[14.867s] writing ../../build/obstacle_avoidance/obstacle_avoidance.egg-info/PKG-INFO
[14.869s] writing dependency_links to ../../build/obstacle_avoidance/obstacle_avoidance.egg-info/dependency_links.txt
[14.871s] writing entry points to ../../build/obstacle_avoidance/obstacle_avoidance.egg-info/entry_points.txt
[14.871s] writing requirements to ../../build/obstacle_avoidance/obstacle_avoidance.egg-info/requires.txt
[14.871s] writing top-level names to ../../build/obstacle_avoidance/obstacle_avoidance.egg-info/top_level.txt
[15.434s] [2;36m[11/29/25 22:27:24][0m[2;36m [0m[1;31mERROR   [0m listing git files failed - pretending there   ]8;id=644002;file:///home/dawid/.local/lib/python3.10/site-packages/setuptools_scm/_file_finders/git.py\[2mgit.py[0m]8;;\[2m:[0m]8;id=899666;file:///home/dawid/.local/lib/python3.10/site-packages/setuptools_scm/_file_finders/git.py#26\[2m26[0m]8;;\
[15.434s] [2;36m                    [0m         aren't any                                    [2m         [0m
[15.437s] reading manifest file '../../build/obstacle_avoidance/obstacle_avoidance.egg-info/SOURCES.txt'
[15.442s] writing manifest file '../../build/obstacle_avoidance/obstacle_avoidance.egg-info/SOURCES.txt'
[15.443s] running build
[15.444s] running build_py
[15.446s] copying obstacle_avoidance/obstacle_avoidance_copy.py -> /home/dawid/ros2_unity_ws/build/obstacle_avoidance/build/lib/obstacle_avoidance
[15.449s] running install
[15.475s] running install_lib
[15.630s] copying /home/dawid/ros2_unity_ws/build/obstacle_avoidance/build/lib/obstacle_avoidance/obstacle_avoidance_copy.py -> /home/dawid/ros2_unity_ws/install/obstacle_avoidance/lib/python3.10/site-packages/obstacle_avoidance
[15.634s] byte-compiling /home/dawid/ros2_unity_ws/install/obstacle_avoidance/lib/python3.10/site-packages/obstacle_avoidance/obstacle_avoidance_copy.py to obstacle_avoidance_copy.cpython-310.pyc
[15.646s] running install_data
[15.648s] running install_egg_info
[15.694s] removing '/home/dawid/ros2_unity_ws/install/obstacle_avoidance/lib/python3.10/site-packages/obstacle_avoidance-0.0.0-py3.10.egg-info' (and everything under it)
[15.695s] Copying ../../build/obstacle_avoidance/obstacle_avoidance.egg-info to /home/dawid/ros2_unity_ws/install/obstacle_avoidance/lib/python3.10/site-packages/obstacle_avoidance-0.0.0-py3.10.egg-info
[15.696s] running install_scripts
[16.248s] Installing obstacle_avoidance script to /home/dawid/ros2_unity_ws/install/obstacle_avoidance/lib/obstacle_avoidance
[16.248s] Installing obstacle_avoidance_copy script to /home/dawid/ros2_unity_ws/install/obstacle_avoidance/lib/obstacle_avoidance
[16.249s] writing list of installed files to '/home/dawid/ros2_unity_ws/build/obstacle_avoidance/install.log'
[16.391s] Invoked command in '/home/dawid/ros2_unity_ws/src/obstacle_avoidance' returned '0': PYTHONPATH=/home/dawid/ros2_unity_ws/build/obstacle_avoidance/prefix_override:/usr/lib/python3/dist-packages/colcon_core/task/python/colcon_distutils_commands:/home/dawid/ros2_unity_ws/install/obstacle_avoidance/lib/python3.10/site-packages:${PYTHONPATH} /usr/bin/python3 -W ignore:setup.py install is deprecated -W ignore:easy_install command is deprecated setup.py egg_info --egg-base ../../build/obstacle_avoidance build --build-base /home/dawid/ros2_unity_ws/build/obstacle_avoidance/build install --record /home/dawid/ros2_unity_ws/build/obstacle_avoidance/install.log --single-version-externally-managed install_data
