running develop
Removing /home/dawid/ros2_unity_ws/install/description/lib/python3.10/site-packages/description.egg-link (link to .)
running egg_info
writing ../../build/description/description.egg-info/PKG-INFO
writing dependency_links to ../../build/description/description.egg-info/dependency_links.txt
writing requirements to ../../build/description/description.egg-info/requires.txt
writing top-level names to ../../build/description/description.egg-info/top_level.txt
[2;36m[11/02/25 19:05:44][0m[2;36m [0m[1;31mERROR   [0m listing git files failed - pretending     ]8;id=611144;file:///home/dawid/.local/lib/python3.10/site-packages/setuptools_scm/_file_finders/git.py\[2mgit.py[0m]8;;\[2m:[0m]8;id=202321;file:///home/dawid/.local/lib/python3.10/site-packages/setuptools_scm/_file_finders/git.py#26\[2m26[0m]8;;\
[2;36m                    [0m         there aren't any                          [2m         [0m
reading manifest file '../../build/description/description.egg-info/SOURCES.txt'
writing manifest file '../../build/description/description.egg-info/SOURCES.txt'
running build
running build_py
creating /home/dawid/ros2_unity_ws/build/description/build
creating /home/dawid/ros2_unity_ws/build/description/build/lib
creating /home/dawid/ros2_unity_ws/build/description/build/lib/description
copying description/__init__.py -> /home/dawid/ros2_unity_ws/build/description/build/lib/description
running install
running install_lib
creating /home/dawid/ros2_unity_ws/install/description/lib/python3.10/site-packages/description
copying /home/dawid/ros2_unity_ws/build/description/build/lib/description/__init__.py -> /home/dawid/ros2_unity_ws/install/description/lib/python3.10/site-packages/description
byte-compiling /home/dawid/ros2_unity_ws/install/description/lib/python3.10/site-packages/description/__init__.py to __init__.cpython-310.pyc
running install_data
copying resource/description -> /home/dawid/ros2_unity_ws/install/description/share/ament_index/resource_index/packages
copying package.xml -> /home/dawid/ros2_unity_ws/install/description/share/description
copying urdf/ros2_control.xacro -> /home/dawid/ros2_unity_ws/install/description/share/description/urdf
copying urdf/interials.xacro -> /home/dawid/ros2_unity_ws/install/description/share/description/urdf
copying urdf/rover.urdf.xacro -> /home/dawid/ros2_unity_ws/install/description/share/description/urdf
copying urdf/gazebo_control.xacro -> /home/dawid/ros2_unity_ws/install/description/share/description/urdf
copying meshes/BR_wheel.STL -> /home/dawid/ros2_unity_ws/install/description/share/description/meshes
copying meshes/FL_wheel.STL -> /home/dawid/ros2_unity_ws/install/description/share/description/meshes
copying meshes/BL_wheel.STL -> /home/dawid/ros2_unity_ws/install/description/share/description/meshes
copying meshes/base_link.STL -> /home/dawid/ros2_unity_ws/install/description/share/description/meshes
copying meshes/FR_wheel.STL -> /home/dawid/ros2_unity_ws/install/description/share/description/meshes
copying launch/gazebo.launch.py -> /home/dawid/ros2_unity_ws/install/description/share/description/launch
copying launch/rsp.launch.py -> /home/dawid/ros2_unity_ws/install/description/share/description/launch
copying config/joint_names_Złożenie_cale_urdf.yaml -> /home/dawid/ros2_unity_ws/install/description/share/description/config
running install_egg_info
Copying ../../build/description/description.egg-info to /home/dawid/ros2_unity_ws/install/description/lib/python3.10/site-packages/description-0.0.0-py3.10.egg-info
running install_scripts
writing list of installed files to '/home/dawid/ros2_unity_ws/build/description/install.log'
