[0.032s] Invoking command in '/home/dawid/ros2_unity_ws/build/controller': CMAKE_PREFIX_PATH=${CMAKE_PREFIX_PATH}:/home/dawid/ros2_unity_ws/install/ros_tcp_endpoint:/home/dawid/ros2_unity_ws/install/keyboard_teleop:/home/dawid/ros2_unity_ws/install/description:/opt/ros/humble /bin/cmake --build /home/dawid/ros2_unity_ws/build/controller -- -j16 -l16
[1.357s] -- Found ament_cmake: 1.3.11 (/opt/ros/humble/share/ament_cmake/cmake)
[1.357s] -- Override CMake install command with custom implementation using symlinks instead of copying resources
[1.357s] -- Found rclcpp: 16.0.12 (/opt/ros/humble/share/rclcpp/cmake)
[1.357s] -- Found rosidl_generator_c: 3.1.6 (/opt/ros/humble/share/rosidl_generator_c/cmake)
[1.358s] -- Found rosidl_adapter: 3.1.6 (/opt/ros/humble/share/rosidl_adapter/cmake)
[1.358s] -- Found rosidl_generator_cpp: 3.1.6 (/opt/ros/humble/share/rosidl_generator_cpp/cmake)
[1.358s] -- Using all available rosidl_typesupport_c: rosidl_typesupport_fastrtps_c;rosidl_typesupport_introspection_c
[1.358s] -- Using all available rosidl_typesupport_cpp: rosidl_typesupport_fastrtps_cpp;rosidl_typesupport_introspection_cpp
[1.358s] -- Found rmw_implementation_cmake: 6.1.2 (/opt/ros/humble/share/rmw_implementation_cmake/cmake)
[1.358s] -- Found rmw_fastrtps_cpp: 6.2.7 (/opt/ros/humble/share/rmw_fastrtps_cpp/cmake)
[1.358s] -- Using RMW implementation 'rmw_fastrtps_cpp' as default
[1.358s] -- Found rclpy: 3.3.16 (/opt/ros/humble/share/rclpy/cmake)
[1.358s] -- Found geometry_msgs: 4.9.0 (/opt/ros/humble/share/geometry_msgs/cmake)
[1.358s] -- Found sensor_msgs: 4.9.0 (/opt/ros/humble/share/sensor_msgs/cmake)
[1.358s] -- Configuring done
[1.359s] -- Generating done
[1.359s] -- Build files have been written to: /home/dawid/ros2_unity_ws/build/controller
[1.971s] Invoked command in '/home/dawid/ros2_unity_ws/build/controller' returned '0': CMAKE_PREFIX_PATH=${CMAKE_PREFIX_PATH}:/home/dawid/ros2_unity_ws/install/ros_tcp_endpoint:/home/dawid/ros2_unity_ws/install/keyboard_teleop:/home/dawid/ros2_unity_ws/install/description:/opt/ros/humble /bin/cmake --build /home/dawid/ros2_unity_ws/build/controller -- -j16 -l16
[1.986s] Invoking command in '/home/dawid/ros2_unity_ws/build/controller': CMAKE_PREFIX_PATH=${CMAKE_PREFIX_PATH}:/home/dawid/ros2_unity_ws/install/ros_tcp_endpoint:/home/dawid/ros2_unity_ws/install/keyboard_teleop:/home/dawid/ros2_unity_ws/install/description:/opt/ros/humble /bin/cmake --install /home/dawid/ros2_unity_ws/build/controller
[1.995s] -- Install configuration: ""
[1.996s] -- Execute custom install script
[1.997s] -- Up-to-date symlink: /home/dawid/ros2_unity_ws/install/controller/share/controller/launch/controller.launch.py
[1.997s] -- Up-to-date symlink: /home/dawid/ros2_unity_ws/install/controller/share/controller/config/controllers.yaml
[1.997s] -- Up-to-date symlink: /home/dawid/ros2_unity_ws/install/controller/share/ament_index/resource_index/package_run_dependencies/controller
[1.997s] -- Up-to-date symlink: /home/dawid/ros2_unity_ws/install/controller/share/ament_index/resource_index/parent_prefix_path/controller
[1.998s] -- Up-to-date symlink: /home/dawid/ros2_unity_ws/install/controller/share/controller/environment/ament_prefix_path.sh
[1.998s] -- Up-to-date symlink: /home/dawid/ros2_unity_ws/install/controller/share/controller/environment/ament_prefix_path.dsv
[1.998s] -- Up-to-date symlink: /home/dawid/ros2_unity_ws/install/controller/share/controller/environment/path.sh
[1.998s] -- Up-to-date symlink: /home/dawid/ros2_unity_ws/install/controller/share/controller/environment/path.dsv
[1.999s] -- Up-to-date symlink: /home/dawid/ros2_unity_ws/install/controller/share/controller/local_setup.bash
[1.999s] -- Up-to-date symlink: /home/dawid/ros2_unity_ws/install/controller/share/controller/local_setup.sh
[1.999s] -- Up-to-date symlink: /home/dawid/ros2_unity_ws/install/controller/share/controller/local_setup.zsh
[1.999s] -- Up-to-date symlink: /home/dawid/ros2_unity_ws/install/controller/share/controller/local_setup.dsv
[1.999s] -- Symlinking: /home/dawid/ros2_unity_ws/install/controller/share/controller/package.dsv
[2.013s] -- Up-to-date symlink: /home/dawid/ros2_unity_ws/install/controller/share/ament_index/resource_index/packages/controller
[2.014s] -- Up-to-date symlink: /home/dawid/ros2_unity_ws/install/controller/share/controller/cmake/controllerConfig.cmake
[2.014s] -- Up-to-date symlink: /home/dawid/ros2_unity_ws/install/controller/share/controller/cmake/controllerConfig-version.cmake
[2.014s] -- Up-to-date symlink: /home/dawid/ros2_unity_ws/install/controller/share/controller/package.xml
[2.018s] Invoked command in '/home/dawid/ros2_unity_ws/build/controller' returned '0': CMAKE_PREFIX_PATH=${CMAKE_PREFIX_PATH}:/home/dawid/ros2_unity_ws/install/ros_tcp_endpoint:/home/dawid/ros2_unity_ws/install/keyboard_teleop:/home/dawid/ros2_unity_ws/install/description:/opt/ros/humble /bin/cmake --install /home/dawid/ros2_unity_ws/build/controller
