running develop
Removing /home/dawid/ros2_unity_ws/install/keyboard_teleop/lib/python3.10/site-packages/keyboard-teleop.egg-link (link to .)
running egg_info
writing ../../build/keyboard_teleop/keyboard_teleop.egg-info/PKG-INFO
writing dependency_links to ../../build/keyboard_teleop/keyboard_teleop.egg-info/dependency_links.txt
writing entry points to ../../build/keyboard_teleop/keyboard_teleop.egg-info/entry_points.txt
writing requirements to ../../build/keyboard_teleop/keyboard_teleop.egg-info/requires.txt
writing top-level names to ../../build/keyboard_teleop/keyboard_teleop.egg-info/top_level.txt
[2;36m[11/02/25 19:05:44][0m[2;36m [0m[1;31mERROR   [0m listing git files failed - pretending     ]8;id=572039;file:///home/dawid/.local/lib/python3.10/site-packages/setuptools_scm/_file_finders/git.py\[2mgit.py[0m]8;;\[2m:[0m]8;id=648918;file:///home/dawid/.local/lib/python3.10/site-packages/setuptools_scm/_file_finders/git.py#26\[2m26[0m]8;;\
[2;36m                    [0m         there aren't any                          [2m         [0m
reading manifest file '../../build/keyboard_teleop/keyboard_teleop.egg-info/SOURCES.txt'
writing manifest file '../../build/keyboard_teleop/keyboard_teleop.egg-info/SOURCES.txt'
running build
running build_py
creating /home/dawid/ros2_unity_ws/build/keyboard_teleop/build
creating /home/dawid/ros2_unity_ws/build/keyboard_teleop/build/lib
creating /home/dawid/ros2_unity_ws/build/keyboard_teleop/build/lib/keyboard_teleop
copying keyboard_teleop/__init__.py -> /home/dawid/ros2_unity_ws/build/keyboard_teleop/build/lib/keyboard_teleop
copying keyboard_teleop/keyboard_teleop.py -> /home/dawid/ros2_unity_ws/build/keyboard_teleop/build/lib/keyboard_teleop
running install
running install_lib
creating /home/dawid/ros2_unity_ws/install/keyboard_teleop/lib/python3.10/site-packages/keyboard_teleop
copying /home/dawid/ros2_unity_ws/build/keyboard_teleop/build/lib/keyboard_teleop/__init__.py -> /home/dawid/ros2_unity_ws/install/keyboard_teleop/lib/python3.10/site-packages/keyboard_teleop
copying /home/dawid/ros2_unity_ws/build/keyboard_teleop/build/lib/keyboard_teleop/keyboard_teleop.py -> /home/dawid/ros2_unity_ws/install/keyboard_teleop/lib/python3.10/site-packages/keyboard_teleop
byte-compiling /home/dawid/ros2_unity_ws/install/keyboard_teleop/lib/python3.10/site-packages/keyboard_teleop/__init__.py to __init__.cpython-310.pyc
byte-compiling /home/dawid/ros2_unity_ws/install/keyboard_teleop/lib/python3.10/site-packages/keyboard_teleop/keyboard_teleop.py to keyboard_teleop.cpython-310.pyc
running install_data
copying resource/keyboard_teleop -> /home/dawid/ros2_unity_ws/install/keyboard_teleop/share/ament_index/resource_index/packages
copying package.xml -> /home/dawid/ros2_unity_ws/install/keyboard_teleop/share/keyboard_teleop
running install_egg_info
Copying ../../build/keyboard_teleop/keyboard_teleop.egg-info to /home/dawid/ros2_unity_ws/install/keyboard_teleop/lib/python3.10/site-packages/keyboard_teleop-0.0.0-py3.10.egg-info
running install_scripts
Installing keyboard_teleop script to /home/dawid/ros2_unity_ws/install/keyboard_teleop/lib/keyboard_teleop
writing list of installed files to '/home/dawid/ros2_unity_ws/build/keyboard_teleop/install.log'
