[2.001s] Invoking command in '/home/dawid/ros2_unity_ws/build/keyboard_teleop': PYTHONPATH=/home/dawid/ros2_unity_ws/build/keyboard_teleop/prefix_override:/usr/lib/python3/dist-packages/colcon_core/task/python/colcon_distutils_commands:/home/dawid/ros2_unity_ws/install/keyboard_teleop/lib/python3.10/site-packages:${PYTHONPATH} /usr/bin/python3 -W ignore:setup.py install is deprecated -W ignore:easy_install command is deprecated setup.py develop --uninstall --editable --build-directory /home/dawid/ros2_unity_ws/build/keyboard_teleop/build
[2.412s] running develop
[2.715s] Removing /home/dawid/ros2_unity_ws/install/keyboard_teleop/lib/python3.10/site-packages/keyboard-teleop.egg-link (link to .)
[2.796s] Invoked command in '/home/dawid/ros2_unity_ws/build/keyboard_teleop' returned '0': PYTHONPATH=/home/dawid/ros2_unity_ws/build/keyboard_teleop/prefix_override:/usr/lib/python3/dist-packages/colcon_core/task/python/colcon_distutils_commands:/home/dawid/ros2_unity_ws/install/keyboard_teleop/lib/python3.10/site-packages:${PYTHONPATH} /usr/bin/python3 -W ignore:setup.py install is deprecated -W ignore:easy_install command is deprecated setup.py develop --uninstall --editable --build-directory /home/dawid/ros2_unity_ws/build/keyboard_teleop/build
[2.797s] Invoking command in '/home/dawid/ros2_unity_ws/src/keyboard_teleop': PYTHONPATH=/home/dawid/ros2_unity_ws/build/keyboard_teleop/prefix_override:/usr/lib/python3/dist-packages/colcon_core/task/python/colcon_distutils_commands:/home/dawid/ros2_unity_ws/install/keyboard_teleop/lib/python3.10/site-packages:${PYTHONPATH} /usr/bin/python3 -W ignore:setup.py install is deprecated -W ignore:easy_install command is deprecated setup.py egg_info --egg-base ../../build/keyboard_teleop build --build-base /home/dawid/ros2_unity_ws/build/keyboard_teleop/build install --record /home/dawid/ros2_unity_ws/build/keyboard_teleop/install.log --single-version-externally-managed install_data --force
[3.251s] running egg_info
[3.271s] writing ../../build/keyboard_teleop/keyboard_teleop.egg-info/PKG-INFO
[3.271s] writing dependency_links to ../../build/keyboard_teleop/keyboard_teleop.egg-info/dependency_links.txt
[3.271s] writing entry points to ../../build/keyboard_teleop/keyboard_teleop.egg-info/entry_points.txt
[3.271s] writing requirements to ../../build/keyboard_teleop/keyboard_teleop.egg-info/requires.txt
[3.271s] writing top-level names to ../../build/keyboard_teleop/keyboard_teleop.egg-info/top_level.txt
[3.354s] [2;36m[11/02/25 19:05:44][0m[2;36m [0m[1;31mERROR   [0m listing git files failed - pretending     ]8;id=572039;file:///home/dawid/.local/lib/python3.10/site-packages/setuptools_scm/_file_finders/git.py\[2mgit.py[0m]8;;\[2m:[0m]8;id=648918;file:///home/dawid/.local/lib/python3.10/site-packages/setuptools_scm/_file_finders/git.py#26\[2m26[0m]8;;\
[3.354s] [2;36m                    [0m         there aren't any                          [2m         [0m
[3.354s] reading manifest file '../../build/keyboard_teleop/keyboard_teleop.egg-info/SOURCES.txt'
[3.355s] writing manifest file '../../build/keyboard_teleop/keyboard_teleop.egg-info/SOURCES.txt'
[3.355s] running build
[3.355s] running build_py
[3.355s] creating /home/dawid/ros2_unity_ws/build/keyboard_teleop/build
[3.356s] creating /home/dawid/ros2_unity_ws/build/keyboard_teleop/build/lib
[3.356s] creating /home/dawid/ros2_unity_ws/build/keyboard_teleop/build/lib/keyboard_teleop
[3.356s] copying keyboard_teleop/__init__.py -> /home/dawid/ros2_unity_ws/build/keyboard_teleop/build/lib/keyboard_teleop
[3.356s] copying keyboard_teleop/keyboard_teleop.py -> /home/dawid/ros2_unity_ws/build/keyboard_teleop/build/lib/keyboard_teleop
[3.356s] running install
[3.360s] running install_lib
[3.379s] creating /home/dawid/ros2_unity_ws/install/keyboard_teleop/lib/python3.10/site-packages/keyboard_teleop
[3.380s] copying /home/dawid/ros2_unity_ws/build/keyboard_teleop/build/lib/keyboard_teleop/__init__.py -> /home/dawid/ros2_unity_ws/install/keyboard_teleop/lib/python3.10/site-packages/keyboard_teleop
[3.380s] copying /home/dawid/ros2_unity_ws/build/keyboard_teleop/build/lib/keyboard_teleop/keyboard_teleop.py -> /home/dawid/ros2_unity_ws/install/keyboard_teleop/lib/python3.10/site-packages/keyboard_teleop
[3.380s] byte-compiling /home/dawid/ros2_unity_ws/install/keyboard_teleop/lib/python3.10/site-packages/keyboard_teleop/__init__.py to __init__.cpython-310.pyc
[3.381s] byte-compiling /home/dawid/ros2_unity_ws/install/keyboard_teleop/lib/python3.10/site-packages/keyboard_teleop/keyboard_teleop.py to keyboard_teleop.cpython-310.pyc
[3.381s] running install_data
[3.382s] copying resource/keyboard_teleop -> /home/dawid/ros2_unity_ws/install/keyboard_teleop/share/ament_index/resource_index/packages
[3.383s] copying package.xml -> /home/dawid/ros2_unity_ws/install/keyboard_teleop/share/keyboard_teleop
[3.383s] running install_egg_info
[3.401s] Copying ../../build/keyboard_teleop/keyboard_teleop.egg-info to /home/dawid/ros2_unity_ws/install/keyboard_teleop/lib/python3.10/site-packages/keyboard_teleop-0.0.0-py3.10.egg-info
[3.403s] running install_scripts
[3.491s] Installing keyboard_teleop script to /home/dawid/ros2_unity_ws/install/keyboard_teleop/lib/keyboard_teleop
[3.492s] writing list of installed files to '/home/dawid/ros2_unity_ws/build/keyboard_teleop/install.log'
[3.556s] Invoked command in '/home/dawid/ros2_unity_ws/src/keyboard_teleop' returned '0': PYTHONPATH=/home/dawid/ros2_unity_ws/build/keyboard_teleop/prefix_override:/usr/lib/python3/dist-packages/colcon_core/task/python/colcon_distutils_commands:/home/dawid/ros2_unity_ws/install/keyboard_teleop/lib/python3.10/site-packages:${PYTHONPATH} /usr/bin/python3 -W ignore:setup.py install is deprecated -W ignore:easy_install command is deprecated setup.py egg_info --egg-base ../../build/keyboard_teleop build --build-base /home/dawid/ros2_unity_ws/build/keyboard_teleop/build install --record /home/dawid/ros2_unity_ws/build/keyboard_teleop/install.log --single-version-externally-managed install_data --force
