[2.378s] Invoking command in '/home/dawid/ros2_unity_ws/src/description': PYTHONPATH=/home/dawid/ros2_unity_ws/build/description/prefix_override:/usr/lib/python3/dist-packages/colcon_core/task/python/colcon_distutils_commands:/home/dawid/ros2_unity_ws/install/description/lib/python3.10/site-packages:${PYTHONPATH} /usr/bin/python3 -W ignore:setup.py install is deprecated -W ignore:easy_install command is deprecated setup.py egg_info --egg-base ../../build/description build --build-base /home/dawid/ros2_unity_ws/build/description/build install --record /home/dawid/ros2_unity_ws/build/description/install.log --single-version-externally-managed install_data
[2.839s] running egg_info
[2.859s] writing ../../build/description/description.egg-info/PKG-INFO
[2.859s] writing dependency_links to ../../build/description/description.egg-info/dependency_links.txt
[2.859s] writing requirements to ../../build/description/description.egg-info/requires.txt
[2.860s] writing top-level names to ../../build/description/description.egg-info/top_level.txt
[2.944s] [2;36m[11/29/25 19:26:11][0m[2;36m [0m[1;31mERROR   [0m listing git   ]8;id=6102;file:///home/dawid/.local/lib/python3.10/site-packages/setuptools_scm/_file_finders/git.py\[2mgit.py[0m]8;;\[2m:[0m]8;id=142053;file:///home/dawid/.local/lib/python3.10/site-packages/setuptools_scm/_file_finders/git.py#26\[2m26[0m]8;;\
[2.944s] [2;36m                    [0m         files failed  [2m         [0m
[2.944s] [2;36m                    [0m         - pretending  [2m         [0m
[2.944s] [2;36m                    [0m         there aren't  [2m         [0m
[2.944s] [2;36m                    [0m         any           [2m         [0m
[2.944s] reading manifest file '../../build/description/description.egg-info/SOURCES.txt'
[2.945s] writing manifest file '../../build/description/description.egg-info/SOURCES.txt'
[2.945s] running build
[2.945s] running build_py
[2.945s] running install
[2.949s] running install_lib
[2.969s] running install_data
[2.969s] running install_egg_info
[2.988s] removing '/home/dawid/ros2_unity_ws/install/description/lib/python3.10/site-packages/description-0.0.0-py3.10.egg-info' (and everything under it)
[2.989s] Copying ../../build/description/description.egg-info to /home/dawid/ros2_unity_ws/install/description/lib/python3.10/site-packages/description-0.0.0-py3.10.egg-info
[2.989s] running install_scripts
[3.081s] writing list of installed files to '/home/dawid/ros2_unity_ws/build/description/install.log'
[3.149s] Invoked command in '/home/dawid/ros2_unity_ws/src/description' returned '0': PYTHONPATH=/home/dawid/ros2_unity_ws/build/description/prefix_override:/usr/lib/python3/dist-packages/colcon_core/task/python/colcon_distutils_commands:/home/dawid/ros2_unity_ws/install/description/lib/python3.10/site-packages:${PYTHONPATH} /usr/bin/python3 -W ignore:setup.py install is deprecated -W ignore:easy_install command is deprecated setup.py egg_info --egg-base ../../build/description build --build-base /home/dawid/ros2_unity_ws/build/description/build install --record /home/dawid/ros2_unity_ws/build/description/install.log --single-version-externally-managed install_data
